;/////////////////////////////////////////////////////////////////////////////////
;// Code Generator: BoostC Compiler - http://www.sourceboost.com
;// Version       : 7.20
;// License Type  : Pro License
;// Limitations   : PIC18 max code size:Unlimited, max RAM banks:Unlimited
;/////////////////////////////////////////////////////////////////////////////////

	ORG 0x00000000
0000  EFACF004  	GOTO	_startup
	ORG 0x00000008
0008  EFFDF004  	GOTO	interrupt
	ORG 0x0000000C
000C            delay_ms_00000
000C            ; { delay_ms ; function begin
000C  5250      	MOVF delay_ms_00000_arg_del, F
000E  0000      	NOP
0010  E101      	BNZ	label1
0012  0012      	RETURN
0014            label1
0014  0EF5      	MOVLW 0xF5
0016            label2
0016  0000      	NOP
0018  0000      	NOP
001A  0000      	NOP
001C  0000      	NOP
001E  0000      	NOP
0020  0000      	NOP
0022  0000      	NOP
0024  0000      	NOP
0026  0000      	NOP
0028  0000      	NOP
002A  0000      	NOP
002C  0000      	NOP
002E  0000      	NOP
0030  0000      	NOP
0032  0000      	NOP
0034  0000      	NOP
0036  0FFF      	ADDLW 0xFF
0038  A4D8      	BTFSS STATUS,Z
003A  D7ED      	BRA	label2
003C  0000      	NOP
003E  0000      	NOP
0040  0000      	NOP
0042  0000      	NOP
0044  0000      	NOP
0046  0000      	NOP
0048  0000      	NOP
004A  0000      	NOP
004C  0000      	NOP
004E  0000      	NOP
0050  0000      	NOP
0052  0000      	NOP
0054  0000      	NOP
0056  2E50      	DECFSZ delay_ms_00000_arg_del, F
0058  D7DD      	BRA	label1
005A  0012      	RETURN
005C            ; } delay_ms function end

	ORG 0x0000005C
005C            delay_us_00000
005C            ; { delay_us ; function begin
005C            label3
005C  0000      	NOP
005E  0000      	NOP
0060  2E4F      	DECFSZ delay_us_00000_arg_del, F
0062  D7FC      	BRA	label3
0064  0012      	RETURN
0066            ; } delay_us function end

	ORG 0x00000066
0066            delay_s_00000
0066            ; { delay_s ; function begin
0066            label4
0066  0EFA      	MOVLW 0xFA
0068  6E50      	MOVWF delay_ms_00000_arg_del
006A  EC06F000  	CALL delay_ms_00000
006E  0EFA      	MOVLW 0xFA
0070  6E50      	MOVWF delay_ms_00000_arg_del
0072  EC06F000  	CALL delay_ms_00000
0076  0EFA      	MOVLW 0xFA
0078  6E50      	MOVWF delay_ms_00000_arg_del
007A  EC06F000  	CALL delay_ms_00000
007E  0EFA      	MOVLW 0xFA
0080  6E50      	MOVWF delay_ms_00000_arg_del
0082  EC06F000  	CALL delay_ms_00000
0086  2E4F      	DECFSZ delay_s_00000_arg_del, F
0088  D7EE      	BRA	label4
008A  0012      	RETURN
008C            ; } delay_s function end

	ORG 0x0000008C
008C            FC_CAL_UAR_00073
008C            ; { FC_CAL_UART_Send_1 ; function begin
008C            label5
008C  0E10      	MOVLW 0x10
008E  149E      	ANDWF gbl_pir1, W
0090  6E5F      	MOVWF CompTempVar2738
0092  525F      	MOVF CompTempVar2738, F
0094  E0FB      	BZ	label5
0096  505D      	MOVF FC_CAL_UAR_00073_arg_nChar, W
0098  6EAD      	MOVWF gbl_txreg
009A  0012      	RETURN
009C            ; } FC_CAL_UART_Send_1 function end

	ORG 0x0000009C
009C            FC_CAL_UAR_00072
009C            ; { FC_CAL_UART_Receive_1 ; function begin
009C  685E      	SETF FC_CAL_UAR_00072_1_retVal
009E  6A5F      	CLRF FC_CAL_UAR_00072_1_delay1
00A0  6A60      	CLRF FC_CAL_UAR_00072_1_regcheck
00A2  6A61      	CLRF FC_CAL_UAR_00072_1_bWaitForever
00A4  6A62      	CLRF FC_CAL_UAR_00072_1_rxStatus
00A6  6A65      	CLRF FC_CAL_UAR_00072_1_dummy
00A8  285D      	INCF FC_CAL_UAR_00072_arg_nTimeout, W
00AA  E102      	BNZ	label6
00AC  0E01      	MOVLW 0x01
00AE  6E61      	MOVWF FC_CAL_UAR_00072_1_bWaitForever
00B0            label6
00B0  5262      	MOVF FC_CAL_UAR_00072_1_rxStatus, F
00B2  E124      	BNZ	label11
00B4  5261      	MOVF FC_CAL_UAR_00072_1_bWaitForever, F
00B6  E118      	BNZ	label10
00B8  525D      	MOVF FC_CAL_UAR_00072_arg_nTimeout, F
00BA  E103      	BNZ	label7
00BC  0E01      	MOVLW 0x01
00BE  6E62      	MOVWF FC_CAL_UAR_00072_1_rxStatus
00C0  D013      	BRA	label10
00C2            label7
00C2  6A63      	CLRF FC_CAL_UAR_00072_1_delaycnt
00C4  6A64      	CLRF FC_CAL_UAR_00072_1_delaycnt+D'1'
00C6            label8
00C6  0E31      	MOVLW 0x31
00C8  5C63      	SUBWF FC_CAL_UAR_00072_1_delaycnt, W
00CA  E205      	BC	label9
00CC  6664      	TSTFSZ FC_CAL_UAR_00072_1_delaycnt+D'1'
00CE  D003      	BRA	label9
00D0  4A63      	INFSNZ FC_CAL_UAR_00072_1_delaycnt, F
00D2  2A64      	INCF FC_CAL_UAR_00072_1_delaycnt+D'1', F
00D4  D7F8      	BRA	label8
00D6            label9
00D6  285F      	INCF FC_CAL_UAR_00072_1_delay1, W
00D8  6E5F      	MOVWF FC_CAL_UAR_00072_1_delay1
00DA  0E64      	MOVLW 0x64
00DC  625F      	CPFSEQ FC_CAL_UAR_00072_1_delay1
00DE  D004      	BRA	label10
00E0  045D      	DECF FC_CAL_UAR_00072_arg_nTimeout, W
00E2  6E5D      	MOVWF FC_CAL_UAR_00072_arg_nTimeout
00E4  0004      	CLRWDT
00E6  6A5F      	CLRF FC_CAL_UAR_00072_1_delay1
00E8            label10
00E8  0E20      	MOVLW 0x20
00EA  149E      	ANDWF gbl_pir1, W
00EC  6E66      	MOVWF CompTempVar2735
00EE  5066      	MOVF CompTempVar2735, W
00F0  6E60      	MOVWF FC_CAL_UAR_00072_1_regcheck
00F2  5260      	MOVF FC_CAL_UAR_00072_1_regcheck, F
00F4  E0DD      	BZ	label6
00F6  0E02      	MOVLW 0x02
00F8  6E62      	MOVWF FC_CAL_UAR_00072_1_rxStatus
00FA  D7DA      	BRA	label6
00FC            label11
00FC  0E02      	MOVLW 0x02
00FE  6262      	CPFSEQ FC_CAL_UAR_00072_1_rxStatus
0100  D018      	BRA	label14
0102  0E04      	MOVLW 0x04
0104  14AB      	ANDWF gbl_rcsta, W
0106  6E66      	MOVWF CompTempVar2736
0108  5066      	MOVF CompTempVar2736, W
010A  6E60      	MOVWF FC_CAL_UAR_00072_1_regcheck
010C  5260      	MOVF FC_CAL_UAR_00072_1_regcheck, F
010E  E003      	BZ	label12
0110  50AE      	MOVF gbl_rcreg, W
0112  6E65      	MOVWF FC_CAL_UAR_00072_1_dummy
0114  D00E      	BRA	label14
0116            label12
0116  0E02      	MOVLW 0x02
0118  14AB      	ANDWF gbl_rcsta, W
011A  6E66      	MOVWF CompTempVar2737
011C  5066      	MOVF CompTempVar2737, W
011E  6E60      	MOVWF FC_CAL_UAR_00072_1_regcheck
0120  5260      	MOVF FC_CAL_UAR_00072_1_regcheck, F
0122  E003      	BZ	label13
0124  98AB      	BCF gbl_rcsta,4
0126  88AB      	BSF gbl_rcsta,4
0128  D004      	BRA	label14
012A            label13
012A  6A5E      	CLRF FC_CAL_UAR_00072_1_retVal
012C  50AE      	MOVF gbl_rcreg, W
012E  105E      	IORWF FC_CAL_UAR_00072_1_retVal, W
0130  6E5E      	MOVWF FC_CAL_UAR_00072_1_retVal
0132            label14
0132  505E      	MOVF FC_CAL_UAR_00072_1_retVal, W
0134  6E66      	MOVWF CompTempVarRet2734
0136  6A67      	CLRF CompTempVarRet2734+D'1'
0138  0012      	RETURN
013A            ; } FC_CAL_UART_Receive_1 function end

	ORG 0x0000013A
013A            FC_CAL_UAR_00071
013A            ; { FC_CAL_UART_Uninit_1 ; function begin
013A  6AAB      	CLRF gbl_rcsta
013C  6AAC      	CLRF gbl_txsta
013E  0012      	RETURN
0140            ; } FC_CAL_UART_Uninit_1 function end

	ORG 0x00000140
0140            FCD_0f051__00067
0140            ; { FCD_0f051_gLCD_EB076_4D1__DrawRectangle ; function begin
0140  525B      	MOVF FCD_0f051__00067_arg_FCL_T_00068, F
0142  E14D      	BNZ	label15
0144  525C      	MOVF FCD_0f051__00067_arg_FCL_SOLID, F
0146  E14B      	BNZ	label15
0148  0E70      	MOVLW 0x70
014A  6E5D      	MOVWF FC_CAL_UAR_00073_arg_nChar
014C  6A5E      	CLRF FC_CAL_UAR_00073_arg_nChar+D'1'
014E  EC46F000  	CALL FC_CAL_UAR_00073
0152  6A5D      	CLRF FC_CAL_UAR_00073_arg_nChar
0154  6A5E      	CLRF FC_CAL_UAR_00073_arg_nChar+D'1'
0156  EC46F000  	CALL FC_CAL_UAR_00073
015A  685D      	SETF FC_CAL_UAR_00072_arg_nTimeout
015C  EC4EF000  	CALL FC_CAL_UAR_00072
0160  0E72      	MOVLW 0x72
0162  6E5D      	MOVWF FC_CAL_UAR_00073_arg_nChar
0164  6A5E      	CLRF FC_CAL_UAR_00073_arg_nChar+D'1'
0166  EC46F000  	CALL FC_CAL_UAR_00073
016A  5054      	MOVF FCD_0f051__00067_arg_FCL_X1+D'1', W
016C  6E5D      	MOVWF FC_CAL_UAR_00073_arg_nChar
016E  6A5E      	CLRF FC_CAL_UAR_00073_arg_nChar+D'1'
0170  EC46F000  	CALL FC_CAL_UAR_00073
0174  5053      	MOVF FCD_0f051__00067_arg_FCL_X1, W
0176  6E5D      	MOVWF FC_CAL_UAR_00073_arg_nChar
0178  5054      	MOVF FCD_0f051__00067_arg_FCL_X1+D'1', W
017A  6E5E      	MOVWF FC_CAL_UAR_00073_arg_nChar+D'1'
017C  EC46F000  	CALL FC_CAL_UAR_00073
0180  5056      	MOVF FCD_0f051__00067_arg_FCL_Y1+D'1', W
0182  6E5D      	MOVWF FC_CAL_UAR_00073_arg_nChar
0184  6A5E      	CLRF FC_CAL_UAR_00073_arg_nChar+D'1'
0186  EC46F000  	CALL FC_CAL_UAR_00073
018A  5055      	MOVF FCD_0f051__00067_arg_FCL_Y1, W
018C  6E5D      	MOVWF FC_CAL_UAR_00073_arg_nChar
018E  5056      	MOVF FCD_0f051__00067_arg_FCL_Y1+D'1', W
0190  6E5E      	MOVWF FC_CAL_UAR_00073_arg_nChar+D'1'
0192  EC46F000  	CALL FC_CAL_UAR_00073
0196  5058      	MOVF FCD_0f051__00067_arg_FCL_X2+D'1', W
0198  6E5D      	MOVWF FC_CAL_UAR_00073_arg_nChar
019A  6A5E      	CLRF FC_CAL_UAR_00073_arg_nChar+D'1'
019C  EC46F000  	CALL FC_CAL_UAR_00073
01A0  5057      	MOVF FCD_0f051__00067_arg_FCL_X2, W
01A2  6E5D      	MOVWF FC_CAL_UAR_00073_arg_nChar
01A4  5058      	MOVF FCD_0f051__00067_arg_FCL_X2+D'1', W
01A6  6E5E      	MOVWF FC_CAL_UAR_00073_arg_nChar+D'1'
01A8  EC46F000  	CALL FC_CAL_UAR_00073
01AC  505A      	MOVF FCD_0f051__00067_arg_FCL_Y2+D'1', W
01AE  6E5D      	MOVWF FC_CAL_UAR_00073_arg_nChar
01B0  6A5E      	CLRF FC_CAL_UAR_00073_arg_nChar+D'1'
01B2  EC46F000  	CALL FC_CAL_UAR_00073
01B6  5059      	MOVF FCD_0f051__00067_arg_FCL_Y2, W
01B8  6E5D      	MOVWF FC_CAL_UAR_00073_arg_nChar
01BA  505A      	MOVF FCD_0f051__00067_arg_FCL_Y2+D'1', W
01BC  6E5E      	MOVWF FC_CAL_UAR_00073_arg_nChar+D'1'
01BE  EC46F000  	CALL FC_CAL_UAR_00073
01C2  502E      	MOVF gbl_FCV_0f051_gLCD_EB076_4_0000C+D'1', W
01C4  6E5D      	MOVWF FC_CAL_UAR_00073_arg_nChar
01C6  6A5E      	CLRF FC_CAL_UAR_00073_arg_nChar+D'1'
01C8  EC46F000  	CALL FC_CAL_UAR_00073
01CC  502D      	MOVF gbl_FCV_0f051_gLCD_EB076_4_0000C, W
01CE  6E5D      	MOVWF FC_CAL_UAR_00073_arg_nChar
01D0  502E      	MOVF gbl_FCV_0f051_gLCD_EB076_4_0000C+D'1', W
01D2  6E5E      	MOVWF FC_CAL_UAR_00073_arg_nChar+D'1'
01D4  EC46F000  	CALL FC_CAL_UAR_00073
01D8  685D      	SETF FC_CAL_UAR_00072_arg_nTimeout
01DA  EC4EF000  	CALL FC_CAL_UAR_00072
01DE            label15
01DE  0E70      	MOVLW 0x70
01E0  6E5D      	MOVWF FC_CAL_UAR_00073_arg_nChar
01E2  6A5E      	CLRF FC_CAL_UAR_00073_arg_nChar+D'1'
01E4  EC46F000  	CALL FC_CAL_UAR_00073
01E8  525C      	MOVF FCD_0f051__00067_arg_FCL_SOLID, F
01EA  E005      	BZ	label16
01EC  6A5D      	CLRF FC_CAL_UAR_00073_arg_nChar
01EE  6A5E      	CLRF FC_CAL_UAR_00073_arg_nChar+D'1'
01F0  EC46F000  	CALL FC_CAL_UAR_00073
01F4  D005      	BRA	label17
01F6            label16
01F6  0E01      	MOVLW 0x01
01F8  6E5D      	MOVWF FC_CAL_UAR_00073_arg_nChar
01FA  6A5E      	CLRF FC_CAL_UAR_00073_arg_nChar+D'1'
01FC  EC46F000  	CALL FC_CAL_UAR_00073
0200            label17
0200  685D      	SETF FC_CAL_UAR_00072_arg_nTimeout
0202  EC4EF000  	CALL FC_CAL_UAR_00072
0206  0E72      	MOVLW 0x72
0208  6E5D      	MOVWF FC_CAL_UAR_00073_arg_nChar
020A  6A5E      	CLRF FC_CAL_UAR_00073_arg_nChar+D'1'
020C  EC46F000  	CALL FC_CAL_UAR_00073
0210  5054      	MOVF FCD_0f051__00067_arg_FCL_X1+D'1', W
0212  6E5D      	MOVWF FC_CAL_UAR_00073_arg_nChar
0214  6A5E      	CLRF FC_CAL_UAR_00073_arg_nChar+D'1'
0216  EC46F000  	CALL FC_CAL_UAR_00073
021A  5053      	MOVF FCD_0f051__00067_arg_FCL_X1, W
021C  6E5D      	MOVWF FC_CAL_UAR_00073_arg_nChar
021E  5054      	MOVF FCD_0f051__00067_arg_FCL_X1+D'1', W
0220  6E5E      	MOVWF FC_CAL_UAR_00073_arg_nChar+D'1'
0222  EC46F000  	CALL FC_CAL_UAR_00073
0226  5056      	MOVF FCD_0f051__00067_arg_FCL_Y1+D'1', W
0228  6E5D      	MOVWF FC_CAL_UAR_00073_arg_nChar
022A  6A5E      	CLRF FC_CAL_UAR_00073_arg_nChar+D'1'
022C  EC46F000  	CALL FC_CAL_UAR_00073
0230  5055      	MOVF FCD_0f051__00067_arg_FCL_Y1, W
0232  6E5D      	MOVWF FC_CAL_UAR_00073_arg_nChar
0234  5056      	MOVF FCD_0f051__00067_arg_FCL_Y1+D'1', W
0236  6E5E      	MOVWF FC_CAL_UAR_00073_arg_nChar+D'1'
0238  EC46F000  	CALL FC_CAL_UAR_00073
023C  5058      	MOVF FCD_0f051__00067_arg_FCL_X2+D'1', W
023E  6E5D      	MOVWF FC_CAL_UAR_00073_arg_nChar
0240  6A5E      	CLRF FC_CAL_UAR_00073_arg_nChar+D'1'
0242  EC46F000  	CALL FC_CAL_UAR_00073
0246  5057      	MOVF FCD_0f051__00067_arg_FCL_X2, W
0248  6E5D      	MOVWF FC_CAL_UAR_00073_arg_nChar
024A  5058      	MOVF FCD_0f051__00067_arg_FCL_X2+D'1', W
024C  6E5E      	MOVWF FC_CAL_UAR_00073_arg_nChar+D'1'
024E  EC46F000  	CALL FC_CAL_UAR_00073
0252  505A      	MOVF FCD_0f051__00067_arg_FCL_Y2+D'1', W
0254  6E5D      	MOVWF FC_CAL_UAR_00073_arg_nChar
0256  6A5E      	CLRF FC_CAL_UAR_00073_arg_nChar+D'1'
0258  EC46F000  	CALL FC_CAL_UAR_00073
025C  5059      	MOVF FCD_0f051__00067_arg_FCL_Y2, W
025E  6E5D      	MOVWF FC_CAL_UAR_00073_arg_nChar
0260  505A      	MOVF FCD_0f051__00067_arg_FCL_Y2+D'1', W
0262  6E5E      	MOVWF FC_CAL_UAR_00073_arg_nChar+D'1'
0264  EC46F000  	CALL FC_CAL_UAR_00073
0268  5030      	MOVF gbl_FCV_0f051_gLCD_EB076_4_0000D+D'1', W
026A  6E5D      	MOVWF FC_CAL_UAR_00073_arg_nChar
026C  6A5E      	CLRF FC_CAL_UAR_00073_arg_nChar+D'1'
026E  EC46F000  	CALL FC_CAL_UAR_00073
0272  502F      	MOVF gbl_FCV_0f051_gLCD_EB076_4_0000D, W
0274  6E5D      	MOVWF FC_CAL_UAR_00073_arg_nChar
0276  5030      	MOVF gbl_FCV_0f051_gLCD_EB076_4_0000D+D'1', W
0278  6E5E      	MOVWF FC_CAL_UAR_00073_arg_nChar+D'1'
027A  EC46F000  	CALL FC_CAL_UAR_00073
027E  685D      	SETF FC_CAL_UAR_00072_arg_nTimeout
0280  EC4EF000  	CALL FC_CAL_UAR_00072
0284  0012      	RETURN
0286            ; } FCD_0f051_gLCD_EB076_4D1__DrawRectangle function end

	ORG 0x00000286
0286            FCD_0f051__00066
0286            ; { FCD_0f051_gLCD_EB076_4D1__SetForegroundColour ; function begin
0286  3253      	RRCF FCD_0f051__00066_arg_FCL_RED, F
0288  3253      	RRCF FCD_0f051__00066_arg_FCL_RED, F
028A  3253      	RRCF FCD_0f051__00066_arg_FCL_RED, F
028C  0E1F      	MOVLW 0x1F
028E  1653      	ANDWF FCD_0f051__00066_arg_FCL_RED, F
0290  3254      	RRCF FCD_0f051__00066_arg_FCL_GREEN, F
0292  3254      	RRCF FCD_0f051__00066_arg_FCL_GREEN, F
0294  0E3F      	MOVLW 0x3F
0296  1654      	ANDWF FCD_0f051__00066_arg_FCL_GREEN, F
0298  3255      	RRCF FCD_0f051__00066_arg_FCL_BLUE, F
029A  3255      	RRCF FCD_0f051__00066_arg_FCL_BLUE, F
029C  3255      	RRCF FCD_0f051__00066_arg_FCL_BLUE, F
029E  0E1F      	MOVLW 0x1F
02A0  1655      	ANDWF FCD_0f051__00066_arg_FCL_BLUE, F
02A2  5054      	MOVF FCD_0f051__00066_arg_FCL_GREEN, W
02A4  6E56      	MOVWF CompTempVar2684
02A6  6A30      	CLRF gbl_FCV_0f051_gLCD_EB076_4_0000D+D'1'
02A8  3656      	RLCF CompTempVar2684, F
02AA  3630      	RLCF gbl_FCV_0f051_gLCD_EB076_4_0000D+D'1', F
02AC  3656      	RLCF CompTempVar2684, F
02AE  3630      	RLCF gbl_FCV_0f051_gLCD_EB076_4_0000D+D'1', F
02B0  3656      	RLCF CompTempVar2684, F
02B2  3630      	RLCF gbl_FCV_0f051_gLCD_EB076_4_0000D+D'1', F
02B4  3656      	RLCF CompTempVar2684, F
02B6  3630      	RLCF gbl_FCV_0f051_gLCD_EB076_4_0000D+D'1', F
02B8  3656      	RLCF CompTempVar2684, F
02BA  3630      	RLCF gbl_FCV_0f051_gLCD_EB076_4_0000D+D'1', F
02BC  0EE0      	MOVLW 0xE0
02BE  1656      	ANDWF CompTempVar2684, F
02C0  5056      	MOVF CompTempVar2684, W
02C2  1055      	IORWF FCD_0f051__00066_arg_FCL_BLUE, W
02C4  6E2F      	MOVWF gbl_FCV_0f051_gLCD_EB076_4_0000D
02C6  6A56      	CLRF CompTempVar2688
02C8  5053      	MOVF FCD_0f051__00066_arg_FCL_RED, W
02CA  6E57      	MOVWF CompTempVar2689
02CC  90D8      	BCF STATUS,C
02CE  3657      	RLCF CompTempVar2689, F
02D0  90D8      	BCF STATUS,C
02D2  3657      	RLCF CompTempVar2689, F
02D4  90D8      	BCF STATUS,C
02D6  3657      	RLCF CompTempVar2689, F
02D8  5056      	MOVF CompTempVar2688, W
02DA  122F      	IORWF gbl_FCV_0f051_gLCD_EB076_4_0000D, F
02DC  5057      	MOVF CompTempVar2689, W
02DE  1230      	IORWF gbl_FCV_0f051_gLCD_EB076_4_0000D+D'1', F
02E0  0012      	RETURN
02E2            ; } FCD_0f051_gLCD_EB076_4D1__SetForegroundColour function end

	ORG 0x000002E2
02E2            FC_CAL_UAR_00074
02E2            ; { FC_CAL_UART_Init_1 ; function begin
02E2  84AC      	BSF gbl_txsta,2
02E4  0E7F      	MOVLW 0x7F
02E6  6EAF      	MOVWF gbl_spbrg
02E8  6AAB      	CLRF gbl_rcsta
02EA  8EAB      	BSF gbl_rcsta,7
02EC  8AAC      	BSF gbl_txsta,5
02EE  88AB      	BSF gbl_rcsta,4
02F0  9A9D      	BCF gbl_pie1,5
02F2  0012      	RETURN
02F4            ; } FC_CAL_UART_Init_1 function end

	ORG 0x000002F4
02F4            FC_CAL_UAR_00070
02F4            ; { FC_CAL_UART_UpdateBaud_1 ; function begin
02F4  0E07      	MOVLW 0x07
02F6  644F      	CPFSGT FC_CAL_UAR_00070_arg_new_baud
02F8  D001      	BRA	label18
02FA  0012      	RETURN
02FC            label18
02FC  524F      	MOVF FC_CAL_UAR_00070_arg_new_baud, F
02FE  E104      	BNZ	label19
0300  6850      	SETF FC_CAL_UAR_00070_1_baudrate
0302  0E01      	MOVLW 0x01
0304  6E51      	MOVWF FC_CAL_UAR_00070_1_baudmode
0306  D02F      	BRA	label26
0308            label19
0308  044F      	DECF FC_CAL_UAR_00070_arg_new_baud, W
030A  E105      	BNZ	label20
030C  0E7F      	MOVLW 0x7F
030E  6E50      	MOVWF FC_CAL_UAR_00070_1_baudrate
0310  0E01      	MOVLW 0x01
0312  6E51      	MOVWF FC_CAL_UAR_00070_1_baudmode
0314  D028      	BRA	label26
0316            label20
0316  0E02      	MOVLW 0x02
0318  624F      	CPFSEQ FC_CAL_UAR_00070_arg_new_baud
031A  D003      	BRA	label21
031C  6850      	SETF FC_CAL_UAR_00070_1_baudrate
031E  6A51      	CLRF FC_CAL_UAR_00070_1_baudmode
0320  D022      	BRA	label26
0322            label21
0322  0E03      	MOVLW 0x03
0324  624F      	CPFSEQ FC_CAL_UAR_00070_arg_new_baud
0326  D004      	BRA	label22
0328  0E7F      	MOVLW 0x7F
032A  6E50      	MOVWF FC_CAL_UAR_00070_1_baudrate
032C  6A51      	CLRF FC_CAL_UAR_00070_1_baudmode
032E  D01B      	BRA	label26
0330            label22
0330  0E04      	MOVLW 0x04
0332  624F      	CPFSEQ FC_CAL_UAR_00070_arg_new_baud
0334  D004      	BRA	label23
0336  0E3F      	MOVLW 0x3F
0338  6E50      	MOVWF FC_CAL_UAR_00070_1_baudrate
033A  6A51      	CLRF FC_CAL_UAR_00070_1_baudmode
033C  D014      	BRA	label26
033E            label23
033E  0E05      	MOVLW 0x05
0340  624F      	CPFSEQ FC_CAL_UAR_00070_arg_new_baud
0342  D004      	BRA	label24
0344  0E1F      	MOVLW 0x1F
0346  6E50      	MOVWF FC_CAL_UAR_00070_1_baudrate
0348  6A51      	CLRF FC_CAL_UAR_00070_1_baudmode
034A  D00D      	BRA	label26
034C            label24
034C  0E06      	MOVLW 0x06
034E  624F      	CPFSEQ FC_CAL_UAR_00070_arg_new_baud
0350  D004      	BRA	label25
0352  0E14      	MOVLW 0x14
0354  6E50      	MOVWF FC_CAL_UAR_00070_1_baudrate
0356  6A51      	CLRF FC_CAL_UAR_00070_1_baudmode
0358  D006      	BRA	label26
035A            label25
035A  0E07      	MOVLW 0x07
035C  624F      	CPFSEQ FC_CAL_UAR_00070_arg_new_baud
035E  D003      	BRA	label26
0360  0E0A      	MOVLW 0x0A
0362  6E50      	MOVWF FC_CAL_UAR_00070_1_baudrate
0364  6A51      	CLRF FC_CAL_UAR_00070_1_baudmode
0366            label26
0366  EC9DF000  	CALL FC_CAL_UAR_00071
036A  0451      	DECF FC_CAL_UAR_00070_1_baudmode, W
036C  E102      	BNZ	label27
036E  94AC      	BCF gbl_txsta,2
0370  D001      	BRA	label28
0372            label27
0372  84AC      	BSF gbl_txsta,2
0374            label28
0374  5050      	MOVF FC_CAL_UAR_00070_1_baudrate, W
0376  6EAF      	MOVWF gbl_spbrg
0378  6AAB      	CLRF gbl_rcsta
037A  8EAB      	BSF gbl_rcsta,7
037C  8AAC      	BSF gbl_txsta,5
037E  88AB      	BSF gbl_rcsta,4
0380  9A9D      	BCF gbl_pie1,5
0382  0012      	RETURN
0384            ; } FC_CAL_UART_UpdateBaud_1 function end

	ORG 0x00000384
0384            FC_CAL_Por_00042
0384            ; { FC_CAL_Port_In_DDR__x ; function begin
0384  5052      	MOVF FC_CAL_Por_00042_arg_Tris+D'1', W
0386  6EEA      	MOVWF FSR0H
0388  5051      	MOVF FC_CAL_Por_00042_arg_Tris, W
038A  6EE9      	MOVWF FSR0L
038C  5053      	MOVF FC_CAL_Por_00042_arg_InMask, W
038E  10EF      	IORWF INDF0, W
0390  6E55      	MOVWF CompTempVar1825
0392  5055      	MOVF CompTempVar1825, W
0394  6EEF      	MOVWF INDF0
0396  5050      	MOVF FC_CAL_Por_00042_arg_Port+D'1', W
0398  6EEA      	MOVWF FSR0H
039A  504F      	MOVF FC_CAL_Por_00042_arg_Port, W
039C  6EE9      	MOVWF FSR0L
039E  5053      	MOVF FC_CAL_Por_00042_arg_InMask, W
03A0  14EF      	ANDWF INDF0, W
03A2  6E55      	MOVWF CompTempVarRet1822
03A4  5054      	MOVF FC_CAL_Por_00042_arg_Shift, W
03A6  6E56      	MOVWF CompTempVar1827
03A8            label29
03A8  B4D8      	BTFSC STATUS,Z
03AA  0012      	RETURN
03AC  90D8      	BCF STATUS,C
03AE  3255      	RRCF CompTempVarRet1822, F
03B0  0656      	DECF CompTempVar1827, F
03B2  D7FA      	BRA	label29
03B4            ; } FC_CAL_Port_In_DDR__x function end

	ORG 0x000003B4
03B4            FCM_parame_00065
03B4            ; { FCM_parametres_bateau ; function begin
03B4  0E32      	MOVLW 0x32
03B6  6E53      	MOVWF FCD_0f051__00066_arg_FCL_RED
03B8  6E54      	MOVWF FCD_0f051__00066_arg_FCL_GREEN
03BA  6E55      	MOVWF FCD_0f051__00066_arg_FCL_BLUE
03BC  EC43F001  	CALL FCD_0f051__00066
03C0  504B      	MOVF FCM_parame_00065_arg_FCL_POS_X1, W
03C2  6E53      	MOVWF FCD_0f051__00067_arg_FCL_X1
03C4  504C      	MOVF FCM_parame_00065_arg_FCL_POS_X1+D'1', W
03C6  6E54      	MOVWF FCD_0f051__00067_arg_FCL_X1+D'1'
03C8  504F      	MOVF FCM_parame_00065_arg_FCL_POS_Y1, W
03CA  6E55      	MOVWF FCD_0f051__00067_arg_FCL_Y1
03CC  5050      	MOVF FCM_parame_00065_arg_FCL_POS_Y1+D'1', W
03CE  6E56      	MOVWF FCD_0f051__00067_arg_FCL_Y1+D'1'
03D0  504D      	MOVF FCM_parame_00065_arg_FCL_POS_X2, W
03D2  6E57      	MOVWF FCD_0f051__00067_arg_FCL_X2
03D4  504E      	MOVF FCM_parame_00065_arg_FCL_POS_X2+D'1', W
03D6  6E58      	MOVWF FCD_0f051__00067_arg_FCL_X2+D'1'
03D8  5051      	MOVF FCM_parame_00065_arg_FCL_POS_Y2, W
03DA  6E59      	MOVWF FCD_0f051__00067_arg_FCL_Y2
03DC  5052      	MOVF FCM_parame_00065_arg_FCL_POS_Y2+D'1', W
03DE  6E5A      	MOVWF FCD_0f051__00067_arg_FCL_Y2+D'1'
03E0  6A5B      	CLRF FCD_0f051__00067_arg_FCL_T_00068
03E2  0E01      	MOVLW 0x01
03E4  6E5C      	MOVWF FCD_0f051__00067_arg_FCL_SOLID
03E6  ECA0F000  	CALL FCD_0f051__00067
03EA  0012      	RETURN
03EC            ; } FCM_parametres_bateau function end

	ORG 0x000003EC
03EC            FCD_0f051__0006E
03EC            ; { FCD_0f051_gLCD_EB076_4D1__DrawLine ; function begin
03EC  6A54      	CLRF FCD_0f051__0006E_1_FCL_D1
03EE  6A55      	CLRF FCD_0f051__0006E_1_FCL_D1+D'1'
03F0  0E01      	MOVLW 0x01
03F2  6E56      	MOVWF FCD_0f051__0006E_1_FCL_YINC
03F4  6A57      	CLRF FCD_0f051__0006E_1_FCL_YINC+D'1'
03F6  0E01      	MOVLW 0x01
03F8  6E58      	MOVWF FCD_0f051__0006E_1_FCL_XINC
03FA  6A59      	CLRF FCD_0f051__0006E_1_FCL_XINC+D'1'
03FC  0E4C      	MOVLW 0x4C
03FE  6E5D      	MOVWF FC_CAL_UAR_00073_arg_nChar
0400  6A5E      	CLRF FC_CAL_UAR_00073_arg_nChar+D'1'
0402  EC46F000  	CALL FC_CAL_UAR_00073
0406  504D      	MOVF FCD_0f051__0006E_arg_FCL_X1+D'1', W
0408  6E5D      	MOVWF FC_CAL_UAR_00073_arg_nChar
040A  6A5E      	CLRF FC_CAL_UAR_00073_arg_nChar+D'1'
040C  EC46F000  	CALL FC_CAL_UAR_00073
0410  504C      	MOVF FCD_0f051__0006E_arg_FCL_X1, W
0412  6E5D      	MOVWF FC_CAL_UAR_00073_arg_nChar
0414  504D      	MOVF FCD_0f051__0006E_arg_FCL_X1+D'1', W
0416  6E5E      	MOVWF FC_CAL_UAR_00073_arg_nChar+D'1'
0418  EC46F000  	CALL FC_CAL_UAR_00073
041C  504F      	MOVF FCD_0f051__0006E_arg_FCL_Y1+D'1', W
041E  6E5D      	MOVWF FC_CAL_UAR_00073_arg_nChar
0420  6A5E      	CLRF FC_CAL_UAR_00073_arg_nChar+D'1'
0422  EC46F000  	CALL FC_CAL_UAR_00073
0426  504E      	MOVF FCD_0f051__0006E_arg_FCL_Y1, W
0428  6E5D      	MOVWF FC_CAL_UAR_00073_arg_nChar
042A  504F      	MOVF FCD_0f051__0006E_arg_FCL_Y1+D'1', W
042C  6E5E      	MOVWF FC_CAL_UAR_00073_arg_nChar+D'1'
042E  EC46F000  	CALL FC_CAL_UAR_00073
0432  5051      	MOVF FCD_0f051__0006E_arg_FCL_X2+D'1', W
0434  6E5D      	MOVWF FC_CAL_UAR_00073_arg_nChar
0436  6A5E      	CLRF FC_CAL_UAR_00073_arg_nChar+D'1'
0438  EC46F000  	CALL FC_CAL_UAR_00073
043C  5050      	MOVF FCD_0f051__0006E_arg_FCL_X2, W
043E  6E5D      	MOVWF FC_CAL_UAR_00073_arg_nChar
0440  5051      	MOVF FCD_0f051__0006E_arg_FCL_X2+D'1', W
0442  6E5E      	MOVWF FC_CAL_UAR_00073_arg_nChar+D'1'
0444  EC46F000  	CALL FC_CAL_UAR_00073
0448  5053      	MOVF FCD_0f051__0006E_arg_FCL_Y2+D'1', W
044A  6E5D      	MOVWF FC_CAL_UAR_00073_arg_nChar
044C  6A5E      	CLRF FC_CAL_UAR_00073_arg_nChar+D'1'
044E  EC46F000  	CALL FC_CAL_UAR_00073
0452  5052      	MOVF FCD_0f051__0006E_arg_FCL_Y2, W
0454  6E5D      	MOVWF FC_CAL_UAR_00073_arg_nChar
0456  5053      	MOVF FCD_0f051__0006E_arg_FCL_Y2+D'1', W
0458  6E5E      	MOVWF FC_CAL_UAR_00073_arg_nChar+D'1'
045A  EC46F000  	CALL FC_CAL_UAR_00073
045E  5030      	MOVF gbl_FCV_0f051_gLCD_EB076_4_0000D+D'1', W
0460  6E5D      	MOVWF FC_CAL_UAR_00073_arg_nChar
0462  6A5E      	CLRF FC_CAL_UAR_00073_arg_nChar+D'1'
0464  EC46F000  	CALL FC_CAL_UAR_00073
0468  502F      	MOVF gbl_FCV_0f051_gLCD_EB076_4_0000D, W
046A  6E5D      	MOVWF FC_CAL_UAR_00073_arg_nChar
046C  5030      	MOVF gbl_FCV_0f051_gLCD_EB076_4_0000D+D'1', W
046E  6E5E      	MOVWF FC_CAL_UAR_00073_arg_nChar+D'1'
0470  EC46F000  	CALL FC_CAL_UAR_00073
0474  685D      	SETF FC_CAL_UAR_00072_arg_nTimeout
0476  EC4EF000  	CALL FC_CAL_UAR_00072
047A  0012      	RETURN
047C            ; } FCD_0f051_gLCD_EB076_4D1__DrawLine function end

	ORG 0x0000047C
047C            FCD_0f051__00061
047C            ; { FCD_0f051_gLCD_EB076_4D1__ClearDisplay ; function begin
047C  6A4F      	CLRF FCD_0f051__00061_1_FCL_Y
047E  6A50      	CLRF FCD_0f051__00061_1_FCL_Y+D'1'
0480  6A51      	CLRF FCD_0f051__00061_1_FCL_X
0482  6A52      	CLRF FCD_0f051__00061_1_FCL_X+D'1'
0484  0E42      	MOVLW 0x42
0486  6E5D      	MOVWF FC_CAL_UAR_00073_arg_nChar
0488  6A5E      	CLRF FC_CAL_UAR_00073_arg_nChar+D'1'
048A  EC46F000  	CALL FC_CAL_UAR_00073
048E  502E      	MOVF gbl_FCV_0f051_gLCD_EB076_4_0000C+D'1', W
0490  6E5D      	MOVWF FC_CAL_UAR_00073_arg_nChar
0492  6A5E      	CLRF FC_CAL_UAR_00073_arg_nChar+D'1'
0494  EC46F000  	CALL FC_CAL_UAR_00073
0498  502D      	MOVF gbl_FCV_0f051_gLCD_EB076_4_0000C, W
049A  6E5D      	MOVWF FC_CAL_UAR_00073_arg_nChar
049C  502E      	MOVF gbl_FCV_0f051_gLCD_EB076_4_0000C+D'1', W
049E  6E5E      	MOVWF FC_CAL_UAR_00073_arg_nChar+D'1'
04A0  EC46F000  	CALL FC_CAL_UAR_00073
04A4  685D      	SETF FC_CAL_UAR_00072_arg_nTimeout
04A6  EC4EF000  	CALL FC_CAL_UAR_00072
04AA  0E45      	MOVLW 0x45
04AC  6E5D      	MOVWF FC_CAL_UAR_00073_arg_nChar
04AE  6A5E      	CLRF FC_CAL_UAR_00073_arg_nChar+D'1'
04B0  EC46F000  	CALL FC_CAL_UAR_00073
04B4  685D      	SETF FC_CAL_UAR_00072_arg_nTimeout
04B6  EC4EF000  	CALL FC_CAL_UAR_00072
04BA  0012      	RETURN
04BC            ; } FCD_0f051_gLCD_EB076_4D1__ClearDisplay function end

	ORG 0x000004BC
04BC            FCM_lignes_00000
04BC            ; { FCM_lignes ; function begin
04BC  0E18      	MOVLW 0x18
04BE  6E25      	MOVWF gbl_FCV_X_LIGNE
04C0  6A26      	CLRF gbl_FCV_X_LIGNE+D'1'
04C2  0E18      	MOVLW 0x18
04C4  6E1F      	MOVWF gbl_FCV_Y_LIGNE
04C6  6A20      	CLRF gbl_FCV_Y_LIGNE+D'1'
04C8            label30
04C8  5025      	MOVF gbl_FCV_X_LIGNE, W
04CA  6E4C      	MOVWF FCD_0f051__0006E_arg_FCL_X1
04CC  5026      	MOVF gbl_FCV_X_LIGNE+D'1', W
04CE  6E4D      	MOVWF FCD_0f051__0006E_arg_FCL_X1+D'1'
04D0  6A4E      	CLRF FCD_0f051__0006E_arg_FCL_Y1
04D2  6A4F      	CLRF FCD_0f051__0006E_arg_FCL_Y1+D'1'
04D4  5025      	MOVF gbl_FCV_X_LIGNE, W
04D6  6E50      	MOVWF FCD_0f051__0006E_arg_FCL_X2
04D8  5026      	MOVF gbl_FCV_X_LIGNE+D'1', W
04DA  6E51      	MOVWF FCD_0f051__0006E_arg_FCL_X2+D'1'
04DC  0EF0      	MOVLW 0xF0
04DE  6E52      	MOVWF FCD_0f051__0006E_arg_FCL_Y2
04E0  6A53      	CLRF FCD_0f051__0006E_arg_FCL_Y2+D'1'
04E2  ECF6F001  	CALL FCD_0f051__0006E
04E6  6A4C      	CLRF CompTempVar2675
04E8  0E18      	MOVLW 0x18
04EA  2625      	ADDWF gbl_FCV_X_LIGNE, F
04EC  5026      	MOVF gbl_FCV_X_LIGNE+D'1', W
04EE  224C      	ADDWFC CompTempVar2675, F
04F0  504C      	MOVF CompTempVar2675, W
04F2  6E26      	MOVWF gbl_FCV_X_LIGNE+D'1'
04F4  6A4B      	CLRF CompTempVar2673
04F6  0EF0      	MOVLW 0xF0
04F8  6225      	CPFSEQ gbl_FCV_X_LIGNE
04FA  D003      	BRA	label31
04FC  5026      	MOVF gbl_FCV_X_LIGNE+D'1', W
04FE  B4D8      	BTFSC STATUS,Z
0500  2A4B      	INCF CompTempVar2673, F
0502            label31
0502  524B      	MOVF CompTempVar2673, F
0504  E0E1      	BZ	label30
0506            label32
0506  6A4C      	CLRF FCD_0f051__0006E_arg_FCL_X1
0508  6A4D      	CLRF FCD_0f051__0006E_arg_FCL_X1+D'1'
050A  501F      	MOVF gbl_FCV_Y_LIGNE, W
050C  6E4E      	MOVWF FCD_0f051__0006E_arg_FCL_Y1
050E  5020      	MOVF gbl_FCV_Y_LIGNE+D'1', W
0510  6E4F      	MOVWF FCD_0f051__0006E_arg_FCL_Y1+D'1'
0512  0EF0      	MOVLW 0xF0
0514  6E50      	MOVWF FCD_0f051__0006E_arg_FCL_X2
0516  6A51      	CLRF FCD_0f051__0006E_arg_FCL_X2+D'1'
0518  501F      	MOVF gbl_FCV_Y_LIGNE, W
051A  6E52      	MOVWF FCD_0f051__0006E_arg_FCL_Y2
051C  5020      	MOVF gbl_FCV_Y_LIGNE+D'1', W
051E  6E53      	MOVWF FCD_0f051__0006E_arg_FCL_Y2+D'1'
0520  ECF6F001  	CALL FCD_0f051__0006E
0524  6A4C      	CLRF CompTempVar2678
0526  0E18      	MOVLW 0x18
0528  261F      	ADDWF gbl_FCV_Y_LIGNE, F
052A  5020      	MOVF gbl_FCV_Y_LIGNE+D'1', W
052C  224C      	ADDWFC CompTempVar2678, F
052E  504C      	MOVF CompTempVar2678, W
0530  6E20      	MOVWF gbl_FCV_Y_LIGNE+D'1'
0532  6A4B      	CLRF CompTempVar2676
0534  0EF0      	MOVLW 0xF0
0536  641F      	CPFSGT gbl_FCV_Y_LIGNE
0538  6620      	TSTFSZ gbl_FCV_Y_LIGNE+D'1'
053A  D001      	BRA	label33
053C  2A4B      	INCF CompTempVar2676, F
053E            label33
053E  524B      	MOVF CompTempVar2676, F
0540  E1E2      	BNZ	label32
0542  0012      	RETURN
0544            ; } FCM_lignes function end

	ORG 0x00000544
0544            FCM_affich_0005C
0544            ; { FCM_affichage_bateau ; function begin
0544  5029      	MOVF gbl_FCV_X, W
0546  6E4B      	MOVWF FCM_parame_00065_arg_FCL_POS_X1
0548  502A      	MOVF gbl_FCV_X+D'1', W
054A  6E4C      	MOVWF FCM_parame_00065_arg_FCL_POS_X1+D'1'
054C  0E18      	MOVLW 0x18
054E  5C29      	SUBWF gbl_FCV_X, W
0550  6E4D      	MOVWF FCM_parame_00065_arg_FCL_POS_X2
0552  5829      	SUBWFB gbl_FCV_X, W
0554  0818      	SUBLW 0x18
0556  5C2A      	SUBWF gbl_FCV_X+D'1', W
0558  6E4E      	MOVWF FCM_parame_00065_arg_FCL_POS_X2+D'1'
055A  5027      	MOVF gbl_FCV_Y, W
055C  6E4F      	MOVWF FCM_parame_00065_arg_FCL_POS_Y1
055E  5028      	MOVF gbl_FCV_Y+D'1', W
0560  6E50      	MOVWF FCM_parame_00065_arg_FCL_POS_Y1+D'1'
0562  0E18      	MOVLW 0x18
0564  5C27      	SUBWF gbl_FCV_Y, W
0566  6E51      	MOVWF FCM_parame_00065_arg_FCL_POS_Y2
0568  5827      	SUBWFB gbl_FCV_Y, W
056A  0818      	SUBLW 0x18
056C  5C28      	SUBWF gbl_FCV_Y+D'1', W
056E  6E52      	MOVWF FCM_parame_00065_arg_FCL_POS_Y2+D'1'
0570  ECDAF001  	CALL FCM_parame_00065
0574  0012      	RETURN
0576            ; } FCM_affichage_bateau function end

	ORG 0x00000576
0576            FCD_0f051__0006D
0576            ; { FCD_0f051_gLCD_EB076_4D1__G4D_GetTouchCoordinatesPicaso ; function begin
0576  0E6F      	MOVLW 0x6F
0578  6E5D      	MOVWF FC_CAL_UAR_00073_arg_nChar
057A  6A5E      	CLRF FC_CAL_UAR_00073_arg_nChar+D'1'
057C  EC46F000  	CALL FC_CAL_UAR_00073
0580  0E04      	MOVLW 0x04
0582  6E5D      	MOVWF FC_CAL_UAR_00073_arg_nChar
0584  6A5E      	CLRF FC_CAL_UAR_00073_arg_nChar+D'1'
0586  EC46F000  	CALL FC_CAL_UAR_00073
058A  685D      	SETF FC_CAL_UAR_00072_arg_nTimeout
058C  EC4EF000  	CALL FC_CAL_UAR_00072
0590  685D      	SETF FC_CAL_UAR_00072_arg_nTimeout
0592  EC4EF000  	CALL FC_CAL_UAR_00072
0596  5066      	MOVF CompTempVarRet2734, W
0598  6E4C      	MOVWF FCD_0f051__0006D_1_FCR_RETVAL
059A  685D      	SETF FC_CAL_UAR_00072_arg_nTimeout
059C  EC4EF000  	CALL FC_CAL_UAR_00072
05A0  685D      	SETF FC_CAL_UAR_00072_arg_nTimeout
05A2  EC4EF000  	CALL FC_CAL_UAR_00072
05A6  524C      	MOVF FCD_0f051__0006D_1_FCR_RETVAL, F
05A8  E032      	BZ	label34
05AA  0E6F      	MOVLW 0x6F
05AC  6E5D      	MOVWF FC_CAL_UAR_00073_arg_nChar
05AE  6A5E      	CLRF FC_CAL_UAR_00073_arg_nChar+D'1'
05B0  EC46F000  	CALL FC_CAL_UAR_00073
05B4  0E05      	MOVLW 0x05
05B6  6E5D      	MOVWF FC_CAL_UAR_00073_arg_nChar
05B8  6A5E      	CLRF FC_CAL_UAR_00073_arg_nChar+D'1'
05BA  EC46F000  	CALL FC_CAL_UAR_00073
05BE  685D      	SETF FC_CAL_UAR_00072_arg_nTimeout
05C0  EC4EF000  	CALL FC_CAL_UAR_00072
05C4  5066      	MOVF CompTempVarRet2734, W
05C6  6E33      	MOVWF gbl_FCV_0f051_gLCD_EB076_4_0000F
05C8  5067      	MOVF CompTempVarRet2734+D'1', W
05CA  6E34      	MOVWF gbl_FCV_0f051_gLCD_EB076_4_0000F+D'1'
05CC  685D      	SETF FC_CAL_UAR_00072_arg_nTimeout
05CE  EC4EF000  	CALL FC_CAL_UAR_00072
05D2  5066      	MOVF CompTempVarRet2734, W
05D4  6E4B      	MOVWF FCD_0f051__0006D_1_FCL_TEMP
05D6  6A4D      	CLRF CompTempVar2716
05D8  5033      	MOVF gbl_FCV_0f051_gLCD_EB076_4_0000F, W
05DA  6E34      	MOVWF gbl_FCV_0f051_gLCD_EB076_4_0000F+D'1'
05DC  504D      	MOVF CompTempVar2716, W
05DE  6E33      	MOVWF gbl_FCV_0f051_gLCD_EB076_4_0000F
05E0  504B      	MOVF FCD_0f051__0006D_1_FCL_TEMP, W
05E2  1233      	IORWF gbl_FCV_0f051_gLCD_EB076_4_0000F, F
05E4  5234      	MOVF gbl_FCV_0f051_gLCD_EB076_4_0000F+D'1', F
05E6  685D      	SETF FC_CAL_UAR_00072_arg_nTimeout
05E8  EC4EF000  	CALL FC_CAL_UAR_00072
05EC  5066      	MOVF CompTempVarRet2734, W
05EE  6E31      	MOVWF gbl_FCV_0f051_gLCD_EB076_4_0000E
05F0  5067      	MOVF CompTempVarRet2734+D'1', W
05F2  6E32      	MOVWF gbl_FCV_0f051_gLCD_EB076_4_0000E+D'1'
05F4  685D      	SETF FC_CAL_UAR_00072_arg_nTimeout
05F6  EC4EF000  	CALL FC_CAL_UAR_00072
05FA  5066      	MOVF CompTempVarRet2734, W
05FC  6E4B      	MOVWF FCD_0f051__0006D_1_FCL_TEMP
05FE  6A4D      	CLRF CompTempVar2720
0600  5031      	MOVF gbl_FCV_0f051_gLCD_EB076_4_0000E, W
0602  6E32      	MOVWF gbl_FCV_0f051_gLCD_EB076_4_0000E+D'1'
0604  504D      	MOVF CompTempVar2720, W
0606  6E31      	MOVWF gbl_FCV_0f051_gLCD_EB076_4_0000E
0608  504B      	MOVF FCD_0f051__0006D_1_FCL_TEMP, W
060A  1231      	IORWF gbl_FCV_0f051_gLCD_EB076_4_0000E, F
060C  5232      	MOVF gbl_FCV_0f051_gLCD_EB076_4_0000E+D'1', F
060E            label34
060E  504C      	MOVF FCD_0f051__0006D_1_FCR_RETVAL, W
0610  6E4D      	MOVWF CompTempVarRet2715
0612  0012      	RETURN
0614            ; } FCD_0f051_gLCD_EB076_4D1__G4D_GetTouchCoordinatesPicaso function end

	ORG 0x00000614
0614            FCD_0f051__00064
0614            ; { FCD_0f051_gLCD_EB076_4D1__G4D_EnableTouchscreenPicaso ; function begin
0614  0E59      	MOVLW 0x59
0616  6E5D      	MOVWF FC_CAL_UAR_00073_arg_nChar
0618  6A5E      	CLRF FC_CAL_UAR_00073_arg_nChar+D'1'
061A  EC46F000  	CALL FC_CAL_UAR_00073
061E  0E05      	MOVLW 0x05
0620  6E5D      	MOVWF FC_CAL_UAR_00073_arg_nChar
0622  6A5E      	CLRF FC_CAL_UAR_00073_arg_nChar+D'1'
0624  EC46F000  	CALL FC_CAL_UAR_00073
0628  6A5D      	CLRF FC_CAL_UAR_00073_arg_nChar
062A  6A5E      	CLRF FC_CAL_UAR_00073_arg_nChar+D'1'
062C  EC46F000  	CALL FC_CAL_UAR_00073
0630  685D      	SETF FC_CAL_UAR_00072_arg_nTimeout
0632  EC4EF000  	CALL FC_CAL_UAR_00072
0636  5066      	MOVF CompTempVarRet2734, W
0638  6E4B      	MOVWF FCD_0f051__00064_1_FCR_RETVAL
063A  0E59      	MOVLW 0x59
063C  6E5D      	MOVWF FC_CAL_UAR_00073_arg_nChar
063E  6A5E      	CLRF FC_CAL_UAR_00073_arg_nChar+D'1'
0640  EC46F000  	CALL FC_CAL_UAR_00073
0644  0E05      	MOVLW 0x05
0646  6E5D      	MOVWF FC_CAL_UAR_00073_arg_nChar
0648  6A5E      	CLRF FC_CAL_UAR_00073_arg_nChar+D'1'
064A  EC46F000  	CALL FC_CAL_UAR_00073
064E  0E02      	MOVLW 0x02
0650  6E5D      	MOVWF FC_CAL_UAR_00073_arg_nChar
0652  6A5E      	CLRF FC_CAL_UAR_00073_arg_nChar+D'1'
0654  EC46F000  	CALL FC_CAL_UAR_00073
0658  685D      	SETF FC_CAL_UAR_00072_arg_nTimeout
065A  EC4EF000  	CALL FC_CAL_UAR_00072
065E  5066      	MOVF CompTempVarRet2734, W
0660  6E4B      	MOVWF FCD_0f051__00064_1_FCR_RETVAL
0662  0E06      	MOVLW 0x06
0664  624B      	CPFSEQ FCD_0f051__00064_1_FCR_RETVAL
0666  D002      	BRA	label35
0668  6A4B      	CLRF FCD_0f051__00064_1_FCR_RETVAL
066A  D001      	BRA	label36
066C            label35
066C  684B      	SETF FCD_0f051__00064_1_FCR_RETVAL
066E            label36
066E  504B      	MOVF FCD_0f051__00064_1_FCR_RETVAL, W
0670  6E4C      	MOVWF CompTempVarRet2680
0672  0012      	RETURN
0674            ; } FCD_0f051_gLCD_EB076_4D1__G4D_EnableTouchscreenPicaso function end

	ORG 0x00000674
0674            FCD_0f051__00063
0674            ; { FCD_0f051_gLCD_EB076_4D1__G4D_DisableTouchscreenPicaso ; function begin
0674  0E59      	MOVLW 0x59
0676  6E5D      	MOVWF FC_CAL_UAR_00073_arg_nChar
0678  6A5E      	CLRF FC_CAL_UAR_00073_arg_nChar+D'1'
067A  EC46F000  	CALL FC_CAL_UAR_00073
067E  0E05      	MOVLW 0x05
0680  6E5D      	MOVWF FC_CAL_UAR_00073_arg_nChar
0682  6A5E      	CLRF FC_CAL_UAR_00073_arg_nChar+D'1'
0684  EC46F000  	CALL FC_CAL_UAR_00073
0688  0E01      	MOVLW 0x01
068A  6E5D      	MOVWF FC_CAL_UAR_00073_arg_nChar
068C  6A5E      	CLRF FC_CAL_UAR_00073_arg_nChar+D'1'
068E  EC46F000  	CALL FC_CAL_UAR_00073
0692  685D      	SETF FC_CAL_UAR_00072_arg_nTimeout
0694  EC4EF000  	CALL FC_CAL_UAR_00072
0698  5066      	MOVF CompTempVarRet2734, W
069A  6E4B      	MOVWF FCD_0f051__00063_1_FCR_RETVAL
069C  0E06      	MOVLW 0x06
069E  624B      	CPFSEQ FCD_0f051__00063_1_FCR_RETVAL
06A0  D002      	BRA	label37
06A2  6A4B      	CLRF FCD_0f051__00063_1_FCR_RETVAL
06A4  D001      	BRA	label38
06A6            label37
06A6  684B      	SETF FCD_0f051__00063_1_FCR_RETVAL
06A8            label38
06A8  504B      	MOVF FCD_0f051__00063_1_FCR_RETVAL, W
06AA  6E4C      	MOVWF CompTempVarRet2679
06AC  0012      	RETURN
06AE            ; } FCD_0f051_gLCD_EB076_4D1__G4D_DisableTouchscreenPicaso function end

	ORG 0x000006AE
06AE            FCD_0f051__00060
06AE            ; { FCD_0f051_gLCD_EB076_4D1__Initialise ; function begin
06AE  6A4F      	CLRF FCD_0f051__00060_2_ptmp
06B0  9A94      	BCF gbl_trisc,5
06B2  524F      	MOVF FCD_0f051__00060_2_ptmp, F
06B4  E004      	BZ	label39
06B6  0E20      	MOVLW 0x20
06B8  108B      	IORWF gbl_latc, W
06BA  6E82      	MOVWF gbl_portc
06BC  D003      	BRA	label40
06BE            label39
06BE  0EDF      	MOVLW 0xDF
06C0  148B      	ANDWF gbl_latc, W
06C2  6E82      	MOVWF gbl_portc
06C4            label40
06C4  EC71F001  	CALL FC_CAL_UAR_00074
06C8  0E64      	MOVLW 0x64
06CA  6E4F      	MOVWF delay_us_00000_arg_del
06CC  EC2EF000  	CALL delay_us_00000
06D0  0E0F      	MOVLW HIGH(gbl_portc+D'0')
06D2  6E50      	MOVWF FC_CAL_Por_00042_arg_Port+D'1'
06D4  0E82      	MOVLW LOW(gbl_portc+D'0')
06D6  6E4F      	MOVWF FC_CAL_Por_00042_arg_Port
06D8  0E0F      	MOVLW HIGH(gbl_trisc+D'0')
06DA  6E52      	MOVWF FC_CAL_Por_00042_arg_Tris+D'1'
06DC  0E94      	MOVLW LOW(gbl_trisc+D'0')
06DE  6E51      	MOVWF FC_CAL_Por_00042_arg_Tris
06E0  0E20      	MOVLW 0x20
06E2  6E53      	MOVWF FC_CAL_Por_00042_arg_InMask
06E4  0E05      	MOVLW 0x05
06E6  6E54      	MOVWF FC_CAL_Por_00042_arg_Shift
06E8  ECC2F001  	CALL FC_CAL_Por_00042
06EC  5055      	MOVF CompTempVarRet1822, W
06EE  6E4E      	MOVWF FCD_0f051__00060_1_FCL_DUMMY
06F0  0E03      	MOVLW 0x03
06F2  6E4F      	MOVWF delay_s_00000_arg_del
06F4  EC33F000  	CALL delay_s_00000
06F8  6A5D      	CLRF FC_CAL_UAR_00072_arg_nTimeout
06FA  EC4EF000  	CALL FC_CAL_UAR_00072
06FE  6A5D      	CLRF FC_CAL_UAR_00072_arg_nTimeout
0700  EC4EF000  	CALL FC_CAL_UAR_00072
0704  6A5D      	CLRF FC_CAL_UAR_00072_arg_nTimeout
0706  EC4EF000  	CALL FC_CAL_UAR_00072
070A  0E55      	MOVLW 0x55
070C  6E5D      	MOVWF FC_CAL_UAR_00073_arg_nChar
070E  6A5E      	CLRF FC_CAL_UAR_00073_arg_nChar+D'1'
0710  EC46F000  	CALL FC_CAL_UAR_00073
0714  685D      	SETF FC_CAL_UAR_00072_arg_nTimeout
0716  EC4EF000  	CALL FC_CAL_UAR_00072
071A  0E51      	MOVLW 0x51
071C  6E5D      	MOVWF FC_CAL_UAR_00073_arg_nChar
071E  6A5E      	CLRF FC_CAL_UAR_00073_arg_nChar+D'1'
0720  EC46F000  	CALL FC_CAL_UAR_00073
0724  0E0C      	MOVLW 0x0C
0726  6E5D      	MOVWF FC_CAL_UAR_00073_arg_nChar
0728  6A5E      	CLRF FC_CAL_UAR_00073_arg_nChar+D'1'
072A  EC46F000  	CALL FC_CAL_UAR_00073
072E  685D      	SETF FC_CAL_UAR_00072_arg_nTimeout
0730  EC4EF000  	CALL FC_CAL_UAR_00072
0734  0E06      	MOVLW 0x06
0736  6E4F      	MOVWF FC_CAL_UAR_00070_arg_new_baud
0738  EC7AF001  	CALL FC_CAL_UAR_00070
073C  0E0A      	MOVLW 0x0A
073E  6E5D      	MOVWF FC_CAL_UAR_00072_arg_nTimeout
0740  EC4EF000  	CALL FC_CAL_UAR_00072
0744  0E0A      	MOVLW 0x0A
0746  6E5D      	MOVWF FC_CAL_UAR_00072_arg_nTimeout
0748  EC4EF000  	CALL FC_CAL_UAR_00072
074C  6A4B      	CLRF FCD_0f051__00060_1_FCL_RED
074E  324B      	RRCF FCD_0f051__00060_1_FCL_RED, F
0750  324B      	RRCF FCD_0f051__00060_1_FCL_RED, F
0752  324B      	RRCF FCD_0f051__00060_1_FCL_RED, F
0754  0E1F      	MOVLW 0x1F
0756  164B      	ANDWF FCD_0f051__00060_1_FCL_RED, F
0758  6A4C      	CLRF FCD_0f051__00060_1_FCL_GREEN
075A  324C      	RRCF FCD_0f051__00060_1_FCL_GREEN, F
075C  324C      	RRCF FCD_0f051__00060_1_FCL_GREEN, F
075E  0E3F      	MOVLW 0x3F
0760  164C      	ANDWF FCD_0f051__00060_1_FCL_GREEN, F
0762  6A4D      	CLRF FCD_0f051__00060_1_FCL_BLUE
0764  324D      	RRCF FCD_0f051__00060_1_FCL_BLUE, F
0766  324D      	RRCF FCD_0f051__00060_1_FCL_BLUE, F
0768  324D      	RRCF FCD_0f051__00060_1_FCL_BLUE, F
076A  0E1F      	MOVLW 0x1F
076C  164D      	ANDWF FCD_0f051__00060_1_FCL_BLUE, F
076E  504C      	MOVF FCD_0f051__00060_1_FCL_GREEN, W
0770  6E4F      	MOVWF CompTempVar2652
0772  6A30      	CLRF gbl_FCV_0f051_gLCD_EB076_4_0000D+D'1'
0774  364F      	RLCF CompTempVar2652, F
0776  3630      	RLCF gbl_FCV_0f051_gLCD_EB076_4_0000D+D'1', F
0778  364F      	RLCF CompTempVar2652, F
077A  3630      	RLCF gbl_FCV_0f051_gLCD_EB076_4_0000D+D'1', F
077C  364F      	RLCF CompTempVar2652, F
077E  3630      	RLCF gbl_FCV_0f051_gLCD_EB076_4_0000D+D'1', F
0780  364F      	RLCF CompTempVar2652, F
0782  3630      	RLCF gbl_FCV_0f051_gLCD_EB076_4_0000D+D'1', F
0784  364F      	RLCF CompTempVar2652, F
0786  3630      	RLCF gbl_FCV_0f051_gLCD_EB076_4_0000D+D'1', F
0788  0EE0      	MOVLW 0xE0
078A  164F      	ANDWF CompTempVar2652, F
078C  504F      	MOVF CompTempVar2652, W
078E  104D      	IORWF FCD_0f051__00060_1_FCL_BLUE, W
0790  6E2F      	MOVWF gbl_FCV_0f051_gLCD_EB076_4_0000D
0792  6A4F      	CLRF CompTempVar2656
0794  504B      	MOVF FCD_0f051__00060_1_FCL_RED, W
0796  6E50      	MOVWF CompTempVar2657
0798  90D8      	BCF STATUS,C
079A  3650      	RLCF CompTempVar2657, F
079C  90D8      	BCF STATUS,C
079E  3650      	RLCF CompTempVar2657, F
07A0  90D8      	BCF STATUS,C
07A2  3650      	RLCF CompTempVar2657, F
07A4  504F      	MOVF CompTempVar2656, W
07A6  122F      	IORWF gbl_FCV_0f051_gLCD_EB076_4_0000D, F
07A8  5050      	MOVF CompTempVar2657, W
07AA  1230      	IORWF gbl_FCV_0f051_gLCD_EB076_4_0000D+D'1', F
07AC  684B      	SETF FCD_0f051__00060_1_FCL_RED
07AE  324B      	RRCF FCD_0f051__00060_1_FCL_RED, F
07B0  324B      	RRCF FCD_0f051__00060_1_FCL_RED, F
07B2  324B      	RRCF FCD_0f051__00060_1_FCL_RED, F
07B4  0E1F      	MOVLW 0x1F
07B6  164B      	ANDWF FCD_0f051__00060_1_FCL_RED, F
07B8  684C      	SETF FCD_0f051__00060_1_FCL_GREEN
07BA  324C      	RRCF FCD_0f051__00060_1_FCL_GREEN, F
07BC  324C      	RRCF FCD_0f051__00060_1_FCL_GREEN, F
07BE  0E3F      	MOVLW 0x3F
07C0  164C      	ANDWF FCD_0f051__00060_1_FCL_GREEN, F
07C2  684D      	SETF FCD_0f051__00060_1_FCL_BLUE
07C4  324D      	RRCF FCD_0f051__00060_1_FCL_BLUE, F
07C6  324D      	RRCF FCD_0f051__00060_1_FCL_BLUE, F
07C8  324D      	RRCF FCD_0f051__00060_1_FCL_BLUE, F
07CA  0E1F      	MOVLW 0x1F
07CC  164D      	ANDWF FCD_0f051__00060_1_FCL_BLUE, F
07CE  504C      	MOVF FCD_0f051__00060_1_FCL_GREEN, W
07D0  6E4F      	MOVWF CompTempVar2663
07D2  6A2E      	CLRF gbl_FCV_0f051_gLCD_EB076_4_0000C+D'1'
07D4  364F      	RLCF CompTempVar2663, F
07D6  362E      	RLCF gbl_FCV_0f051_gLCD_EB076_4_0000C+D'1', F
07D8  364F      	RLCF CompTempVar2663, F
07DA  362E      	RLCF gbl_FCV_0f051_gLCD_EB076_4_0000C+D'1', F
07DC  364F      	RLCF CompTempVar2663, F
07DE  362E      	RLCF gbl_FCV_0f051_gLCD_EB076_4_0000C+D'1', F
07E0  364F      	RLCF CompTempVar2663, F
07E2  362E      	RLCF gbl_FCV_0f051_gLCD_EB076_4_0000C+D'1', F
07E4  364F      	RLCF CompTempVar2663, F
07E6  362E      	RLCF gbl_FCV_0f051_gLCD_EB076_4_0000C+D'1', F
07E8  0EE0      	MOVLW 0xE0
07EA  164F      	ANDWF CompTempVar2663, F
07EC  504F      	MOVF CompTempVar2663, W
07EE  104D      	IORWF FCD_0f051__00060_1_FCL_BLUE, W
07F0  6E2D      	MOVWF gbl_FCV_0f051_gLCD_EB076_4_0000C
07F2  6A4F      	CLRF CompTempVar2667
07F4  504B      	MOVF FCD_0f051__00060_1_FCL_RED, W
07F6  6E50      	MOVWF CompTempVar2668
07F8  90D8      	BCF STATUS,C
07FA  3650      	RLCF CompTempVar2668, F
07FC  90D8      	BCF STATUS,C
07FE  3650      	RLCF CompTempVar2668, F
0800  90D8      	BCF STATUS,C
0802  3650      	RLCF CompTempVar2668, F
0804  504F      	MOVF CompTempVar2667, W
0806  122D      	IORWF gbl_FCV_0f051_gLCD_EB076_4_0000C, F
0808  5050      	MOVF CompTempVar2668, W
080A  122E      	IORWF gbl_FCV_0f051_gLCD_EB076_4_0000C+D'1', F
080C  EC3EF002  	CALL FCD_0f051__00061
0810  0E0A      	MOVLW 0x0A
0812  6E5D      	MOVWF FC_CAL_UAR_00072_arg_nTimeout
0814  EC4EF000  	CALL FC_CAL_UAR_00072
0818  0E0A      	MOVLW 0x0A
081A  6E5D      	MOVWF FC_CAL_UAR_00072_arg_nTimeout
081C  EC4EF000  	CALL FC_CAL_UAR_00072
0820  0012      	RETURN
0822            ; } FCD_0f051_gLCD_EB076_4D1__Initialise function end

	ORG 0x00000822
0822            FCD_0f051__0005E
0822            ; { FCD_0f051_gLCD_EB076_4D1__G4D_ReadTouchCoordinatesPicaso ; function begin
0822  6A4C      	CLRF FCD_0f051__0005E_1_FCR_RETVAL
0824  6A4D      	CLRF FCD_0f051__0005E_1_FCR_RETVAL+D'1'
0826  524B      	MOVF FCD_0f051__0005E_arg_FCL_AXIS, F
0828  E007      	BZ	label42
082A  0E78      	MOVLW 0x78
082C  624B      	CPFSEQ FCD_0f051__0005E_arg_FCL_AXIS
082E  D001      	BRA	label41
0830  D003      	BRA	label42
0832            label41
0832  0E58      	MOVLW 0x58
0834  624B      	CPFSEQ FCD_0f051__0005E_arg_FCL_AXIS
0836  D004      	BRA	label43
0838            label42
0838  5033      	MOVF gbl_FCV_0f051_gLCD_EB076_4_0000F, W
083A  6E4C      	MOVWF FCD_0f051__0005E_1_FCR_RETVAL
083C  5034      	MOVF gbl_FCV_0f051_gLCD_EB076_4_0000F+D'1', W
083E  6E4D      	MOVWF FCD_0f051__0005E_1_FCR_RETVAL+D'1'
0840            label43
0840  044B      	DECF FCD_0f051__0005E_arg_FCL_AXIS, W
0842  E007      	BZ	label45
0844  0E79      	MOVLW 0x79
0846  624B      	CPFSEQ FCD_0f051__0005E_arg_FCL_AXIS
0848  D001      	BRA	label44
084A  D003      	BRA	label45
084C            label44
084C  0E59      	MOVLW 0x59
084E  624B      	CPFSEQ FCD_0f051__0005E_arg_FCL_AXIS
0850  D004      	BRA	label46
0852            label45
0852  5031      	MOVF gbl_FCV_0f051_gLCD_EB076_4_0000E, W
0854  6E4C      	MOVWF FCD_0f051__0005E_1_FCR_RETVAL
0856  5032      	MOVF gbl_FCV_0f051_gLCD_EB076_4_0000E+D'1', W
0858  6E4D      	MOVWF FCD_0f051__0005E_1_FCR_RETVAL+D'1'
085A            label46
085A  504C      	MOVF FCD_0f051__0005E_1_FCR_RETVAL, W
085C  6E4E      	MOVWF CompTempVarRet2644
085E  504D      	MOVF FCD_0f051__0005E_1_FCR_RETVAL+D'1', W
0860  6E4F      	MOVWF CompTempVarRet2644+D'1'
0862  0012      	RETURN
0864            ; } FCD_0f051_gLCD_EB076_4D1__G4D_ReadTouchCoordinatesPicaso function end

	ORG 0x00000864
0864            FCM_Reinit_00062
0864            ; { FCM_Reinitialisation_tactile ; function begin
0864  EC3AF003  	CALL FCD_0f051__00063
0868  EC0AF003  	CALL FCD_0f051__00064
086C  0012      	RETURN
086E            ; } FCM_Reinitialisation_tactile function end

	ORG 0x0000086E
086E            FCM_Recupe_0006C
086E            ; { FCM_Recuperation_coordonees ; function begin
086E  ECBBF002  	CALL FCD_0f051__0006D
0872  504D      	MOVF CompTempVarRet2715, W
0874  6E40      	MOVWF gbl_FCV_APPUI_ECRAN
0876  0012      	RETURN
0878            ; } FCM_Recuperation_coordonees function end

	ORG 0x00000878
0878            FCM_Lectur_0005D
0878            ; { FCM_Lecture_Coordonnes ; function begin
0878  6A4B      	CLRF FCD_0f051__0005E_arg_FCL_AXIS
087A  EC11F004  	CALL FCD_0f051__0005E
087E  504E      	MOVF CompTempVarRet2644, W
0880  6E2B      	MOVWF gbl_FCV_X_TOUCH
0882  504F      	MOVF CompTempVarRet2644+D'1', W
0884  6E2C      	MOVWF gbl_FCV_X_TOUCH+D'1'
0886  0E01      	MOVLW 0x01
0888  6E4B      	MOVWF FCD_0f051__0005E_arg_FCL_AXIS
088A  EC11F004  	CALL FCD_0f051__0005E
088E  504E      	MOVF CompTempVarRet2644, W
0890  6E23      	MOVWF gbl_FCV_Y_TOUCH
0892  504F      	MOVF CompTempVarRet2644+D'1', W
0894  6E24      	MOVWF gbl_FCV_Y_TOUCH+D'1'
0896  0012      	RETURN
0898            ; } FCM_Lecture_Coordonnes function end

	ORG 0x00000898
0898            FCM_Initia_0005F
0898            ; { FCM_Initialisation ; function begin
0898  EC57F003  	CALL FCD_0f051__00060
089C  EC3EF002  	CALL FCD_0f051__00061
08A0  EC5EF002  	CALL FCM_lignes_00000
08A4  0012      	RETURN
08A6            ; } FCM_Initialisation function end

	ORG 0x000008A6
08A6            FCM_Hitbox_0005B
08A6            ; { FCM_Hitbox_v2 ; function begin
08A6  0E01      	MOVLW 0x01
08A8  6E3F      	MOVWF gbl_FCV_HITBOX
08AA  0E18      	MOVLW 0x18
08AC  6E27      	MOVWF gbl_FCV_Y
08AE  6A28      	CLRF gbl_FCV_Y+D'1'
08B0  0E18      	MOVLW 0x18
08B2  6E29      	MOVWF gbl_FCV_X
08B4  6A2A      	CLRF gbl_FCV_X+D'1'
08B6            label47
08B6  0E01      	MOVLW 0x01
08B8  5C21      	SUBWF gbl_FCV_X_SORTIE, W
08BA  E23A      	BC	label55
08BC  6622      	TSTFSZ gbl_FCV_X_SORTIE+D'1'
08BE  D038      	BRA	label55
08C0  5028      	MOVF gbl_FCV_Y+D'1', W
08C2  5C24      	SUBWF gbl_FCV_Y_TOUCH+D'1', W
08C4  E102      	BNZ	label48
08C6  5027      	MOVF gbl_FCV_Y, W
08C8  5C23      	SUBWF gbl_FCV_Y_TOUCH, W
08CA            label48
08CA  E227      	BC	label54
08CC            label49
08CC  502A      	MOVF gbl_FCV_X+D'1', W
08CE  5C2C      	SUBWF gbl_FCV_X_TOUCH+D'1', W
08D0  E102      	BNZ	label50
08D2  5029      	MOVF gbl_FCV_X, W
08D4  5C2B      	SUBWF gbl_FCV_X_TOUCH, W
08D6            label50
08D6  E309      	BNC	label51
08D8  283F      	INCF gbl_FCV_HITBOX, W
08DA  6E3F      	MOVWF gbl_FCV_HITBOX
08DC  6A4C      	CLRF CompTempVar2635
08DE  0E18      	MOVLW 0x18
08E0  2629      	ADDWF gbl_FCV_X, F
08E2  502A      	MOVF gbl_FCV_X+D'1', W
08E4  224C      	ADDWFC CompTempVar2635, F
08E6  504C      	MOVF CompTempVar2635, W
08E8  6E2A      	MOVWF gbl_FCV_X+D'1'
08EA            label51
08EA  5221      	MOVF gbl_FCV_X_SORTIE, F
08EC  5222      	MOVF gbl_FCV_X_SORTIE+D'1', F
08EE  2A21      	INCF gbl_FCV_X_SORTIE, F
08F0  B4D8      	BTFSC STATUS,Z
08F2  2A22      	INCF gbl_FCV_X_SORTIE+D'1', F
08F4  6A4B      	CLRF CompTempVar2633
08F6  502A      	MOVF gbl_FCV_X+D'1', W
08F8  5C2C      	SUBWF gbl_FCV_X_TOUCH+D'1', W
08FA  E104      	BNZ	label52
08FC  5029      	MOVF gbl_FCV_X, W
08FE  602B      	CPFSLT gbl_FCV_X_TOUCH
0900  D001      	BRA	label52
0902  D001      	BRA	label53
0904            label52
0904  A0D8      	BTFSS STATUS,C
0906            label53
0906  704B      	BTG CompTempVar2633,0
0908  524B      	MOVF CompTempVar2633, F
090A  E0E0      	BZ	label49
090C  ECA2F002  	CALL FCM_affich_0005C
0910  6A29      	CLRF gbl_FCV_X
0912  6A2A      	CLRF gbl_FCV_X+D'1'
0914  6A27      	CLRF gbl_FCV_Y
0916  6A28      	CLRF gbl_FCV_Y+D'1'
0918  D7CE      	BRA	label47
091A            label54
091A  0E0A      	MOVLW 0x0A
091C  243F      	ADDWF gbl_FCV_HITBOX, W
091E  6E3F      	MOVWF gbl_FCV_HITBOX
0920  6A4B      	CLRF CompTempVar2639
0922  0E18      	MOVLW 0x18
0924  2627      	ADDWF gbl_FCV_Y, F
0926  5028      	MOVF gbl_FCV_Y+D'1', W
0928  224B      	ADDWFC CompTempVar2639, F
092A  504B      	MOVF CompTempVar2639, W
092C  6E28      	MOVWF gbl_FCV_Y+D'1'
092E  D7C3      	BRA	label47
0930            label55
0930  6A21      	CLRF gbl_FCV_X_SORTIE
0932  6A22      	CLRF gbl_FCV_X_SORTIE+D'1'
0934  0012      	RETURN
0936            ; } FCM_Hitbox_v2 function end

	ORG 0x00000936
0936            main
0936            ; { main ; function begin
0936  0E0F      	MOVLW 0x0F
0938  6EC1      	MOVWF gbl_adcon1
093A  EC4CF004  	CALL FCM_Initia_0005F
093E            label56
093E  EC32F004  	CALL FCM_Reinit_00062
0942            label57
0942  5240      	MOVF gbl_FCV_APPUI_ECRAN, F
0944  E103      	BNZ	label58
0946  EC37F004  	CALL FCM_Recupe_0006C
094A  D7FB      	BRA	label57
094C            label58
094C  EC3CF004  	CALL FCM_Lectur_0005D
0950  EC53F004  	CALL FCM_Hitbox_0005B
0954  6A40      	CLRF gbl_FCV_APPUI_ECRAN
0956  D7F3      	BRA	label56
0958            ; } main function end

	ORG 0x00000958
0958            _startup
0958  0ED5      	MOVLW 0xD5
095A  6E05      	MOVWF gbl_14_LSR
095C  0EC4      	MOVLW 0xC4
095E  6E06      	MOVWF gbl_14_LSR+D'1'
0960  0EBB      	MOVLW 0xBB
0962  6E07      	MOVWF gbl_14_LSR+D'2'
0964  0EDC      	MOVLW 0xDC
0966  6E08      	MOVWF gbl_14_LSR+D'3'
0968  6A09      	CLRF gbl_15_gbl_aSig
096A  6A0A      	CLRF gbl_15_gbl_aSig+D'1'
096C  6A0B      	CLRF gbl_15_gbl_aSig+D'2'
096E  6A0C      	CLRF gbl_15_gbl_aSig+D'3'
0970  6A0D      	CLRF gbl_15_gbl_bSig
0972  6A0E      	CLRF gbl_15_gbl_bSig+D'1'
0974  6A0F      	CLRF gbl_15_gbl_bSig+D'2'
0976  6A10      	CLRF gbl_15_gbl_bSig+D'3'
0978  6A11      	CLRF gbl_15_gbl_zSig
097A  6A12      	CLRF gbl_15_gbl_zSig+D'1'
097C  6A13      	CLRF gbl_15_gbl_zSig+D'2'
097E  6A14      	CLRF gbl_15_gbl_zSig+D'3'
0980  6A38      	CLRF gbl_15_gbl_aExp
0982  6A39      	CLRF gbl_15_gbl_bExp
0984  6A1D      	CLRF gbl_15_gbl_zExp
0986  6A1E      	CLRF gbl_15_gbl_zExp+D'1'
0988  6A3A      	CLRF gbl_15_gbl_aSign
098A  6A3B      	CLRF gbl_15_gbl_bSign
098C  6A3C      	CLRF gbl_15_gbl_zSign
098E  6A3D      	CLRF gbl_15_gbl_zSigZero
0990  6A15      	CLRF gbl_15_gbl_ret
0992  6A16      	CLRF gbl_15_gbl_ret+D'1'
0994  6A17      	CLRF gbl_15_gbl_ret+D'2'
0996  6A18      	CLRF gbl_15_gbl_ret+D'3'
0998  6A36      	CLRF gbl_float_rounding_mode
099A  6A37      	CLRF gbl_float_exception_flags
099C  6A35      	CLRF gbl_float_detect_tininess
099E  0E18      	MOVLW 0x18
09A0  6E1F      	MOVWF gbl_FCV_Y_LIGNE
09A2  6A20      	CLRF gbl_FCV_Y_LIGNE+D'1'
09A4  6A3E      	CLRF gbl_FCV_NUM_CASE
09A6  6A21      	CLRF gbl_FCV_X_SORTIE
09A8  6A22      	CLRF gbl_FCV_X_SORTIE+D'1'
09AA  6A23      	CLRF gbl_FCV_Y_TOUCH
09AC  6A24      	CLRF gbl_FCV_Y_TOUCH+D'1'
09AE  0E01      	MOVLW 0x01
09B0  6E3F      	MOVWF gbl_FCV_HITBOX
09B2  0E18      	MOVLW 0x18
09B4  6E25      	MOVWF gbl_FCV_X_LIGNE
09B6  6A26      	CLRF gbl_FCV_X_LIGNE+D'1'
09B8  0E18      	MOVLW 0x18
09BA  6E27      	MOVWF gbl_FCV_Y
09BC  6A28      	CLRF gbl_FCV_Y+D'1'
09BE  0E18      	MOVLW 0x18
09C0  6E29      	MOVWF gbl_FCV_X
09C2  6A2A      	CLRF gbl_FCV_X+D'1'
09C4  6A2B      	CLRF gbl_FCV_X_TOUCH
09C6  6A2C      	CLRF gbl_FCV_X_TOUCH+D'1'
09C8  6A40      	CLRF gbl_FCV_APPUI_ECRAN
09CA  6A41      	CLRF gbl_FCV_HITBOX_2
09CC  0E00      	MOVLW 0x00
09CE  6E42      	MOVWF gbl_FCD_00fb8_ASCII6__INTL_00000
09D0  0E01      	MOVLW 0x01
09D2  6E43      	MOVWF gbl_FCD_00fb7_ASCII7__INTL_00001
09D4  0E02      	MOVLW 0x02
09D6  6E44      	MOVWF gbl_FCD_00fb6_ASCII5__INTL_00002
09D8  0E03      	MOVLW 0x03
09DA  6E45      	MOVWF gbl_FCD_00fb5_ASCII4__INTL_00003
09DC  0E04      	MOVLW 0x04
09DE  6E46      	MOVWF gbl_FCD_00fb4_ASCII3__INTL_00004
09E0  0E05      	MOVLW 0x05
09E2  6E47      	MOVWF gbl_FCD_00fb3_ASCII2__INTL_00005
09E4  0E06      	MOVLW 0x06
09E6  6E48      	MOVWF gbl_FCD_00fb2_ASCII1__INTL_00006
09E8  0E07      	MOVLW 0x07
09EA  6E49      	MOVWF gbl_FCD_00fb1_ASCII0__INTL_00007
09EC  6A19      	CLRF gbl_FCV_0ba71_Base_GLCD__P_00009
09EE  6A1A      	CLRF gbl_FCV_0ba71_Base_GLCD__P_00009+D'1'
09F0  6A1B      	CLRF gbl_FCV_0ba71_Base_GLCD__P_00009+D'2'
09F2  6A1C      	CLRF gbl_FCV_0ba71_Base_GLCD__P_00009+D'3'
09F4  6A4A      	CLRF gbl_FCV_0ba71_Base_GLCD__O_0000B
09F6  EF9BF004  	GOTO	main
	ORG 0x000009FA
09FA            interrupt
09FA            ; { interrupt ; function begin
09FA  CFEAF001  	MOVFF FSR0H,  Int1Context
09FE  CFE9F002  	MOVFF FSR0L,  Int1Context+D'1'
0A02  CFF4F003  	MOVFF PRODH,  Int1Context+D'2'
0A06  CFF3F004  	MOVFF PRODL,  Int1Context+D'3'
0A0A  C004FFF3  	MOVFF Int1Context+D'3',  PRODL
0A0E  C003FFF4  	MOVFF Int1Context+D'2',  PRODH
0A12  C002FFE9  	MOVFF Int1Context+D'1',  FSR0L
0A16  C001FFEA  	MOVFF Int1Context,  FSR0H
0A1A  0011      	RETFIE 1
0A1C            ; } interrupt function end

	ORG 0x00300000
300000  32FF      	DW 0x32FF
300002  FEFF      	DW 0xFEFF
300004  FBFF      	DW 0xFBFF
300006  FFBA      	DW 0xFFBA
300008  FFFF      	DW 0xFFFF
30000A  FFFF      	DW 0xFFFF
30000C  FFFF      	DW 0xFFFF
