;/////////////////////////////////////////////////////////////////////////////////
;// Code Generator: BoostC Compiler - http://www.sourceboost.com
;// Version       : 7.20
;// License Type  : Pro License
;// Limitations   : PIC18 max code size:Unlimited, max RAM banks:Unlimited
;/////////////////////////////////////////////////////////////////////////////////

	ORG 0x00000000
0000  EFF9F005  	GOTO	_startup
	ORG 0x00000008
0008  EF4CF006  	GOTO	interrupt
	ORG 0x0000000C
000C            delay_ms_00000
000C            ; { delay_ms ; function begin
000C  53B6      	MOVF delay_ms_00000_arg_del, F, 1
000E  0000      	NOP
0010  E101      	BNZ	label1
0012  0012      	RETURN
0014            label1
0014  0EF5      	MOVLW 0xF5
0016            label2
0016  0000      	NOP
0018  0000      	NOP
001A  0000      	NOP
001C  0000      	NOP
001E  0000      	NOP
0020  0000      	NOP
0022  0000      	NOP
0024  0000      	NOP
0026  0000      	NOP
0028  0000      	NOP
002A  0000      	NOP
002C  0000      	NOP
002E  0000      	NOP
0030  0000      	NOP
0032  0000      	NOP
0034  0000      	NOP
0036  0FFF      	ADDLW 0xFF
0038  A4D8      	BTFSS STATUS,Z
003A  D7ED      	BRA	label2
003C  0000      	NOP
003E  0000      	NOP
0040  0000      	NOP
0042  0000      	NOP
0044  0000      	NOP
0046  0000      	NOP
0048  0000      	NOP
004A  0000      	NOP
004C  0000      	NOP
004E  0000      	NOP
0050  0000      	NOP
0052  0000      	NOP
0054  0000      	NOP
0056  2FB6      	DECFSZ delay_ms_00000_arg_del, F, 1
0058  D7DD      	BRA	label1
005A  0012      	RETURN
005C            ; } delay_ms function end

	ORG 0x0000005C
005C            delay_us_00000
005C            ; { delay_us ; function begin
005C            label3
005C  0000      	NOP
005E  0000      	NOP
0060  2FB5      	DECFSZ delay_us_00000_arg_del, F, 1
0062  D7FC      	BRA	label3
0064  0012      	RETURN
0066            ; } delay_us function end

	ORG 0x00000066
0066            delay_s_00000
0066            ; { delay_s ; function begin
0066            label4
0066  0EFA      	MOVLW 0xFA
0068  6FB6      	MOVWF delay_ms_00000_arg_del, 1
006A  EC06F000  	CALL delay_ms_00000
006E  0EFA      	MOVLW 0xFA
0070  6FB6      	MOVWF delay_ms_00000_arg_del, 1
0072  EC06F000  	CALL delay_ms_00000
0076  0EFA      	MOVLW 0xFA
0078  6FB6      	MOVWF delay_ms_00000_arg_del, 1
007A  EC06F000  	CALL delay_ms_00000
007E  0EFA      	MOVLW 0xFA
0080  6FB6      	MOVWF delay_ms_00000_arg_del, 1
0082  EC06F000  	CALL delay_ms_00000
0086  2FB5      	DECFSZ delay_s_00000_arg_del, F, 1
0088  D7EE      	BRA	label4
008A  0012      	RETURN
008C            ; } delay_s function end

	ORG 0x0000008C
008C            FC_CAL_UAR_00073
008C            ; { FC_CAL_UART_Send_1 ; function begin
008C            label5
008C  0E10      	MOVLW 0x10
008E  149E      	ANDWF gbl_pir1, W
0090  6FCA      	MOVWF CompTempVar2752, 1
0092  53CA      	MOVF CompTempVar2752, F, 1
0094  E0FB      	BZ	label5
0096  51C8      	MOVF FC_CAL_UAR_00073_arg_nChar, W, 1
0098  6EAD      	MOVWF gbl_txreg
009A  0012      	RETURN
009C            ; } FC_CAL_UART_Send_1 function end

	ORG 0x0000009C
009C            FC_CAL_UAR_00072
009C            ; { FC_CAL_UART_Receive_1 ; function begin
009C  69C9      	SETF FC_CAL_UAR_00072_1_retVal, 1
009E  6BCA      	CLRF FC_CAL_UAR_00072_1_delay1, 1
00A0  6BCB      	CLRF FC_CAL_UAR_00072_1_regcheck, 1
00A2  6BCC      	CLRF FC_CAL_UAR_00072_1_bWaitForever, 1
00A4  6BCD      	CLRF FC_CAL_UAR_00072_1_rxStatus, 1
00A6  6BD0      	CLRF FC_CAL_UAR_00072_1_dummy, 1
00A8  29C8      	INCF FC_CAL_UAR_00072_arg_nTimeout, W, 1
00AA  E102      	BNZ	label6
00AC  0E01      	MOVLW 0x01
00AE  6FCC      	MOVWF FC_CAL_UAR_00072_1_bWaitForever, 1
00B0            label6
00B0  53CD      	MOVF FC_CAL_UAR_00072_1_rxStatus, F, 1
00B2  E124      	BNZ	label11
00B4  53CC      	MOVF FC_CAL_UAR_00072_1_bWaitForever, F, 1
00B6  E118      	BNZ	label10
00B8  53C8      	MOVF FC_CAL_UAR_00072_arg_nTimeout, F, 1
00BA  E103      	BNZ	label7
00BC  0E01      	MOVLW 0x01
00BE  6FCD      	MOVWF FC_CAL_UAR_00072_1_rxStatus, 1
00C0  D013      	BRA	label10
00C2            label7
00C2  6BCE      	CLRF FC_CAL_UAR_00072_1_delaycnt, 1
00C4  6BCF      	CLRF FC_CAL_UAR_00072_1_delaycnt+D'1', 1
00C6            label8
00C6  0E31      	MOVLW 0x31
00C8  5DCE      	SUBWF FC_CAL_UAR_00072_1_delaycnt, W, 1
00CA  E205      	BC	label9
00CC  67CF      	TSTFSZ FC_CAL_UAR_00072_1_delaycnt+D'1', 1
00CE  D003      	BRA	label9
00D0  4BCE      	INFSNZ FC_CAL_UAR_00072_1_delaycnt, F, 1
00D2  2BCF      	INCF FC_CAL_UAR_00072_1_delaycnt+D'1', F, 1
00D4  D7F8      	BRA	label8
00D6            label9
00D6  29CA      	INCF FC_CAL_UAR_00072_1_delay1, W, 1
00D8  6FCA      	MOVWF FC_CAL_UAR_00072_1_delay1, 1
00DA  0E64      	MOVLW 0x64
00DC  63CA      	CPFSEQ FC_CAL_UAR_00072_1_delay1, 1
00DE  D004      	BRA	label10
00E0  05C8      	DECF FC_CAL_UAR_00072_arg_nTimeout, W, 1
00E2  6FC8      	MOVWF FC_CAL_UAR_00072_arg_nTimeout, 1
00E4  0004      	CLRWDT
00E6  6BCA      	CLRF FC_CAL_UAR_00072_1_delay1, 1
00E8            label10
00E8  0E20      	MOVLW 0x20
00EA  149E      	ANDWF gbl_pir1, W
00EC  6FD1      	MOVWF CompTempVar2749, 1
00EE  51D1      	MOVF CompTempVar2749, W, 1
00F0  6FCB      	MOVWF FC_CAL_UAR_00072_1_regcheck, 1
00F2  53CB      	MOVF FC_CAL_UAR_00072_1_regcheck, F, 1
00F4  E0DD      	BZ	label6
00F6  0E02      	MOVLW 0x02
00F8  6FCD      	MOVWF FC_CAL_UAR_00072_1_rxStatus, 1
00FA  D7DA      	BRA	label6
00FC            label11
00FC  0E02      	MOVLW 0x02
00FE  63CD      	CPFSEQ FC_CAL_UAR_00072_1_rxStatus, 1
0100  D018      	BRA	label14
0102  0E04      	MOVLW 0x04
0104  14AB      	ANDWF gbl_rcsta, W
0106  6FD1      	MOVWF CompTempVar2750, 1
0108  51D1      	MOVF CompTempVar2750, W, 1
010A  6FCB      	MOVWF FC_CAL_UAR_00072_1_regcheck, 1
010C  53CB      	MOVF FC_CAL_UAR_00072_1_regcheck, F, 1
010E  E003      	BZ	label12
0110  50AE      	MOVF gbl_rcreg, W
0112  6FD0      	MOVWF FC_CAL_UAR_00072_1_dummy, 1
0114  D00E      	BRA	label14
0116            label12
0116  0E02      	MOVLW 0x02
0118  14AB      	ANDWF gbl_rcsta, W
011A  6FD1      	MOVWF CompTempVar2751, 1
011C  51D1      	MOVF CompTempVar2751, W, 1
011E  6FCB      	MOVWF FC_CAL_UAR_00072_1_regcheck, 1
0120  53CB      	MOVF FC_CAL_UAR_00072_1_regcheck, F, 1
0122  E003      	BZ	label13
0124  98AB      	BCF gbl_rcsta,4
0126  88AB      	BSF gbl_rcsta,4
0128  D004      	BRA	label14
012A            label13
012A  6BC9      	CLRF FC_CAL_UAR_00072_1_retVal, 1
012C  50AE      	MOVF gbl_rcreg, W
012E  11C9      	IORWF FC_CAL_UAR_00072_1_retVal, W, 1
0130  6FC9      	MOVWF FC_CAL_UAR_00072_1_retVal, 1
0132            label14
0132  51C9      	MOVF FC_CAL_UAR_00072_1_retVal, W, 1
0134  6FD1      	MOVWF CompTempVarRet2748, 1
0136  6BD2      	CLRF CompTempVarRet2748+D'1', 1
0138  0012      	RETURN
013A            ; } FC_CAL_UART_Receive_1 function end

	ORG 0x0000013A
013A            FC_CAL_UAR_00071
013A            ; { FC_CAL_UART_Uninit_1 ; function begin
013A  6AAB      	CLRF gbl_rcsta
013C  6AAC      	CLRF gbl_txsta
013E  0012      	RETURN
0140            ; } FC_CAL_UART_Uninit_1 function end

	ORG 0x00000140
0140            FCD_0f051__00067
0140            ; { FCD_0f051_gLCD_EB076_4D1__DrawRectangle ; function begin
0140  53C1      	MOVF FCD_0f051__00067_arg_FCL_T_00068, F, 1
0142  E14D      	BNZ	label15
0144  53C2      	MOVF FCD_0f051__00067_arg_FCL_SOLID, F, 1
0146  E14B      	BNZ	label15
0148  0E70      	MOVLW 0x70
014A  6FC8      	MOVWF FC_CAL_UAR_00073_arg_nChar, 1
014C  6BC9      	CLRF FC_CAL_UAR_00073_arg_nChar+D'1', 1
014E  EC46F000  	CALL FC_CAL_UAR_00073
0152  6BC8      	CLRF FC_CAL_UAR_00073_arg_nChar, 1
0154  6BC9      	CLRF FC_CAL_UAR_00073_arg_nChar+D'1', 1
0156  EC46F000  	CALL FC_CAL_UAR_00073
015A  69C8      	SETF FC_CAL_UAR_00072_arg_nTimeout, 1
015C  EC4EF000  	CALL FC_CAL_UAR_00072
0160  0E72      	MOVLW 0x72
0162  6FC8      	MOVWF FC_CAL_UAR_00073_arg_nChar, 1
0164  6BC9      	CLRF FC_CAL_UAR_00073_arg_nChar+D'1', 1
0166  EC46F000  	CALL FC_CAL_UAR_00073
016A  51BA      	MOVF FCD_0f051__00067_arg_FCL_X1+D'1', W, 1
016C  6FC8      	MOVWF FC_CAL_UAR_00073_arg_nChar, 1
016E  6BC9      	CLRF FC_CAL_UAR_00073_arg_nChar+D'1', 1
0170  EC46F000  	CALL FC_CAL_UAR_00073
0174  51B9      	MOVF FCD_0f051__00067_arg_FCL_X1, W, 1
0176  6FC8      	MOVWF FC_CAL_UAR_00073_arg_nChar, 1
0178  51BA      	MOVF FCD_0f051__00067_arg_FCL_X1+D'1', W, 1
017A  6FC9      	MOVWF FC_CAL_UAR_00073_arg_nChar+D'1', 1
017C  EC46F000  	CALL FC_CAL_UAR_00073
0180  51BC      	MOVF FCD_0f051__00067_arg_FCL_Y1+D'1', W, 1
0182  6FC8      	MOVWF FC_CAL_UAR_00073_arg_nChar, 1
0184  6BC9      	CLRF FC_CAL_UAR_00073_arg_nChar+D'1', 1
0186  EC46F000  	CALL FC_CAL_UAR_00073
018A  51BB      	MOVF FCD_0f051__00067_arg_FCL_Y1, W, 1
018C  6FC8      	MOVWF FC_CAL_UAR_00073_arg_nChar, 1
018E  51BC      	MOVF FCD_0f051__00067_arg_FCL_Y1+D'1', W, 1
0190  6FC9      	MOVWF FC_CAL_UAR_00073_arg_nChar+D'1', 1
0192  EC46F000  	CALL FC_CAL_UAR_00073
0196  51BE      	MOVF FCD_0f051__00067_arg_FCL_X2+D'1', W, 1
0198  6FC8      	MOVWF FC_CAL_UAR_00073_arg_nChar, 1
019A  6BC9      	CLRF FC_CAL_UAR_00073_arg_nChar+D'1', 1
019C  EC46F000  	CALL FC_CAL_UAR_00073
01A0  51BD      	MOVF FCD_0f051__00067_arg_FCL_X2, W, 1
01A2  6FC8      	MOVWF FC_CAL_UAR_00073_arg_nChar, 1
01A4  51BE      	MOVF FCD_0f051__00067_arg_FCL_X2+D'1', W, 1
01A6  6FC9      	MOVWF FC_CAL_UAR_00073_arg_nChar+D'1', 1
01A8  EC46F000  	CALL FC_CAL_UAR_00073
01AC  51C0      	MOVF FCD_0f051__00067_arg_FCL_Y2+D'1', W, 1
01AE  6FC8      	MOVWF FC_CAL_UAR_00073_arg_nChar, 1
01B0  6BC9      	CLRF FC_CAL_UAR_00073_arg_nChar+D'1', 1
01B2  EC46F000  	CALL FC_CAL_UAR_00073
01B6  51BF      	MOVF FCD_0f051__00067_arg_FCL_Y2, W, 1
01B8  6FC8      	MOVWF FC_CAL_UAR_00073_arg_nChar, 1
01BA  51C0      	MOVF FCD_0f051__00067_arg_FCL_Y2+D'1', W, 1
01BC  6FC9      	MOVWF FC_CAL_UAR_00073_arg_nChar+D'1', 1
01BE  EC46F000  	CALL FC_CAL_UAR_00073
01C2  5193      	MOVF gbl_FCV_0f051_gLCD_EB076_4_0000C+D'1', W, 1
01C4  6FC8      	MOVWF FC_CAL_UAR_00073_arg_nChar, 1
01C6  6BC9      	CLRF FC_CAL_UAR_00073_arg_nChar+D'1', 1
01C8  EC46F000  	CALL FC_CAL_UAR_00073
01CC  5192      	MOVF gbl_FCV_0f051_gLCD_EB076_4_0000C, W, 1
01CE  6FC8      	MOVWF FC_CAL_UAR_00073_arg_nChar, 1
01D0  5193      	MOVF gbl_FCV_0f051_gLCD_EB076_4_0000C+D'1', W, 1
01D2  6FC9      	MOVWF FC_CAL_UAR_00073_arg_nChar+D'1', 1
01D4  EC46F000  	CALL FC_CAL_UAR_00073
01D8  69C8      	SETF FC_CAL_UAR_00072_arg_nTimeout, 1
01DA  EC4EF000  	CALL FC_CAL_UAR_00072
01DE            label15
01DE  0E70      	MOVLW 0x70
01E0  6FC8      	MOVWF FC_CAL_UAR_00073_arg_nChar, 1
01E2  6BC9      	CLRF FC_CAL_UAR_00073_arg_nChar+D'1', 1
01E4  EC46F000  	CALL FC_CAL_UAR_00073
01E8  53C2      	MOVF FCD_0f051__00067_arg_FCL_SOLID, F, 1
01EA  E005      	BZ	label16
01EC  6BC8      	CLRF FC_CAL_UAR_00073_arg_nChar, 1
01EE  6BC9      	CLRF FC_CAL_UAR_00073_arg_nChar+D'1', 1
01F0  EC46F000  	CALL FC_CAL_UAR_00073
01F4  D005      	BRA	label17
01F6            label16
01F6  0E01      	MOVLW 0x01
01F8  6FC8      	MOVWF FC_CAL_UAR_00073_arg_nChar, 1
01FA  6BC9      	CLRF FC_CAL_UAR_00073_arg_nChar+D'1', 1
01FC  EC46F000  	CALL FC_CAL_UAR_00073
0200            label17
0200  69C8      	SETF FC_CAL_UAR_00072_arg_nTimeout, 1
0202  EC4EF000  	CALL FC_CAL_UAR_00072
0206  0E72      	MOVLW 0x72
0208  6FC8      	MOVWF FC_CAL_UAR_00073_arg_nChar, 1
020A  6BC9      	CLRF FC_CAL_UAR_00073_arg_nChar+D'1', 1
020C  EC46F000  	CALL FC_CAL_UAR_00073
0210  51BA      	MOVF FCD_0f051__00067_arg_FCL_X1+D'1', W, 1
0212  6FC8      	MOVWF FC_CAL_UAR_00073_arg_nChar, 1
0214  6BC9      	CLRF FC_CAL_UAR_00073_arg_nChar+D'1', 1
0216  EC46F000  	CALL FC_CAL_UAR_00073
021A  51B9      	MOVF FCD_0f051__00067_arg_FCL_X1, W, 1
021C  6FC8      	MOVWF FC_CAL_UAR_00073_arg_nChar, 1
021E  51BA      	MOVF FCD_0f051__00067_arg_FCL_X1+D'1', W, 1
0220  6FC9      	MOVWF FC_CAL_UAR_00073_arg_nChar+D'1', 1
0222  EC46F000  	CALL FC_CAL_UAR_00073
0226  51BC      	MOVF FCD_0f051__00067_arg_FCL_Y1+D'1', W, 1
0228  6FC8      	MOVWF FC_CAL_UAR_00073_arg_nChar, 1
022A  6BC9      	CLRF FC_CAL_UAR_00073_arg_nChar+D'1', 1
022C  EC46F000  	CALL FC_CAL_UAR_00073
0230  51BB      	MOVF FCD_0f051__00067_arg_FCL_Y1, W, 1
0232  6FC8      	MOVWF FC_CAL_UAR_00073_arg_nChar, 1
0234  51BC      	MOVF FCD_0f051__00067_arg_FCL_Y1+D'1', W, 1
0236  6FC9      	MOVWF FC_CAL_UAR_00073_arg_nChar+D'1', 1
0238  EC46F000  	CALL FC_CAL_UAR_00073
023C  51BE      	MOVF FCD_0f051__00067_arg_FCL_X2+D'1', W, 1
023E  6FC8      	MOVWF FC_CAL_UAR_00073_arg_nChar, 1
0240  6BC9      	CLRF FC_CAL_UAR_00073_arg_nChar+D'1', 1
0242  EC46F000  	CALL FC_CAL_UAR_00073
0246  51BD      	MOVF FCD_0f051__00067_arg_FCL_X2, W, 1
0248  6FC8      	MOVWF FC_CAL_UAR_00073_arg_nChar, 1
024A  51BE      	MOVF FCD_0f051__00067_arg_FCL_X2+D'1', W, 1
024C  6FC9      	MOVWF FC_CAL_UAR_00073_arg_nChar+D'1', 1
024E  EC46F000  	CALL FC_CAL_UAR_00073
0252  51C0      	MOVF FCD_0f051__00067_arg_FCL_Y2+D'1', W, 1
0254  6FC8      	MOVWF FC_CAL_UAR_00073_arg_nChar, 1
0256  6BC9      	CLRF FC_CAL_UAR_00073_arg_nChar+D'1', 1
0258  EC46F000  	CALL FC_CAL_UAR_00073
025C  51BF      	MOVF FCD_0f051__00067_arg_FCL_Y2, W, 1
025E  6FC8      	MOVWF FC_CAL_UAR_00073_arg_nChar, 1
0260  51C0      	MOVF FCD_0f051__00067_arg_FCL_Y2+D'1', W, 1
0262  6FC9      	MOVWF FC_CAL_UAR_00073_arg_nChar+D'1', 1
0264  EC46F000  	CALL FC_CAL_UAR_00073
0268  5195      	MOVF gbl_FCV_0f051_gLCD_EB076_4_0000D+D'1', W, 1
026A  6FC8      	MOVWF FC_CAL_UAR_00073_arg_nChar, 1
026C  6BC9      	CLRF FC_CAL_UAR_00073_arg_nChar+D'1', 1
026E  EC46F000  	CALL FC_CAL_UAR_00073
0272  5194      	MOVF gbl_FCV_0f051_gLCD_EB076_4_0000D, W, 1
0274  6FC8      	MOVWF FC_CAL_UAR_00073_arg_nChar, 1
0276  5195      	MOVF gbl_FCV_0f051_gLCD_EB076_4_0000D+D'1', W, 1
0278  6FC9      	MOVWF FC_CAL_UAR_00073_arg_nChar+D'1', 1
027A  EC46F000  	CALL FC_CAL_UAR_00073
027E  69C8      	SETF FC_CAL_UAR_00072_arg_nTimeout, 1
0280  EC4EF000  	CALL FC_CAL_UAR_00072
0284  0012      	RETURN
0286            ; } FCD_0f051_gLCD_EB076_4D1__DrawRectangle function end

	ORG 0x00000286
0286            FCD_0f051__00066
0286            ; { FCD_0f051_gLCD_EB076_4D1__SetForegroundColour ; function begin
0286  33B9      	RRCF FCD_0f051__00066_arg_FCL_RED, F, 1
0288  33B9      	RRCF FCD_0f051__00066_arg_FCL_RED, F, 1
028A  33B9      	RRCF FCD_0f051__00066_arg_FCL_RED, F, 1
028C  0E1F      	MOVLW 0x1F
028E  17B9      	ANDWF FCD_0f051__00066_arg_FCL_RED, F, 1
0290  33BA      	RRCF FCD_0f051__00066_arg_FCL_GREEN, F, 1
0292  33BA      	RRCF FCD_0f051__00066_arg_FCL_GREEN, F, 1
0294  0E3F      	MOVLW 0x3F
0296  17BA      	ANDWF FCD_0f051__00066_arg_FCL_GREEN, F, 1
0298  33BB      	RRCF FCD_0f051__00066_arg_FCL_BLUE, F, 1
029A  33BB      	RRCF FCD_0f051__00066_arg_FCL_BLUE, F, 1
029C  33BB      	RRCF FCD_0f051__00066_arg_FCL_BLUE, F, 1
029E  0E1F      	MOVLW 0x1F
02A0  17BB      	ANDWF FCD_0f051__00066_arg_FCL_BLUE, F, 1
02A2  51BA      	MOVF FCD_0f051__00066_arg_FCL_GREEN, W, 1
02A4  6FBC      	MOVWF CompTempVar2698, 1
02A6  6B95      	CLRF gbl_FCV_0f051_gLCD_EB076_4_0000D+D'1', 1
02A8  37BC      	RLCF CompTempVar2698, F, 1
02AA  3795      	RLCF gbl_FCV_0f051_gLCD_EB076_4_0000D+D'1', F, 1
02AC  37BC      	RLCF CompTempVar2698, F, 1
02AE  3795      	RLCF gbl_FCV_0f051_gLCD_EB076_4_0000D+D'1', F, 1
02B0  37BC      	RLCF CompTempVar2698, F, 1
02B2  3795      	RLCF gbl_FCV_0f051_gLCD_EB076_4_0000D+D'1', F, 1
02B4  37BC      	RLCF CompTempVar2698, F, 1
02B6  3795      	RLCF gbl_FCV_0f051_gLCD_EB076_4_0000D+D'1', F, 1
02B8  37BC      	RLCF CompTempVar2698, F, 1
02BA  3795      	RLCF gbl_FCV_0f051_gLCD_EB076_4_0000D+D'1', F, 1
02BC  0EE0      	MOVLW 0xE0
02BE  17BC      	ANDWF CompTempVar2698, F, 1
02C0  51BC      	MOVF CompTempVar2698, W, 1
02C2  11BB      	IORWF FCD_0f051__00066_arg_FCL_BLUE, W, 1
02C4  6F94      	MOVWF gbl_FCV_0f051_gLCD_EB076_4_0000D, 1
02C6  6BBC      	CLRF CompTempVar2702, 1
02C8  51B9      	MOVF FCD_0f051__00066_arg_FCL_RED, W, 1
02CA  6FBD      	MOVWF CompTempVar2703, 1
02CC  90D8      	BCF STATUS,C
02CE  37BD      	RLCF CompTempVar2703, F, 1
02D0  90D8      	BCF STATUS,C
02D2  37BD      	RLCF CompTempVar2703, F, 1
02D4  90D8      	BCF STATUS,C
02D6  37BD      	RLCF CompTempVar2703, F, 1
02D8  51BC      	MOVF CompTempVar2702, W, 1
02DA  1394      	IORWF gbl_FCV_0f051_gLCD_EB076_4_0000D, F, 1
02DC  51BD      	MOVF CompTempVar2703, W, 1
02DE  1395      	IORWF gbl_FCV_0f051_gLCD_EB076_4_0000D+D'1', F, 1
02E0  0012      	RETURN
02E2            ; } FCD_0f051_gLCD_EB076_4D1__SetForegroundColour function end

	ORG 0x000002E2
02E2            FC_CAL_UAR_00074
02E2            ; { FC_CAL_UART_Init_1 ; function begin
02E2  84AC      	BSF gbl_txsta,2
02E4  0E7F      	MOVLW 0x7F
02E6  6EAF      	MOVWF gbl_spbrg
02E8  6AAB      	CLRF gbl_rcsta
02EA  8EAB      	BSF gbl_rcsta,7
02EC  8AAC      	BSF gbl_txsta,5
02EE  88AB      	BSF gbl_rcsta,4
02F0  9A9D      	BCF gbl_pie1,5
02F2  0012      	RETURN
02F4            ; } FC_CAL_UART_Init_1 function end

	ORG 0x000002F4
02F4            FC_CAL_UAR_00070
02F4            ; { FC_CAL_UART_UpdateBaud_1 ; function begin
02F4  0E07      	MOVLW 0x07
02F6  65B5      	CPFSGT FC_CAL_UAR_00070_arg_new_baud, 1
02F8  D001      	BRA	label18
02FA  0012      	RETURN
02FC            label18
02FC  53B5      	MOVF FC_CAL_UAR_00070_arg_new_baud, F, 1
02FE  E104      	BNZ	label19
0300  69B6      	SETF FC_CAL_UAR_00070_1_baudrate, 1
0302  0E01      	MOVLW 0x01
0304  6FB7      	MOVWF FC_CAL_UAR_00070_1_baudmode, 1
0306  D02F      	BRA	label26
0308            label19
0308  05B5      	DECF FC_CAL_UAR_00070_arg_new_baud, W, 1
030A  E105      	BNZ	label20
030C  0E7F      	MOVLW 0x7F
030E  6FB6      	MOVWF FC_CAL_UAR_00070_1_baudrate, 1
0310  0E01      	MOVLW 0x01
0312  6FB7      	MOVWF FC_CAL_UAR_00070_1_baudmode, 1
0314  D028      	BRA	label26
0316            label20
0316  0E02      	MOVLW 0x02
0318  63B5      	CPFSEQ FC_CAL_UAR_00070_arg_new_baud, 1
031A  D003      	BRA	label21
031C  69B6      	SETF FC_CAL_UAR_00070_1_baudrate, 1
031E  6BB7      	CLRF FC_CAL_UAR_00070_1_baudmode, 1
0320  D022      	BRA	label26
0322            label21
0322  0E03      	MOVLW 0x03
0324  63B5      	CPFSEQ FC_CAL_UAR_00070_arg_new_baud, 1
0326  D004      	BRA	label22
0328  0E7F      	MOVLW 0x7F
032A  6FB6      	MOVWF FC_CAL_UAR_00070_1_baudrate, 1
032C  6BB7      	CLRF FC_CAL_UAR_00070_1_baudmode, 1
032E  D01B      	BRA	label26
0330            label22
0330  0E04      	MOVLW 0x04
0332  63B5      	CPFSEQ FC_CAL_UAR_00070_arg_new_baud, 1
0334  D004      	BRA	label23
0336  0E3F      	MOVLW 0x3F
0338  6FB6      	MOVWF FC_CAL_UAR_00070_1_baudrate, 1
033A  6BB7      	CLRF FC_CAL_UAR_00070_1_baudmode, 1
033C  D014      	BRA	label26
033E            label23
033E  0E05      	MOVLW 0x05
0340  63B5      	CPFSEQ FC_CAL_UAR_00070_arg_new_baud, 1
0342  D004      	BRA	label24
0344  0E1F      	MOVLW 0x1F
0346  6FB6      	MOVWF FC_CAL_UAR_00070_1_baudrate, 1
0348  6BB7      	CLRF FC_CAL_UAR_00070_1_baudmode, 1
034A  D00D      	BRA	label26
034C            label24
034C  0E06      	MOVLW 0x06
034E  63B5      	CPFSEQ FC_CAL_UAR_00070_arg_new_baud, 1
0350  D004      	BRA	label25
0352  0E14      	MOVLW 0x14
0354  6FB6      	MOVWF FC_CAL_UAR_00070_1_baudrate, 1
0356  6BB7      	CLRF FC_CAL_UAR_00070_1_baudmode, 1
0358  D006      	BRA	label26
035A            label25
035A  0E07      	MOVLW 0x07
035C  63B5      	CPFSEQ FC_CAL_UAR_00070_arg_new_baud, 1
035E  D003      	BRA	label26
0360  0E0A      	MOVLW 0x0A
0362  6FB6      	MOVWF FC_CAL_UAR_00070_1_baudrate, 1
0364  6BB7      	CLRF FC_CAL_UAR_00070_1_baudmode, 1
0366            label26
0366  EC9DF000  	CALL FC_CAL_UAR_00071
036A  05B7      	DECF FC_CAL_UAR_00070_1_baudmode, W, 1
036C  E102      	BNZ	label27
036E  94AC      	BCF gbl_txsta,2
0370  D001      	BRA	label28
0372            label27
0372  84AC      	BSF gbl_txsta,2
0374            label28
0374  51B6      	MOVF FC_CAL_UAR_00070_1_baudrate, W, 1
0376  6EAF      	MOVWF gbl_spbrg
0378  6AAB      	CLRF gbl_rcsta
037A  8EAB      	BSF gbl_rcsta,7
037C  8AAC      	BSF gbl_txsta,5
037E  88AB      	BSF gbl_rcsta,4
0380  9A9D      	BCF gbl_pie1,5
0382  0012      	RETURN
0384            ; } FC_CAL_UART_UpdateBaud_1 function end

	ORG 0x00000384
0384            FC_CAL_Por_00042
0384            ; { FC_CAL_Port_In_DDR__x ; function begin
0384  51B8      	MOVF FC_CAL_Por_00042_arg_Tris+D'1', W, 1
0386  6EEA      	MOVWF FSR0H
0388  51B7      	MOVF FC_CAL_Por_00042_arg_Tris, W, 1
038A  6EE9      	MOVWF FSR0L
038C  51B9      	MOVF FC_CAL_Por_00042_arg_InMask, W, 1
038E  10EF      	IORWF INDF0, W
0390  6FBB      	MOVWF CompTempVar1825, 1
0392  51BB      	MOVF CompTempVar1825, W, 1
0394  6EEF      	MOVWF INDF0
0396  51B6      	MOVF FC_CAL_Por_00042_arg_Port+D'1', W, 1
0398  6EEA      	MOVWF FSR0H
039A  51B5      	MOVF FC_CAL_Por_00042_arg_Port, W, 1
039C  6EE9      	MOVWF FSR0L
039E  51B9      	MOVF FC_CAL_Por_00042_arg_InMask, W, 1
03A0  14EF      	ANDWF INDF0, W
03A2  6FBB      	MOVWF CompTempVarRet1822, 1
03A4  51BA      	MOVF FC_CAL_Por_00042_arg_Shift, W, 1
03A6  6FBC      	MOVWF CompTempVar1827, 1
03A8            label29
03A8  B4D8      	BTFSC STATUS,Z
03AA  0012      	RETURN
03AC  90D8      	BCF STATUS,C
03AE  33BB      	RRCF CompTempVarRet1822, F, 1
03B0  07BC      	DECF CompTempVar1827, F, 1
03B2  D7FA      	BRA	label29
03B4            ; } FC_CAL_Port_In_DDR__x function end

	ORG 0x000003B4
03B4            FCM_parame_00065
03B4            ; { FCM_parametres_bateau ; function begin
03B4  0E32      	MOVLW 0x32
03B6  6FB9      	MOVWF FCD_0f051__00066_arg_FCL_RED, 1
03B8  6FBA      	MOVWF FCD_0f051__00066_arg_FCL_GREEN, 1
03BA  6FBB      	MOVWF FCD_0f051__00066_arg_FCL_BLUE, 1
03BC  EC43F001  	CALL FCD_0f051__00066
03C0  51B1      	MOVF FCM_parame_00065_arg_FCL_POS_X1, W, 1
03C2  6FB9      	MOVWF FCD_0f051__00067_arg_FCL_X1, 1
03C4  51B2      	MOVF FCM_parame_00065_arg_FCL_POS_X1+D'1', W, 1
03C6  6FBA      	MOVWF FCD_0f051__00067_arg_FCL_X1+D'1', 1
03C8  51B5      	MOVF FCM_parame_00065_arg_FCL_POS_Y1, W, 1
03CA  6FBB      	MOVWF FCD_0f051__00067_arg_FCL_Y1, 1
03CC  51B6      	MOVF FCM_parame_00065_arg_FCL_POS_Y1+D'1', W, 1
03CE  6FBC      	MOVWF FCD_0f051__00067_arg_FCL_Y1+D'1', 1
03D0  51B3      	MOVF FCM_parame_00065_arg_FCL_POS_X2, W, 1
03D2  6FBD      	MOVWF FCD_0f051__00067_arg_FCL_X2, 1
03D4  51B4      	MOVF FCM_parame_00065_arg_FCL_POS_X2+D'1', W, 1
03D6  6FBE      	MOVWF FCD_0f051__00067_arg_FCL_X2+D'1', 1
03D8  51B7      	MOVF FCM_parame_00065_arg_FCL_POS_Y2, W, 1
03DA  6FBF      	MOVWF FCD_0f051__00067_arg_FCL_Y2, 1
03DC  51B8      	MOVF FCM_parame_00065_arg_FCL_POS_Y2+D'1', W, 1
03DE  6FC0      	MOVWF FCD_0f051__00067_arg_FCL_Y2+D'1', 1
03E0  6BC1      	CLRF FCD_0f051__00067_arg_FCL_T_00068, 1
03E2  0E01      	MOVLW 0x01
03E4  6FC2      	MOVWF FCD_0f051__00067_arg_FCL_SOLID, 1
03E6  ECA0F000  	CALL FCD_0f051__00067
03EA  0012      	RETURN
03EC            ; } FCM_parametres_bateau function end

	ORG 0x000003EC
03EC            FCD_0f051__0006E
03EC            ; { FCD_0f051_gLCD_EB076_4D1__DrawLine ; function begin
03EC  6BBA      	CLRF FCD_0f051__0006E_1_FCL_D1, 1
03EE  6BBB      	CLRF FCD_0f051__0006E_1_FCL_D1+D'1', 1
03F0  0E01      	MOVLW 0x01
03F2  6FBC      	MOVWF FCD_0f051__0006E_1_FCL_YINC, 1
03F4  6BBD      	CLRF FCD_0f051__0006E_1_FCL_YINC+D'1', 1
03F6  0E01      	MOVLW 0x01
03F8  6FBE      	MOVWF FCD_0f051__0006E_1_FCL_XINC, 1
03FA  6BBF      	CLRF FCD_0f051__0006E_1_FCL_XINC+D'1', 1
03FC  0E4C      	MOVLW 0x4C
03FE  6FC8      	MOVWF FC_CAL_UAR_00073_arg_nChar, 1
0400  6BC9      	CLRF FC_CAL_UAR_00073_arg_nChar+D'1', 1
0402  EC46F000  	CALL FC_CAL_UAR_00073
0406  51B3      	MOVF FCD_0f051__0006E_arg_FCL_X1+D'1', W, 1
0408  6FC8      	MOVWF FC_CAL_UAR_00073_arg_nChar, 1
040A  6BC9      	CLRF FC_CAL_UAR_00073_arg_nChar+D'1', 1
040C  EC46F000  	CALL FC_CAL_UAR_00073
0410  51B2      	MOVF FCD_0f051__0006E_arg_FCL_X1, W, 1
0412  6FC8      	MOVWF FC_CAL_UAR_00073_arg_nChar, 1
0414  51B3      	MOVF FCD_0f051__0006E_arg_FCL_X1+D'1', W, 1
0416  6FC9      	MOVWF FC_CAL_UAR_00073_arg_nChar+D'1', 1
0418  EC46F000  	CALL FC_CAL_UAR_00073
041C  51B5      	MOVF FCD_0f051__0006E_arg_FCL_Y1+D'1', W, 1
041E  6FC8      	MOVWF FC_CAL_UAR_00073_arg_nChar, 1
0420  6BC9      	CLRF FC_CAL_UAR_00073_arg_nChar+D'1', 1
0422  EC46F000  	CALL FC_CAL_UAR_00073
0426  51B4      	MOVF FCD_0f051__0006E_arg_FCL_Y1, W, 1
0428  6FC8      	MOVWF FC_CAL_UAR_00073_arg_nChar, 1
042A  51B5      	MOVF FCD_0f051__0006E_arg_FCL_Y1+D'1', W, 1
042C  6FC9      	MOVWF FC_CAL_UAR_00073_arg_nChar+D'1', 1
042E  EC46F000  	CALL FC_CAL_UAR_00073
0432  51B7      	MOVF FCD_0f051__0006E_arg_FCL_X2+D'1', W, 1
0434  6FC8      	MOVWF FC_CAL_UAR_00073_arg_nChar, 1
0436  6BC9      	CLRF FC_CAL_UAR_00073_arg_nChar+D'1', 1
0438  EC46F000  	CALL FC_CAL_UAR_00073
043C  51B6      	MOVF FCD_0f051__0006E_arg_FCL_X2, W, 1
043E  6FC8      	MOVWF FC_CAL_UAR_00073_arg_nChar, 1
0440  51B7      	MOVF FCD_0f051__0006E_arg_FCL_X2+D'1', W, 1
0442  6FC9      	MOVWF FC_CAL_UAR_00073_arg_nChar+D'1', 1
0444  EC46F000  	CALL FC_CAL_UAR_00073
0448  51B9      	MOVF FCD_0f051__0006E_arg_FCL_Y2+D'1', W, 1
044A  6FC8      	MOVWF FC_CAL_UAR_00073_arg_nChar, 1
044C  6BC9      	CLRF FC_CAL_UAR_00073_arg_nChar+D'1', 1
044E  EC46F000  	CALL FC_CAL_UAR_00073
0452  51B8      	MOVF FCD_0f051__0006E_arg_FCL_Y2, W, 1
0454  6FC8      	MOVWF FC_CAL_UAR_00073_arg_nChar, 1
0456  51B9      	MOVF FCD_0f051__0006E_arg_FCL_Y2+D'1', W, 1
0458  6FC9      	MOVWF FC_CAL_UAR_00073_arg_nChar+D'1', 1
045A  EC46F000  	CALL FC_CAL_UAR_00073
045E  5195      	MOVF gbl_FCV_0f051_gLCD_EB076_4_0000D+D'1', W, 1
0460  6FC8      	MOVWF FC_CAL_UAR_00073_arg_nChar, 1
0462  6BC9      	CLRF FC_CAL_UAR_00073_arg_nChar+D'1', 1
0464  EC46F000  	CALL FC_CAL_UAR_00073
0468  5194      	MOVF gbl_FCV_0f051_gLCD_EB076_4_0000D, W, 1
046A  6FC8      	MOVWF FC_CAL_UAR_00073_arg_nChar, 1
046C  5195      	MOVF gbl_FCV_0f051_gLCD_EB076_4_0000D+D'1', W, 1
046E  6FC9      	MOVWF FC_CAL_UAR_00073_arg_nChar+D'1', 1
0470  EC46F000  	CALL FC_CAL_UAR_00073
0474  69C8      	SETF FC_CAL_UAR_00072_arg_nTimeout, 1
0476  EC4EF000  	CALL FC_CAL_UAR_00072
047A  0012      	RETURN
047C            ; } FCD_0f051_gLCD_EB076_4D1__DrawLine function end

	ORG 0x0000047C
047C            FCD_0f051__00061
047C            ; { FCD_0f051_gLCD_EB076_4D1__ClearDisplay ; function begin
047C  0100      	MOVLB 0x00
047E  6BB5      	CLRF FCD_0f051__00061_1_FCL_Y, 1
0480  6BB6      	CLRF FCD_0f051__00061_1_FCL_Y+D'1', 1
0482  6BB7      	CLRF FCD_0f051__00061_1_FCL_X, 1
0484  6BB8      	CLRF FCD_0f051__00061_1_FCL_X+D'1', 1
0486  0E42      	MOVLW 0x42
0488  6FC8      	MOVWF FC_CAL_UAR_00073_arg_nChar, 1
048A  6BC9      	CLRF FC_CAL_UAR_00073_arg_nChar+D'1', 1
048C  EC46F000  	CALL FC_CAL_UAR_00073
0490  5193      	MOVF gbl_FCV_0f051_gLCD_EB076_4_0000C+D'1', W, 1
0492  6FC8      	MOVWF FC_CAL_UAR_00073_arg_nChar, 1
0494  6BC9      	CLRF FC_CAL_UAR_00073_arg_nChar+D'1', 1
0496  EC46F000  	CALL FC_CAL_UAR_00073
049A  5192      	MOVF gbl_FCV_0f051_gLCD_EB076_4_0000C, W, 1
049C  6FC8      	MOVWF FC_CAL_UAR_00073_arg_nChar, 1
049E  5193      	MOVF gbl_FCV_0f051_gLCD_EB076_4_0000C+D'1', W, 1
04A0  6FC9      	MOVWF FC_CAL_UAR_00073_arg_nChar+D'1', 1
04A2  EC46F000  	CALL FC_CAL_UAR_00073
04A6  69C8      	SETF FC_CAL_UAR_00072_arg_nTimeout, 1
04A8  EC4EF000  	CALL FC_CAL_UAR_00072
04AC  0E45      	MOVLW 0x45
04AE  6FC8      	MOVWF FC_CAL_UAR_00073_arg_nChar, 1
04B0  6BC9      	CLRF FC_CAL_UAR_00073_arg_nChar+D'1', 1
04B2  EC46F000  	CALL FC_CAL_UAR_00073
04B6  69C8      	SETF FC_CAL_UAR_00072_arg_nTimeout, 1
04B8  EC4EF000  	CALL FC_CAL_UAR_00072
04BC  0012      	RETURN
04BE            ; } FCD_0f051_gLCD_EB076_4D1__ClearDisplay function end

	ORG 0x000004BE
04BE            FCM_lignes_00000
04BE            ; { FCM_lignes ; function begin
04BE  0E18      	MOVLW 0x18
04C0  0100      	MOVLB 0x00
04C2  6F8A      	MOVWF gbl_FCV_X_LIGNE, 1
04C4  6B8B      	CLRF gbl_FCV_X_LIGNE+D'1', 1
04C6  0E18      	MOVLW 0x18
04C8  6F84      	MOVWF gbl_FCV_Y_LIGNE, 1
04CA  6B85      	CLRF gbl_FCV_Y_LIGNE+D'1', 1
04CC            label30
04CC  518A      	MOVF gbl_FCV_X_LIGNE, W, 1
04CE  6FB2      	MOVWF FCD_0f051__0006E_arg_FCL_X1, 1
04D0  518B      	MOVF gbl_FCV_X_LIGNE+D'1', W, 1
04D2  6FB3      	MOVWF FCD_0f051__0006E_arg_FCL_X1+D'1', 1
04D4  6BB4      	CLRF FCD_0f051__0006E_arg_FCL_Y1, 1
04D6  6BB5      	CLRF FCD_0f051__0006E_arg_FCL_Y1+D'1', 1
04D8  518A      	MOVF gbl_FCV_X_LIGNE, W, 1
04DA  6FB6      	MOVWF FCD_0f051__0006E_arg_FCL_X2, 1
04DC  518B      	MOVF gbl_FCV_X_LIGNE+D'1', W, 1
04DE  6FB7      	MOVWF FCD_0f051__0006E_arg_FCL_X2+D'1', 1
04E0  0EF0      	MOVLW 0xF0
04E2  6FB8      	MOVWF FCD_0f051__0006E_arg_FCL_Y2, 1
04E4  6BB9      	CLRF FCD_0f051__0006E_arg_FCL_Y2+D'1', 1
04E6  ECF6F001  	CALL FCD_0f051__0006E
04EA  6BB2      	CLRF CompTempVar2689, 1
04EC  0E18      	MOVLW 0x18
04EE  278A      	ADDWF gbl_FCV_X_LIGNE, F, 1
04F0  518B      	MOVF gbl_FCV_X_LIGNE+D'1', W, 1
04F2  23B2      	ADDWFC CompTempVar2689, F, 1
04F4  51B2      	MOVF CompTempVar2689, W, 1
04F6  6F8B      	MOVWF gbl_FCV_X_LIGNE+D'1', 1
04F8  6BB1      	CLRF CompTempVar2687, 1
04FA  0EF0      	MOVLW 0xF0
04FC  638A      	CPFSEQ gbl_FCV_X_LIGNE, 1
04FE  D003      	BRA	label31
0500  518B      	MOVF gbl_FCV_X_LIGNE+D'1', W, 1
0502  B4D8      	BTFSC STATUS,Z
0504  2BB1      	INCF CompTempVar2687, F, 1
0506            label31
0506  53B1      	MOVF CompTempVar2687, F, 1
0508  E0E1      	BZ	label30
050A            label32
050A  6BB2      	CLRF FCD_0f051__0006E_arg_FCL_X1, 1
050C  6BB3      	CLRF FCD_0f051__0006E_arg_FCL_X1+D'1', 1
050E  5184      	MOVF gbl_FCV_Y_LIGNE, W, 1
0510  6FB4      	MOVWF FCD_0f051__0006E_arg_FCL_Y1, 1
0512  5185      	MOVF gbl_FCV_Y_LIGNE+D'1', W, 1
0514  6FB5      	MOVWF FCD_0f051__0006E_arg_FCL_Y1+D'1', 1
0516  0EF0      	MOVLW 0xF0
0518  6FB6      	MOVWF FCD_0f051__0006E_arg_FCL_X2, 1
051A  6BB7      	CLRF FCD_0f051__0006E_arg_FCL_X2+D'1', 1
051C  5184      	MOVF gbl_FCV_Y_LIGNE, W, 1
051E  6FB8      	MOVWF FCD_0f051__0006E_arg_FCL_Y2, 1
0520  5185      	MOVF gbl_FCV_Y_LIGNE+D'1', W, 1
0522  6FB9      	MOVWF FCD_0f051__0006E_arg_FCL_Y2+D'1', 1
0524  ECF6F001  	CALL FCD_0f051__0006E
0528  6BB2      	CLRF CompTempVar2692, 1
052A  0E18      	MOVLW 0x18
052C  2784      	ADDWF gbl_FCV_Y_LIGNE, F, 1
052E  5185      	MOVF gbl_FCV_Y_LIGNE+D'1', W, 1
0530  23B2      	ADDWFC CompTempVar2692, F, 1
0532  51B2      	MOVF CompTempVar2692, W, 1
0534  6F85      	MOVWF gbl_FCV_Y_LIGNE+D'1', 1
0536  6BB1      	CLRF CompTempVar2690, 1
0538  0EF0      	MOVLW 0xF0
053A  6584      	CPFSGT gbl_FCV_Y_LIGNE, 1
053C  6785      	TSTFSZ gbl_FCV_Y_LIGNE+D'1', 1
053E  D001      	BRA	label33
0540  2BB1      	INCF CompTempVar2690, F, 1
0542            label33
0542  53B1      	MOVF CompTempVar2690, F, 1
0544  E1E2      	BNZ	label32
0546  0012      	RETURN
0548            ; } FCM_lignes function end

	ORG 0x00000548
0548            FCM_affich_0005C
0548            ; { FCM_affichage_bateau ; function begin
0548  0100      	MOVLB 0x00
054A  518E      	MOVF gbl_FCV_X, W, 1
054C  6FB1      	MOVWF FCM_parame_00065_arg_FCL_POS_X1, 1
054E  518F      	MOVF gbl_FCV_X+D'1', W, 1
0550  6FB2      	MOVWF FCM_parame_00065_arg_FCL_POS_X1+D'1', 1
0552  0E18      	MOVLW 0x18
0554  5D8E      	SUBWF gbl_FCV_X, W, 1
0556  6FB3      	MOVWF FCM_parame_00065_arg_FCL_POS_X2, 1
0558  598E      	SUBWFB gbl_FCV_X, W, 1
055A  0818      	SUBLW 0x18
055C  5D8F      	SUBWF gbl_FCV_X+D'1', W, 1
055E  6FB4      	MOVWF FCM_parame_00065_arg_FCL_POS_X2+D'1', 1
0560  518C      	MOVF gbl_FCV_Y, W, 1
0562  6FB5      	MOVWF FCM_parame_00065_arg_FCL_POS_Y1, 1
0564  518D      	MOVF gbl_FCV_Y+D'1', W, 1
0566  6FB6      	MOVWF FCM_parame_00065_arg_FCL_POS_Y1+D'1', 1
0568  0E18      	MOVLW 0x18
056A  5D8C      	SUBWF gbl_FCV_Y, W, 1
056C  6FB7      	MOVWF FCM_parame_00065_arg_FCL_POS_Y2, 1
056E  598C      	SUBWFB gbl_FCV_Y, W, 1
0570  0818      	SUBLW 0x18
0572  5D8D      	SUBWF gbl_FCV_Y+D'1', W, 1
0574  6FB8      	MOVWF FCM_parame_00065_arg_FCL_POS_Y2+D'1', 1
0576  ECDAF001  	CALL FCM_parame_00065
057A  0012      	RETURN
057C            ; } FCM_affichage_bateau function end

	ORG 0x0000057C
057C            FCI_GETLEN_0004B
057C            ; { FCI_GETLENGTH ; function begin
057C  6BCB      	CLRF FCI_GETLEN_0004B_1_tmp, 1
057E            label34
057E  51CA      	MOVF FCI_GETLEN_0004B_arg_iStr1_len, W, 1
0580  61CB      	CPFSLT FCI_GETLEN_0004B_1_tmp, 1
0582  D009      	BRA	label35
0584  51C9      	MOVF FCI_GETLEN_0004B_arg_sStr1+D'1', W, 1
0586  6EEA      	MOVWF FSR0H
0588  51C8      	MOVF FCI_GETLEN_0004B_arg_sStr1, W, 1
058A  25CB      	ADDWF FCI_GETLEN_0004B_1_tmp, W, 1
058C  6EE9      	MOVWF FSR0L
058E  52EF      	MOVF INDF0, F
0590  E002      	BZ	label35
0592  2BCB      	INCF FCI_GETLEN_0004B_1_tmp, F, 1
0594  D7F4      	BRA	label34
0596            label35
0596  51CB      	MOVF FCI_GETLEN_0004B_1_tmp, W, 1
0598  6FCC      	MOVWF CompTempVarRet1850, 1
059A  0012      	RETURN
059C            ; } FCI_GETLENGTH function end

	ORG 0x0000059C
059C            FCD_0f051__0006D
059C            ; { FCD_0f051_gLCD_EB076_4D1__G4D_GetTouchCoordinatesPicaso ; function begin
059C  0E6F      	MOVLW 0x6F
059E  0100      	MOVLB 0x00
05A0  6FC8      	MOVWF FC_CAL_UAR_00073_arg_nChar, 1
05A2  6BC9      	CLRF FC_CAL_UAR_00073_arg_nChar+D'1', 1
05A4  EC46F000  	CALL FC_CAL_UAR_00073
05A8  0E04      	MOVLW 0x04
05AA  6FC8      	MOVWF FC_CAL_UAR_00073_arg_nChar, 1
05AC  6BC9      	CLRF FC_CAL_UAR_00073_arg_nChar+D'1', 1
05AE  EC46F000  	CALL FC_CAL_UAR_00073
05B2  69C8      	SETF FC_CAL_UAR_00072_arg_nTimeout, 1
05B4  EC4EF000  	CALL FC_CAL_UAR_00072
05B8  69C8      	SETF FC_CAL_UAR_00072_arg_nTimeout, 1
05BA  EC4EF000  	CALL FC_CAL_UAR_00072
05BE  51D1      	MOVF CompTempVarRet2748, W, 1
05C0  6FB2      	MOVWF FCD_0f051__0006D_1_FCR_RETVAL, 1
05C2  69C8      	SETF FC_CAL_UAR_00072_arg_nTimeout, 1
05C4  EC4EF000  	CALL FC_CAL_UAR_00072
05C8  69C8      	SETF FC_CAL_UAR_00072_arg_nTimeout, 1
05CA  EC4EF000  	CALL FC_CAL_UAR_00072
05CE  53B2      	MOVF FCD_0f051__0006D_1_FCR_RETVAL, F, 1
05D0  E032      	BZ	label36
05D2  0E6F      	MOVLW 0x6F
05D4  6FC8      	MOVWF FC_CAL_UAR_00073_arg_nChar, 1
05D6  6BC9      	CLRF FC_CAL_UAR_00073_arg_nChar+D'1', 1
05D8  EC46F000  	CALL FC_CAL_UAR_00073
05DC  0E05      	MOVLW 0x05
05DE  6FC8      	MOVWF FC_CAL_UAR_00073_arg_nChar, 1
05E0  6BC9      	CLRF FC_CAL_UAR_00073_arg_nChar+D'1', 1
05E2  EC46F000  	CALL FC_CAL_UAR_00073
05E6  69C8      	SETF FC_CAL_UAR_00072_arg_nTimeout, 1
05E8  EC4EF000  	CALL FC_CAL_UAR_00072
05EC  51D1      	MOVF CompTempVarRet2748, W, 1
05EE  6F98      	MOVWF gbl_FCV_0f051_gLCD_EB076_4_0000F, 1
05F0  51D2      	MOVF CompTempVarRet2748+D'1', W, 1
05F2  6F99      	MOVWF gbl_FCV_0f051_gLCD_EB076_4_0000F+D'1', 1
05F4  69C8      	SETF FC_CAL_UAR_00072_arg_nTimeout, 1
05F6  EC4EF000  	CALL FC_CAL_UAR_00072
05FA  51D1      	MOVF CompTempVarRet2748, W, 1
05FC  6FB1      	MOVWF FCD_0f051__0006D_1_FCL_TEMP, 1
05FE  6BB3      	CLRF CompTempVar2730, 1
0600  5198      	MOVF gbl_FCV_0f051_gLCD_EB076_4_0000F, W, 1
0602  6F99      	MOVWF gbl_FCV_0f051_gLCD_EB076_4_0000F+D'1', 1
0604  51B3      	MOVF CompTempVar2730, W, 1
0606  6F98      	MOVWF gbl_FCV_0f051_gLCD_EB076_4_0000F, 1
0608  51B1      	MOVF FCD_0f051__0006D_1_FCL_TEMP, W, 1
060A  1398      	IORWF gbl_FCV_0f051_gLCD_EB076_4_0000F, F, 1
060C  5399      	MOVF gbl_FCV_0f051_gLCD_EB076_4_0000F+D'1', F, 1
060E  69C8      	SETF FC_CAL_UAR_00072_arg_nTimeout, 1
0610  EC4EF000  	CALL FC_CAL_UAR_00072
0614  51D1      	MOVF CompTempVarRet2748, W, 1
0616  6F96      	MOVWF gbl_FCV_0f051_gLCD_EB076_4_0000E, 1
0618  51D2      	MOVF CompTempVarRet2748+D'1', W, 1
061A  6F97      	MOVWF gbl_FCV_0f051_gLCD_EB076_4_0000E+D'1', 1
061C  69C8      	SETF FC_CAL_UAR_00072_arg_nTimeout, 1
061E  EC4EF000  	CALL FC_CAL_UAR_00072
0622  51D1      	MOVF CompTempVarRet2748, W, 1
0624  6FB1      	MOVWF FCD_0f051__0006D_1_FCL_TEMP, 1
0626  6BB3      	CLRF CompTempVar2734, 1
0628  5196      	MOVF gbl_FCV_0f051_gLCD_EB076_4_0000E, W, 1
062A  6F97      	MOVWF gbl_FCV_0f051_gLCD_EB076_4_0000E+D'1', 1
062C  51B3      	MOVF CompTempVar2734, W, 1
062E  6F96      	MOVWF gbl_FCV_0f051_gLCD_EB076_4_0000E, 1
0630  51B1      	MOVF FCD_0f051__0006D_1_FCL_TEMP, W, 1
0632  1396      	IORWF gbl_FCV_0f051_gLCD_EB076_4_0000E, F, 1
0634  5397      	MOVF gbl_FCV_0f051_gLCD_EB076_4_0000E+D'1', F, 1
0636            label36
0636  51B2      	MOVF FCD_0f051__0006D_1_FCR_RETVAL, W, 1
0638  6FB3      	MOVWF CompTempVarRet2729, 1
063A  0012      	RETURN
063C            ; } FCD_0f051_gLCD_EB076_4D1__G4D_GetTouchCoordinatesPicaso function end

	ORG 0x0000063C
063C            FCD_0f051__00064
063C            ; { FCD_0f051_gLCD_EB076_4D1__G4D_EnableTouchscreenPicaso ; function begin
063C  0E59      	MOVLW 0x59
063E  0100      	MOVLB 0x00
0640  6FC8      	MOVWF FC_CAL_UAR_00073_arg_nChar, 1
0642  6BC9      	CLRF FC_CAL_UAR_00073_arg_nChar+D'1', 1
0644  EC46F000  	CALL FC_CAL_UAR_00073
0648  0E05      	MOVLW 0x05
064A  6FC8      	MOVWF FC_CAL_UAR_00073_arg_nChar, 1
064C  6BC9      	CLRF FC_CAL_UAR_00073_arg_nChar+D'1', 1
064E  EC46F000  	CALL FC_CAL_UAR_00073
0652  6BC8      	CLRF FC_CAL_UAR_00073_arg_nChar, 1
0654  6BC9      	CLRF FC_CAL_UAR_00073_arg_nChar+D'1', 1
0656  EC46F000  	CALL FC_CAL_UAR_00073
065A  69C8      	SETF FC_CAL_UAR_00072_arg_nTimeout, 1
065C  EC4EF000  	CALL FC_CAL_UAR_00072
0660  51D1      	MOVF CompTempVarRet2748, W, 1
0662  6FB1      	MOVWF FCD_0f051__00064_1_FCR_RETVAL, 1
0664  0E59      	MOVLW 0x59
0666  6FC8      	MOVWF FC_CAL_UAR_00073_arg_nChar, 1
0668  6BC9      	CLRF FC_CAL_UAR_00073_arg_nChar+D'1', 1
066A  EC46F000  	CALL FC_CAL_UAR_00073
066E  0E05      	MOVLW 0x05
0670  6FC8      	MOVWF FC_CAL_UAR_00073_arg_nChar, 1
0672  6BC9      	CLRF FC_CAL_UAR_00073_arg_nChar+D'1', 1
0674  EC46F000  	CALL FC_CAL_UAR_00073
0678  0E02      	MOVLW 0x02
067A  6FC8      	MOVWF FC_CAL_UAR_00073_arg_nChar, 1
067C  6BC9      	CLRF FC_CAL_UAR_00073_arg_nChar+D'1', 1
067E  EC46F000  	CALL FC_CAL_UAR_00073
0682  69C8      	SETF FC_CAL_UAR_00072_arg_nTimeout, 1
0684  EC4EF000  	CALL FC_CAL_UAR_00072
0688  51D1      	MOVF CompTempVarRet2748, W, 1
068A  6FB1      	MOVWF FCD_0f051__00064_1_FCR_RETVAL, 1
068C  0E06      	MOVLW 0x06
068E  63B1      	CPFSEQ FCD_0f051__00064_1_FCR_RETVAL, 1
0690  D002      	BRA	label37
0692  6BB1      	CLRF FCD_0f051__00064_1_FCR_RETVAL, 1
0694  D001      	BRA	label38
0696            label37
0696  69B1      	SETF FCD_0f051__00064_1_FCR_RETVAL, 1
0698            label38
0698  51B1      	MOVF FCD_0f051__00064_1_FCR_RETVAL, W, 1
069A  6FB2      	MOVWF CompTempVarRet2694, 1
069C  0012      	RETURN
069E            ; } FCD_0f051_gLCD_EB076_4D1__G4D_EnableTouchscreenPicaso function end

	ORG 0x0000069E
069E            FCD_0f051__00063
069E            ; { FCD_0f051_gLCD_EB076_4D1__G4D_DisableTouchscreenPicaso ; function begin
069E  0E59      	MOVLW 0x59
06A0  0100      	MOVLB 0x00
06A2  6FC8      	MOVWF FC_CAL_UAR_00073_arg_nChar, 1
06A4  6BC9      	CLRF FC_CAL_UAR_00073_arg_nChar+D'1', 1
06A6  EC46F000  	CALL FC_CAL_UAR_00073
06AA  0E05      	MOVLW 0x05
06AC  6FC8      	MOVWF FC_CAL_UAR_00073_arg_nChar, 1
06AE  6BC9      	CLRF FC_CAL_UAR_00073_arg_nChar+D'1', 1
06B0  EC46F000  	CALL FC_CAL_UAR_00073
06B4  0E01      	MOVLW 0x01
06B6  6FC8      	MOVWF FC_CAL_UAR_00073_arg_nChar, 1
06B8  6BC9      	CLRF FC_CAL_UAR_00073_arg_nChar+D'1', 1
06BA  EC46F000  	CALL FC_CAL_UAR_00073
06BE  69C8      	SETF FC_CAL_UAR_00072_arg_nTimeout, 1
06C0  EC4EF000  	CALL FC_CAL_UAR_00072
06C4  51D1      	MOVF CompTempVarRet2748, W, 1
06C6  6FB1      	MOVWF FCD_0f051__00063_1_FCR_RETVAL, 1
06C8  0E06      	MOVLW 0x06
06CA  63B1      	CPFSEQ FCD_0f051__00063_1_FCR_RETVAL, 1
06CC  D002      	BRA	label39
06CE  6BB1      	CLRF FCD_0f051__00063_1_FCR_RETVAL, 1
06D0  D001      	BRA	label40
06D2            label39
06D2  69B1      	SETF FCD_0f051__00063_1_FCR_RETVAL, 1
06D4            label40
06D4  51B1      	MOVF FCD_0f051__00063_1_FCR_RETVAL, W, 1
06D6  6FB2      	MOVWF CompTempVarRet2693, 1
06D8  0012      	RETURN
06DA            ; } FCD_0f051_gLCD_EB076_4D1__G4D_DisableTouchscreenPicaso function end

	ORG 0x000006DA
06DA            FCD_0f051__00060
06DA            ; { FCD_0f051_gLCD_EB076_4D1__Initialise ; function begin
06DA  0100      	MOVLB 0x00
06DC  6BB5      	CLRF FCD_0f051__00060_2_ptmp, 1
06DE  9A94      	BCF gbl_trisc,5
06E0  53B5      	MOVF FCD_0f051__00060_2_ptmp, F, 1
06E2  E004      	BZ	label41
06E4  0E20      	MOVLW 0x20
06E6  108B      	IORWF gbl_latc, W
06E8  6E82      	MOVWF gbl_portc
06EA  D003      	BRA	label42
06EC            label41
06EC  0EDF      	MOVLW 0xDF
06EE  148B      	ANDWF gbl_latc, W
06F0  6E82      	MOVWF gbl_portc
06F2            label42
06F2  EC71F001  	CALL FC_CAL_UAR_00074
06F6  0E64      	MOVLW 0x64
06F8  6FB5      	MOVWF delay_us_00000_arg_del, 1
06FA  EC2EF000  	CALL delay_us_00000
06FE  0E0F      	MOVLW HIGH(gbl_portc+D'0')
0700  6FB6      	MOVWF FC_CAL_Por_00042_arg_Port+D'1', 1
0702  0E82      	MOVLW LOW(gbl_portc+D'0')
0704  6FB5      	MOVWF FC_CAL_Por_00042_arg_Port, 1
0706  0E0F      	MOVLW HIGH(gbl_trisc+D'0')
0708  6FB8      	MOVWF FC_CAL_Por_00042_arg_Tris+D'1', 1
070A  0E94      	MOVLW LOW(gbl_trisc+D'0')
070C  6FB7      	MOVWF FC_CAL_Por_00042_arg_Tris, 1
070E  0E20      	MOVLW 0x20
0710  6FB9      	MOVWF FC_CAL_Por_00042_arg_InMask, 1
0712  0E05      	MOVLW 0x05
0714  6FBA      	MOVWF FC_CAL_Por_00042_arg_Shift, 1
0716  ECC2F001  	CALL FC_CAL_Por_00042
071A  51BB      	MOVF CompTempVarRet1822, W, 1
071C  6FB4      	MOVWF FCD_0f051__00060_1_FCL_DUMMY, 1
071E  0E03      	MOVLW 0x03
0720  6FB5      	MOVWF delay_s_00000_arg_del, 1
0722  EC33F000  	CALL delay_s_00000
0726  6BC8      	CLRF FC_CAL_UAR_00072_arg_nTimeout, 1
0728  EC4EF000  	CALL FC_CAL_UAR_00072
072C  6BC8      	CLRF FC_CAL_UAR_00072_arg_nTimeout, 1
072E  EC4EF000  	CALL FC_CAL_UAR_00072
0732  6BC8      	CLRF FC_CAL_UAR_00072_arg_nTimeout, 1
0734  EC4EF000  	CALL FC_CAL_UAR_00072
0738  0E55      	MOVLW 0x55
073A  6FC8      	MOVWF FC_CAL_UAR_00073_arg_nChar, 1
073C  6BC9      	CLRF FC_CAL_UAR_00073_arg_nChar+D'1', 1
073E  EC46F000  	CALL FC_CAL_UAR_00073
0742  69C8      	SETF FC_CAL_UAR_00072_arg_nTimeout, 1
0744  EC4EF000  	CALL FC_CAL_UAR_00072
0748  0E51      	MOVLW 0x51
074A  6FC8      	MOVWF FC_CAL_UAR_00073_arg_nChar, 1
074C  6BC9      	CLRF FC_CAL_UAR_00073_arg_nChar+D'1', 1
074E  EC46F000  	CALL FC_CAL_UAR_00073
0752  0E0C      	MOVLW 0x0C
0754  6FC8      	MOVWF FC_CAL_UAR_00073_arg_nChar, 1
0756  6BC9      	CLRF FC_CAL_UAR_00073_arg_nChar+D'1', 1
0758  EC46F000  	CALL FC_CAL_UAR_00073
075C  69C8      	SETF FC_CAL_UAR_00072_arg_nTimeout, 1
075E  EC4EF000  	CALL FC_CAL_UAR_00072
0762  0E06      	MOVLW 0x06
0764  6FB5      	MOVWF FC_CAL_UAR_00070_arg_new_baud, 1
0766  EC7AF001  	CALL FC_CAL_UAR_00070
076A  0E0A      	MOVLW 0x0A
076C  6FC8      	MOVWF FC_CAL_UAR_00072_arg_nTimeout, 1
076E  EC4EF000  	CALL FC_CAL_UAR_00072
0772  0E0A      	MOVLW 0x0A
0774  6FC8      	MOVWF FC_CAL_UAR_00072_arg_nTimeout, 1
0776  EC4EF000  	CALL FC_CAL_UAR_00072
077A  6BB1      	CLRF FCD_0f051__00060_1_FCL_RED, 1
077C  33B1      	RRCF FCD_0f051__00060_1_FCL_RED, F, 1
077E  33B1      	RRCF FCD_0f051__00060_1_FCL_RED, F, 1
0780  33B1      	RRCF FCD_0f051__00060_1_FCL_RED, F, 1
0782  0E1F      	MOVLW 0x1F
0784  17B1      	ANDWF FCD_0f051__00060_1_FCL_RED, F, 1
0786  6BB2      	CLRF FCD_0f051__00060_1_FCL_GREEN, 1
0788  33B2      	RRCF FCD_0f051__00060_1_FCL_GREEN, F, 1
078A  33B2      	RRCF FCD_0f051__00060_1_FCL_GREEN, F, 1
078C  0E3F      	MOVLW 0x3F
078E  17B2      	ANDWF FCD_0f051__00060_1_FCL_GREEN, F, 1
0790  6BB3      	CLRF FCD_0f051__00060_1_FCL_BLUE, 1
0792  33B3      	RRCF FCD_0f051__00060_1_FCL_BLUE, F, 1
0794  33B3      	RRCF FCD_0f051__00060_1_FCL_BLUE, F, 1
0796  33B3      	RRCF FCD_0f051__00060_1_FCL_BLUE, F, 1
0798  0E1F      	MOVLW 0x1F
079A  17B3      	ANDWF FCD_0f051__00060_1_FCL_BLUE, F, 1
079C  51B2      	MOVF FCD_0f051__00060_1_FCL_GREEN, W, 1
079E  6FB5      	MOVWF CompTempVar2666, 1
07A0  6B95      	CLRF gbl_FCV_0f051_gLCD_EB076_4_0000D+D'1', 1
07A2  37B5      	RLCF CompTempVar2666, F, 1
07A4  3795      	RLCF gbl_FCV_0f051_gLCD_EB076_4_0000D+D'1', F, 1
07A6  37B5      	RLCF CompTempVar2666, F, 1
07A8  3795      	RLCF gbl_FCV_0f051_gLCD_EB076_4_0000D+D'1', F, 1
07AA  37B5      	RLCF CompTempVar2666, F, 1
07AC  3795      	RLCF gbl_FCV_0f051_gLCD_EB076_4_0000D+D'1', F, 1
07AE  37B5      	RLCF CompTempVar2666, F, 1
07B0  3795      	RLCF gbl_FCV_0f051_gLCD_EB076_4_0000D+D'1', F, 1
07B2  37B5      	RLCF CompTempVar2666, F, 1
07B4  3795      	RLCF gbl_FCV_0f051_gLCD_EB076_4_0000D+D'1', F, 1
07B6  0EE0      	MOVLW 0xE0
07B8  17B5      	ANDWF CompTempVar2666, F, 1
07BA  51B5      	MOVF CompTempVar2666, W, 1
07BC  11B3      	IORWF FCD_0f051__00060_1_FCL_BLUE, W, 1
07BE  6F94      	MOVWF gbl_FCV_0f051_gLCD_EB076_4_0000D, 1
07C0  6BB5      	CLRF CompTempVar2670, 1
07C2  51B1      	MOVF FCD_0f051__00060_1_FCL_RED, W, 1
07C4  6FB6      	MOVWF CompTempVar2671, 1
07C6  90D8      	BCF STATUS,C
07C8  37B6      	RLCF CompTempVar2671, F, 1
07CA  90D8      	BCF STATUS,C
07CC  37B6      	RLCF CompTempVar2671, F, 1
07CE  90D8      	BCF STATUS,C
07D0  37B6      	RLCF CompTempVar2671, F, 1
07D2  51B5      	MOVF CompTempVar2670, W, 1
07D4  1394      	IORWF gbl_FCV_0f051_gLCD_EB076_4_0000D, F, 1
07D6  51B6      	MOVF CompTempVar2671, W, 1
07D8  1395      	IORWF gbl_FCV_0f051_gLCD_EB076_4_0000D+D'1', F, 1
07DA  69B1      	SETF FCD_0f051__00060_1_FCL_RED, 1
07DC  33B1      	RRCF FCD_0f051__00060_1_FCL_RED, F, 1
07DE  33B1      	RRCF FCD_0f051__00060_1_FCL_RED, F, 1
07E0  33B1      	RRCF FCD_0f051__00060_1_FCL_RED, F, 1
07E2  0E1F      	MOVLW 0x1F
07E4  17B1      	ANDWF FCD_0f051__00060_1_FCL_RED, F, 1
07E6  69B2      	SETF FCD_0f051__00060_1_FCL_GREEN, 1
07E8  33B2      	RRCF FCD_0f051__00060_1_FCL_GREEN, F, 1
07EA  33B2      	RRCF FCD_0f051__00060_1_FCL_GREEN, F, 1
07EC  0E3F      	MOVLW 0x3F
07EE  17B2      	ANDWF FCD_0f051__00060_1_FCL_GREEN, F, 1
07F0  69B3      	SETF FCD_0f051__00060_1_FCL_BLUE, 1
07F2  33B3      	RRCF FCD_0f051__00060_1_FCL_BLUE, F, 1
07F4  33B3      	RRCF FCD_0f051__00060_1_FCL_BLUE, F, 1
07F6  33B3      	RRCF FCD_0f051__00060_1_FCL_BLUE, F, 1
07F8  0E1F      	MOVLW 0x1F
07FA  17B3      	ANDWF FCD_0f051__00060_1_FCL_BLUE, F, 1
07FC  51B2      	MOVF FCD_0f051__00060_1_FCL_GREEN, W, 1
07FE  6FB5      	MOVWF CompTempVar2677, 1
0800  6B93      	CLRF gbl_FCV_0f051_gLCD_EB076_4_0000C+D'1', 1
0802  37B5      	RLCF CompTempVar2677, F, 1
0804  3793      	RLCF gbl_FCV_0f051_gLCD_EB076_4_0000C+D'1', F, 1
0806  37B5      	RLCF CompTempVar2677, F, 1
0808  3793      	RLCF gbl_FCV_0f051_gLCD_EB076_4_0000C+D'1', F, 1
080A  37B5      	RLCF CompTempVar2677, F, 1
080C  3793      	RLCF gbl_FCV_0f051_gLCD_EB076_4_0000C+D'1', F, 1
080E  37B5      	RLCF CompTempVar2677, F, 1
0810  3793      	RLCF gbl_FCV_0f051_gLCD_EB076_4_0000C+D'1', F, 1
0812  37B5      	RLCF CompTempVar2677, F, 1
0814  3793      	RLCF gbl_FCV_0f051_gLCD_EB076_4_0000C+D'1', F, 1
0816  0EE0      	MOVLW 0xE0
0818  17B5      	ANDWF CompTempVar2677, F, 1
081A  51B5      	MOVF CompTempVar2677, W, 1
081C  11B3      	IORWF FCD_0f051__00060_1_FCL_BLUE, W, 1
081E  6F92      	MOVWF gbl_FCV_0f051_gLCD_EB076_4_0000C, 1
0820  6BB5      	CLRF CompTempVar2681, 1
0822  51B1      	MOVF FCD_0f051__00060_1_FCL_RED, W, 1
0824  6FB6      	MOVWF CompTempVar2682, 1
0826  90D8      	BCF STATUS,C
0828  37B6      	RLCF CompTempVar2682, F, 1
082A  90D8      	BCF STATUS,C
082C  37B6      	RLCF CompTempVar2682, F, 1
082E  90D8      	BCF STATUS,C
0830  37B6      	RLCF CompTempVar2682, F, 1
0832  51B5      	MOVF CompTempVar2681, W, 1
0834  1392      	IORWF gbl_FCV_0f051_gLCD_EB076_4_0000C, F, 1
0836  51B6      	MOVF CompTempVar2682, W, 1
0838  1393      	IORWF gbl_FCV_0f051_gLCD_EB076_4_0000C+D'1', F, 1
083A  EC3EF002  	CALL FCD_0f051__00061
083E  0E0A      	MOVLW 0x0A
0840  6FC8      	MOVWF FC_CAL_UAR_00072_arg_nTimeout, 1
0842  EC4EF000  	CALL FC_CAL_UAR_00072
0846  0E0A      	MOVLW 0x0A
0848  6FC8      	MOVWF FC_CAL_UAR_00072_arg_nTimeout, 1
084A  EC4EF000  	CALL FC_CAL_UAR_00072
084E  0012      	RETURN
0850            ; } FCD_0f051_gLCD_EB076_4D1__Initialise function end

	ORG 0x00000850
0850            FCD_0f051__0005E
0850            ; { FCD_0f051_gLCD_EB076_4D1__G4D_ReadTouchCoordinatesPicaso ; function begin
0850  6BB2      	CLRF FCD_0f051__0005E_1_FCR_RETVAL, 1
0852  6BB3      	CLRF FCD_0f051__0005E_1_FCR_RETVAL+D'1', 1
0854  53B1      	MOVF FCD_0f051__0005E_arg_FCL_AXIS, F, 1
0856  E007      	BZ	label44
0858  0E78      	MOVLW 0x78
085A  63B1      	CPFSEQ FCD_0f051__0005E_arg_FCL_AXIS, 1
085C  D001      	BRA	label43
085E  D003      	BRA	label44
0860            label43
0860  0E58      	MOVLW 0x58
0862  63B1      	CPFSEQ FCD_0f051__0005E_arg_FCL_AXIS, 1
0864  D004      	BRA	label45
0866            label44
0866  5198      	MOVF gbl_FCV_0f051_gLCD_EB076_4_0000F, W, 1
0868  6FB2      	MOVWF FCD_0f051__0005E_1_FCR_RETVAL, 1
086A  5199      	MOVF gbl_FCV_0f051_gLCD_EB076_4_0000F+D'1', W, 1
086C  6FB3      	MOVWF FCD_0f051__0005E_1_FCR_RETVAL+D'1', 1
086E            label45
086E  05B1      	DECF FCD_0f051__0005E_arg_FCL_AXIS, W, 1
0870  E007      	BZ	label47
0872  0E79      	MOVLW 0x79
0874  63B1      	CPFSEQ FCD_0f051__0005E_arg_FCL_AXIS, 1
0876  D001      	BRA	label46
0878  D003      	BRA	label47
087A            label46
087A  0E59      	MOVLW 0x59
087C  63B1      	CPFSEQ FCD_0f051__0005E_arg_FCL_AXIS, 1
087E  D004      	BRA	label48
0880            label47
0880  5196      	MOVF gbl_FCV_0f051_gLCD_EB076_4_0000E, W, 1
0882  6FB2      	MOVWF FCD_0f051__0005E_1_FCR_RETVAL, 1
0884  5197      	MOVF gbl_FCV_0f051_gLCD_EB076_4_0000E+D'1', W, 1
0886  6FB3      	MOVWF FCD_0f051__0005E_1_FCR_RETVAL+D'1', 1
0888            label48
0888  51B2      	MOVF FCD_0f051__0005E_1_FCR_RETVAL, W, 1
088A  6FB4      	MOVWF CompTempVarRet2649, 1
088C  51B3      	MOVF FCD_0f051__0005E_1_FCR_RETVAL+D'1', W, 1
088E  6FB5      	MOVWF CompTempVarRet2649+D'1', 1
0890  0012      	RETURN
0892            ; } FCD_0f051_gLCD_EB076_4D1__G4D_ReadTouchCoordinatesPicaso function end

	ORG 0x00000892
0892            FCM_Reinit_00062
0892            ; { FCM_Reinitialisation_tactile ; function begin
0892  EC4FF003  	CALL FCD_0f051__00063
0896  EC1EF003  	CALL FCD_0f051__00064
089A  0012      	RETURN
089C            ; } FCM_Reinitialisation_tactile function end

	ORG 0x0000089C
089C            FCM_Recupe_0006C
089C            ; { FCM_Recuperation_coordonees ; function begin
089C  ECCEF002  	CALL FCD_0f051__0006D
08A0  51B3      	MOVF CompTempVarRet2729, W, 1
08A2  6FA5      	MOVWF gbl_FCV_APPUI_ECRAN, 1
08A4  0012      	RETURN
08A6            ; } FCM_Recuperation_coordonees function end

	ORG 0x000008A6
08A6            FCM_Lectur_0005D
08A6            ; { FCM_Lecture_Coordonnes ; function begin
08A6  0100      	MOVLB 0x00
08A8  6BB1      	CLRF FCD_0f051__0005E_arg_FCL_AXIS, 1
08AA  EC28F004  	CALL FCD_0f051__0005E
08AE  51B4      	MOVF CompTempVarRet2649, W, 1
08B0  6F90      	MOVWF gbl_FCV_X_TOUCH, 1
08B2  51B5      	MOVF CompTempVarRet2649+D'1', W, 1
08B4  6F91      	MOVWF gbl_FCV_X_TOUCH+D'1', 1
08B6  0E01      	MOVLW 0x01
08B8  6FB1      	MOVWF FCD_0f051__0005E_arg_FCL_AXIS, 1
08BA  EC28F004  	CALL FCD_0f051__0005E
08BE  51B4      	MOVF CompTempVarRet2649, W, 1
08C0  6F88      	MOVWF gbl_FCV_Y_TOUCH, 1
08C2  51B5      	MOVF CompTempVarRet2649+D'1', W, 1
08C4  6F89      	MOVWF gbl_FCV_Y_TOUCH+D'1', 1
08C6  0012      	RETURN
08C8            ; } FCM_Lecture_Coordonnes function end

	ORG 0x000008C8
08C8            FCM_Initia_0005F
08C8            ; { FCM_Initialisation ; function begin
08C8            label49
08C8  EE00F005  	LFSR 0x00, gbl_FCV_TABLEAU
08CC  50E9      	MOVF FSR0L, W
08CE  0100      	MOVLB 0x00
08D0  51A4      	MOVF gbl_FCV_HITBOX, W, 1
08D2  6FB2      	MOVWF CompTempVar2653, 1
08D4  51B2      	MOVF CompTempVar2653, W, 1
08D6  26E9      	ADDWF FSR0L, F
08D8  50EF      	MOVF INDF0, W
08DA  6FB3      	MOVWF CompTempVar2654, 1
08DC  0E05      	MOVLW LOW(gbl_FCV_TABLEAU+D'0')
08DE  6EE9      	MOVWF FSR0L
08E0  51A4      	MOVF gbl_FCV_HITBOX, W, 1
08E2  26E9      	ADDWF FSR0L, F
08E4  51B3      	MOVF CompTempVar2654, W, 1
08E6  6EEF      	MOVWF INDF0
08E8  29A4      	INCF gbl_FCV_HITBOX, W, 1
08EA  6FA4      	MOVWF gbl_FCV_HITBOX, 1
08EC  6BB1      	CLRF CompTempVar2650, 1
08EE  0E64      	MOVLW 0x64
08F0  63A4      	CPFSEQ gbl_FCV_HITBOX, 1
08F2  D001      	BRA	label50
08F4  2BB1      	INCF CompTempVar2650, F, 1
08F6            label50
08F6  53B1      	MOVF CompTempVar2650, F, 1
08F8  E0E7      	BZ	label49
08FA  EE00F005  	LFSR 0x00, gbl_FCV_TABLEAU
08FE  50E9      	MOVF FSR0L, W
0900  51A4      	MOVF gbl_FCV_HITBOX, W, 1
0902  6FB1      	MOVWF CompTempVar2657, 1
0904  51B1      	MOVF CompTempVar2657, W, 1
0906  26E9      	ADDWF FSR0L, F
0908  50EF      	MOVF INDF0, W
090A  6FB2      	MOVWF CompTempVar2658, 1
090C  0E05      	MOVLW LOW(gbl_FCV_TABLEAU+D'0')
090E  6EE9      	MOVWF FSR0L
0910  51A7      	MOVF gbl_FCV_JOUEUR1, W, 1
0912  26E9      	ADDWF FSR0L, F
0914  51B2      	MOVF CompTempVar2658, W, 1
0916  6EEF      	MOVWF INDF0
0918  EC6DF003  	CALL FCD_0f051__00060
091C  EC3EF002  	CALL FCD_0f051__00061
0920  EC5FF002  	CALL FCM_lignes_00000
0924  0012      	RETURN
0926            ; } FCM_Initialisation function end

	ORG 0x00000926
0926            FCM_Hitbox_0005B
0926            ; { FCM_Hitbox_v2 ; function begin
0926  0E01      	MOVLW 0x01
0928  0100      	MOVLB 0x00
092A  6FA4      	MOVWF gbl_FCV_HITBOX, 1
092C  0E18      	MOVLW 0x18
092E  6F8C      	MOVWF gbl_FCV_Y, 1
0930  6B8D      	CLRF gbl_FCV_Y+D'1', 1
0932  0E18      	MOVLW 0x18
0934  6F8E      	MOVWF gbl_FCV_X, 1
0936  6B8F      	CLRF gbl_FCV_X+D'1', 1
0938            label51
0938  0E01      	MOVLW 0x01
093A  5D86      	SUBWF gbl_FCV_X_SORTIE, W, 1
093C  E23A      	BC	label59
093E  6787      	TSTFSZ gbl_FCV_X_SORTIE+D'1', 1
0940  D038      	BRA	label59
0942  518D      	MOVF gbl_FCV_Y+D'1', W, 1
0944  5D89      	SUBWF gbl_FCV_Y_TOUCH+D'1', W, 1
0946  E102      	BNZ	label52
0948  518C      	MOVF gbl_FCV_Y, W, 1
094A  5D88      	SUBWF gbl_FCV_Y_TOUCH, W, 1
094C            label52
094C  E227      	BC	label58
094E            label53
094E  518F      	MOVF gbl_FCV_X+D'1', W, 1
0950  5D91      	SUBWF gbl_FCV_X_TOUCH+D'1', W, 1
0952  E102      	BNZ	label54
0954  518E      	MOVF gbl_FCV_X, W, 1
0956  5D90      	SUBWF gbl_FCV_X_TOUCH, W, 1
0958            label54
0958  E309      	BNC	label55
095A  29A4      	INCF gbl_FCV_HITBOX, W, 1
095C  6FA4      	MOVWF gbl_FCV_HITBOX, 1
095E  6BB2      	CLRF CompTempVar2635, 1
0960  0E18      	MOVLW 0x18
0962  278E      	ADDWF gbl_FCV_X, F, 1
0964  518F      	MOVF gbl_FCV_X+D'1', W, 1
0966  23B2      	ADDWFC CompTempVar2635, F, 1
0968  51B2      	MOVF CompTempVar2635, W, 1
096A  6F8F      	MOVWF gbl_FCV_X+D'1', 1
096C            label55
096C  5386      	MOVF gbl_FCV_X_SORTIE, F, 1
096E  5387      	MOVF gbl_FCV_X_SORTIE+D'1', F, 1
0970  2B86      	INCF gbl_FCV_X_SORTIE, F, 1
0972  B4D8      	BTFSC STATUS,Z
0974  2B87      	INCF gbl_FCV_X_SORTIE+D'1', F, 1
0976  6BB1      	CLRF CompTempVar2633, 1
0978  518F      	MOVF gbl_FCV_X+D'1', W, 1
097A  5D91      	SUBWF gbl_FCV_X_TOUCH+D'1', W, 1
097C  E104      	BNZ	label56
097E  518E      	MOVF gbl_FCV_X, W, 1
0980  6190      	CPFSLT gbl_FCV_X_TOUCH, 1
0982  D001      	BRA	label56
0984  D001      	BRA	label57
0986            label56
0986  A0D8      	BTFSS STATUS,C
0988            label57
0988  71B1      	BTG CompTempVar2633,0, 1
098A  53B1      	MOVF CompTempVar2633, F, 1
098C  E0E0      	BZ	label53
098E  ECA4F002  	CALL FCM_affich_0005C
0992  6B8E      	CLRF gbl_FCV_X, 1
0994  6B8F      	CLRF gbl_FCV_X+D'1', 1
0996  6B8C      	CLRF gbl_FCV_Y, 1
0998  6B8D      	CLRF gbl_FCV_Y+D'1', 1
099A  D7CE      	BRA	label51
099C            label58
099C  0E0A      	MOVLW 0x0A
099E  25A4      	ADDWF gbl_FCV_HITBOX, W, 1
09A0  6FA4      	MOVWF gbl_FCV_HITBOX, 1
09A2  6BB1      	CLRF CompTempVar2639, 1
09A4  0E18      	MOVLW 0x18
09A6  278C      	ADDWF gbl_FCV_Y, F, 1
09A8  518D      	MOVF gbl_FCV_Y+D'1', W, 1
09AA  23B1      	ADDWFC CompTempVar2639, F, 1
09AC  51B1      	MOVF CompTempVar2639, W, 1
09AE  6F8D      	MOVWF gbl_FCV_Y+D'1', 1
09B0  D7C3      	BRA	label51
09B2            label59
09B2  6B86      	CLRF gbl_FCV_X_SORTIE, 1
09B4  6B87      	CLRF gbl_FCV_X_SORTIE+D'1', 1
09B6  EE00F005  	LFSR 0x00, gbl_FCV_TABLEAU
09BA  50E9      	MOVF FSR0L, W
09BC  51A7      	MOVF gbl_FCV_JOUEUR1, W, 1
09BE  26E9      	ADDWF FSR0L, F
09C0  51A4      	MOVF gbl_FCV_HITBOX, W, 1
09C2  6EEF      	MOVWF INDF0
09C4  0E05      	MOVLW LOW(gbl_FCV_TABLEAU+D'0')
09C6  6EE9      	MOVWF FSR0L
09C8  51A7      	MOVF gbl_FCV_JOUEUR1, W, 1
09CA  26E9      	ADDWF FSR0L, F
09CC  6BB1      	CLRF CompTempVar2643, 1
09CE  2BB1      	INCF CompTempVar2643, F, 1
09D0  0E05      	MOVLW LOW(gbl_FCV_TABLEAU+D'0')
09D2  6EE9      	MOVWF FSR0L
09D4  51A7      	MOVF gbl_FCV_JOUEUR1, W, 1
09D6  26E9      	ADDWF FSR0L, F
09D8  51B1      	MOVF CompTempVar2643, W, 1
09DA  6EEF      	MOVWF INDF0
09DC  0012      	RETURN
09DE            ; } FCM_Hitbox_v2 function end

	ORG 0x000009DE
09DE            FCI_DELAYI_00046
09DE            ; { FCI_DELAYINT_MS ; function begin
09DE            label60
09DE  0EFF      	MOVLW 0xFF
09E0  65B1      	CPFSGT FCI_DELAYI_00046_arg_Delay, 1
09E2  67B2      	TSTFSZ FCI_DELAYI_00046_arg_Delay+D'1', 1
09E4  D001      	BRA	label61
09E6  D00C      	BRA	label62
09E8            label61
09E8  69B6      	SETF delay_ms_00000_arg_del, 1
09EA  EC06F000  	CALL delay_ms_00000
09EE  0EFF      	MOVLW 0xFF
09F0  5DB1      	SUBWF FCI_DELAYI_00046_arg_Delay, W, 1
09F2  6FB3      	MOVWF CompTempVar1838, 1
09F4  59B1      	SUBWFB FCI_DELAYI_00046_arg_Delay, W, 1
09F6  08FF      	SUBLW 0xFF
09F8  5FB2      	SUBWF FCI_DELAYI_00046_arg_Delay+D'1', F, 1
09FA  51B3      	MOVF CompTempVar1838, W, 1
09FC  6FB1      	MOVWF FCI_DELAYI_00046_arg_Delay, 1
09FE  D7EF      	BRA	label60
0A00            label62
0A00  0E00      	MOVLW 0x00
0A02  65B1      	CPFSGT FCI_DELAYI_00046_arg_Delay, 1
0A04  67B2      	TSTFSZ FCI_DELAYI_00046_arg_Delay+D'1', 1
0A06  D001      	BRA	label63
0A08  0012      	RETURN
0A0A            label63
0A0A  51B1      	MOVF FCI_DELAYI_00046_arg_Delay, W, 1
0A0C  6FB6      	MOVWF delay_ms_00000_arg_del, 1
0A0E  EC06F000  	CALL delay_ms_00000
0A12  0012      	RETURN
0A14            ; } FCI_DELAYINT_MS function end

	ORG 0x00000A14
0A14            FCD_0f051__0008D
0A14            ; { FCD_0f051_gLCD_EB076_4D1__Print ; function begin
0A14  6BC7      	CLRF FCD_0f051__0008D_1_FCL_IDX, 1
0A16  0E4F      	MOVLW 0x4F
0A18  6FC8      	MOVWF FC_CAL_UAR_00073_arg_nChar, 1
0A1A  6BC9      	CLRF FC_CAL_UAR_00073_arg_nChar+D'1', 1
0A1C  EC46F000  	CALL FC_CAL_UAR_00073
0A20  53C5      	MOVF FCD_0f051__0008D_arg_FCL_T_0008E, F, 1
0A22  E005      	BZ	label64
0A24  6BC8      	CLRF FC_CAL_UAR_00073_arg_nChar, 1
0A26  6BC9      	CLRF FC_CAL_UAR_00073_arg_nChar+D'1', 1
0A28  EC46F000  	CALL FC_CAL_UAR_00073
0A2C  D005      	BRA	label65
0A2E            label64
0A2E  0E01      	MOVLW 0x01
0A30  6FC8      	MOVWF FC_CAL_UAR_00073_arg_nChar, 1
0A32  6BC9      	CLRF FC_CAL_UAR_00073_arg_nChar+D'1', 1
0A34  EC46F000  	CALL FC_CAL_UAR_00073
0A38            label65
0A38  69C8      	SETF FC_CAL_UAR_00072_arg_nTimeout, 1
0A3A  EC4EF000  	CALL FC_CAL_UAR_00072
0A3E  0E53      	MOVLW 0x53
0A40  6FC8      	MOVWF FC_CAL_UAR_00073_arg_nChar, 1
0A42  6BC9      	CLRF FC_CAL_UAR_00073_arg_nChar+D'1', 1
0A44  EC46F000  	CALL FC_CAL_UAR_00073
0A48  51C1      	MOVF FCD_0f051__0008D_arg_FCL_X1+D'1', W, 1
0A4A  6FC8      	MOVWF FC_CAL_UAR_00073_arg_nChar, 1
0A4C  6BC9      	CLRF FC_CAL_UAR_00073_arg_nChar+D'1', 1
0A4E  EC46F000  	CALL FC_CAL_UAR_00073
0A52  51C0      	MOVF FCD_0f051__0008D_arg_FCL_X1, W, 1
0A54  6FC8      	MOVWF FC_CAL_UAR_00073_arg_nChar, 1
0A56  51C1      	MOVF FCD_0f051__0008D_arg_FCL_X1+D'1', W, 1
0A58  6FC9      	MOVWF FC_CAL_UAR_00073_arg_nChar+D'1', 1
0A5A  EC46F000  	CALL FC_CAL_UAR_00073
0A5E  51C3      	MOVF FCD_0f051__0008D_arg_FCL_Y1+D'1', W, 1
0A60  6FC8      	MOVWF FC_CAL_UAR_00073_arg_nChar, 1
0A62  6BC9      	CLRF FC_CAL_UAR_00073_arg_nChar+D'1', 1
0A64  EC46F000  	CALL FC_CAL_UAR_00073
0A68  51C2      	MOVF FCD_0f051__0008D_arg_FCL_Y1, W, 1
0A6A  6FC8      	MOVWF FC_CAL_UAR_00073_arg_nChar, 1
0A6C  51C3      	MOVF FCD_0f051__0008D_arg_FCL_Y1+D'1', W, 1
0A6E  6FC9      	MOVWF FC_CAL_UAR_00073_arg_nChar+D'1', 1
0A70  EC46F000  	CALL FC_CAL_UAR_00073
0A74  51C4      	MOVF FCD_0f051__0008D_arg_FCL_FONT, W, 1
0A76  6FC8      	MOVWF FC_CAL_UAR_00073_arg_nChar, 1
0A78  6BC9      	CLRF FC_CAL_UAR_00073_arg_nChar+D'1', 1
0A7A  EC46F000  	CALL FC_CAL_UAR_00073
0A7E  5195      	MOVF gbl_FCV_0f051_gLCD_EB076_4_0000D+D'1', W, 1
0A80  6FC8      	MOVWF FC_CAL_UAR_00073_arg_nChar, 1
0A82  6BC9      	CLRF FC_CAL_UAR_00073_arg_nChar+D'1', 1
0A84  EC46F000  	CALL FC_CAL_UAR_00073
0A88  5194      	MOVF gbl_FCV_0f051_gLCD_EB076_4_0000D, W, 1
0A8A  6FC8      	MOVWF FC_CAL_UAR_00073_arg_nChar, 1
0A8C  5195      	MOVF gbl_FCV_0f051_gLCD_EB076_4_0000D+D'1', W, 1
0A8E  6FC9      	MOVWF FC_CAL_UAR_00073_arg_nChar+D'1', 1
0A90  EC46F000  	CALL FC_CAL_UAR_00073
0A94  0E01      	MOVLW 0x01
0A96  6FC8      	MOVWF FC_CAL_UAR_00073_arg_nChar, 1
0A98  6BC9      	CLRF FC_CAL_UAR_00073_arg_nChar+D'1', 1
0A9A  EC46F000  	CALL FC_CAL_UAR_00073
0A9E  0E01      	MOVLW 0x01
0AA0  6FC8      	MOVWF FC_CAL_UAR_00073_arg_nChar, 1
0AA2  6BC9      	CLRF FC_CAL_UAR_00073_arg_nChar+D'1', 1
0AA4  EC46F000  	CALL FC_CAL_UAR_00073
0AA8  51B1      	MOVF FCD_0f051__0008D_arg_FCL_STR, W, 1
0AAA  6FC8      	MOVWF FCI_GETLEN_0004B_arg_sStr1, 1
0AAC  51B2      	MOVF FCD_0f051__0008D_arg_FCL_STR+D'1', W, 1
0AAE  6FC9      	MOVWF FCI_GETLEN_0004B_arg_sStr1+D'1', 1
0AB0  51BE      	MOVF FCD_0f051__0008D_arg_FCLsz_STR, W, 1
0AB2  6FCA      	MOVWF FCI_GETLEN_0004B_arg_iStr1_len, 1
0AB4  ECBEF002  	CALL FCI_GETLEN_0004B
0AB8  51CC      	MOVF CompTempVarRet1850, W, 1
0ABA  6FC6      	MOVWF FCD_0f051__0008D_1_FCL_LEN_STR, 1
0ABC            label66
0ABC  51C6      	MOVF FCD_0f051__0008D_1_FCL_LEN_STR, W, 1
0ABE  61C7      	CPFSLT FCD_0f051__0008D_1_FCL_IDX, 1
0AC0  D014      	BRA	label67
0AC2  51B2      	MOVF FCD_0f051__0008D_arg_FCL_STR+D'1', W, 1
0AC4  6EEA      	MOVWF FSR0H
0AC6  51B1      	MOVF FCD_0f051__0008D_arg_FCL_STR, W, 1
0AC8  25C7      	ADDWF FCD_0f051__0008D_1_FCL_IDX, W, 1
0ACA  6EE9      	MOVWF FSR0L
0ACC  52EF      	MOVF INDF0, F
0ACE  E00D      	BZ	label67
0AD0  51B2      	MOVF FCD_0f051__0008D_arg_FCL_STR+D'1', W, 1
0AD2  6EEA      	MOVWF FSR0H
0AD4  51B1      	MOVF FCD_0f051__0008D_arg_FCL_STR, W, 1
0AD6  25C7      	ADDWF FCD_0f051__0008D_1_FCL_IDX, W, 1
0AD8  6EE9      	MOVWF FSR0L
0ADA  50EF      	MOVF INDF0, W
0ADC  6FC8      	MOVWF FC_CAL_UAR_00073_arg_nChar, 1
0ADE  6BC9      	CLRF FC_CAL_UAR_00073_arg_nChar+D'1', 1
0AE0  EC46F000  	CALL FC_CAL_UAR_00073
0AE4  29C7      	INCF FCD_0f051__0008D_1_FCL_IDX, W, 1
0AE6  6FC7      	MOVWF FCD_0f051__0008D_1_FCL_IDX, 1
0AE8  D7E9      	BRA	label66
0AEA            label67
0AEA  6BC8      	CLRF FC_CAL_UAR_00073_arg_nChar, 1
0AEC  6BC9      	CLRF FC_CAL_UAR_00073_arg_nChar+D'1', 1
0AEE  EC46F000  	CALL FC_CAL_UAR_00073
0AF2  69C8      	SETF FC_CAL_UAR_00072_arg_nTimeout, 1
0AF4  EC4EF000  	CALL FC_CAL_UAR_00072
0AF8  0012      	RETURN
0AFA            ; } FCD_0f051_gLCD_EB076_4D1__Print function end

	ORG 0x00000AFA
0AFA            main
0AFA            ; { main ; function begin
0AFA  0E0F      	MOVLW 0x0F
0AFC  6EC1      	MOVWF gbl_adcon1
0AFE  EC64F004  	CALL FCM_Initia_0005F
0B02            label68
0B02  EC49F004  	CALL FCM_Reinit_00062
0B06            label69
0B06  53A5      	MOVF gbl_FCV_APPUI_ECRAN, F, 1
0B08  E103      	BNZ	label70
0B0A  EC4EF004  	CALL FCM_Recupe_0006C
0B0E  D7FB      	BRA	label69
0B10            label70
0B10  EC53F004  	CALL FCM_Lectur_0005D
0B14  EC93F004  	CALL FCM_Hitbox_0005B
0B18  6BA5      	CLRF gbl_FCV_APPUI_ECRAN, 1
0B1A  EE00F005  	LFSR 0x00, gbl_FCV_TABLEAU
0B1E  50E9      	MOVF FSR0L, W
0B20  51A7      	MOVF gbl_FCV_JOUEUR1, W, 1
0B22  26E9      	ADDWF FSR0L, F
0B24  04EF      	DECF INDF0, W
0B26  E122      	BNZ	label71
0B28  0E54      	MOVLW 0x54
0B2A  6FB3      	MOVWF CompTempVar3013, 1
0B2C  0E6F      	MOVLW 0x6F
0B2E  6FB4      	MOVWF CompTempVar3013+D'1', 1
0B30  0E75      	MOVLW 0x75
0B32  6FB5      	MOVWF CompTempVar3013+D'2', 1
0B34  0E63      	MOVLW 0x63
0B36  6FB6      	MOVWF CompTempVar3013+D'3', 1
0B38  0E68      	MOVLW 0x68
0B3A  6FB7      	MOVWF CompTempVar3013+D'4', 1
0B3C  0E65      	MOVLW 0x65
0B3E  6FB8      	MOVWF CompTempVar3013+D'5', 1
0B40  6BB9      	CLRF CompTempVar3013+D'6', 1
0B42  0E00      	MOVLW HIGH(CompTempVar3013+D'0')
0B44  6FB2      	MOVWF FCD_0f051__0008D_arg_FCL_STR+D'1', 1
0B46  0EB3      	MOVLW LOW(CompTempVar3013+D'0')
0B48  6FB1      	MOVWF FCD_0f051__0008D_arg_FCL_STR, 1
0B4A  0E07      	MOVLW 0x07
0B4C  6FBE      	MOVWF FCD_0f051__0008D_arg_FCLsz_STR, 1
0B4E  6BBF      	CLRF FCD_0f051__0008D_arg_FCLsz_STR+D'1', 1
0B50  0E78      	MOVLW 0x78
0B52  6FC0      	MOVWF FCD_0f051__0008D_arg_FCL_X1, 1
0B54  6BC1      	CLRF FCD_0f051__0008D_arg_FCL_X1+D'1', 1
0B56  0E04      	MOVLW 0x04
0B58  6FC2      	MOVWF FCD_0f051__0008D_arg_FCL_Y1, 1
0B5A  0E01      	MOVLW 0x01
0B5C  6FC3      	MOVWF FCD_0f051__0008D_arg_FCL_Y1+D'1', 1
0B5E  0E02      	MOVLW 0x02
0B60  6FC4      	MOVWF FCD_0f051__0008D_arg_FCL_FONT, 1
0B62  0E01      	MOVLW 0x01
0B64  6FC5      	MOVWF FCD_0f051__0008D_arg_FCL_T_0008E, 1
0B66  EC0AF005  	CALL FCD_0f051__0008D
0B6A  D027      	BRA	label72
0B6C            label71
0B6C  0E20      	MOVLW 0x20
0B6E  6FB6      	MOVWF CompTempVar3015+D'3', 1
0B70  0E54      	MOVLW 0x54
0B72  6FB7      	MOVWF CompTempVar3015+D'4', 1
0B74  0E63      	MOVLW 0x63
0B76  6FBA      	MOVWF CompTempVar3015+D'7', 1
0B78  0E65      	MOVLW 0x65
0B7A  6FBC      	MOVWF CompTempVar3015+D'9', 1
0B7C  0E68      	MOVLW 0x68
0B7E  6FBB      	MOVWF CompTempVar3015+D'8', 1
0B80  0E6E      	MOVLW 0x6E
0B82  6FB3      	MOVWF CompTempVar3015, 1
0B84  6FB5      	MOVWF CompTempVar3015+D'2', 1
0B86  0E6F      	MOVLW 0x6F
0B88  6FB4      	MOVWF CompTempVar3015+D'1', 1
0B8A  6FB8      	MOVWF CompTempVar3015+D'5', 1
0B8C  0E75      	MOVLW 0x75
0B8E  6FB9      	MOVWF CompTempVar3015+D'6', 1
0B90  6BBD      	CLRF CompTempVar3015+D'10', 1
0B92  0E00      	MOVLW HIGH(CompTempVar3015+D'0')
0B94  6FB2      	MOVWF FCD_0f051__0008D_arg_FCL_STR+D'1', 1
0B96  0EB3      	MOVLW LOW(CompTempVar3015+D'0')
0B98  6FB1      	MOVWF FCD_0f051__0008D_arg_FCL_STR, 1
0B9A  0E0B      	MOVLW 0x0B
0B9C  6FBE      	MOVWF FCD_0f051__0008D_arg_FCLsz_STR, 1
0B9E  6BBF      	CLRF FCD_0f051__0008D_arg_FCLsz_STR+D'1', 1
0BA0  0E78      	MOVLW 0x78
0BA2  6FC0      	MOVWF FCD_0f051__0008D_arg_FCL_X1, 1
0BA4  6BC1      	CLRF FCD_0f051__0008D_arg_FCL_X1+D'1', 1
0BA6  0E04      	MOVLW 0x04
0BA8  6FC2      	MOVWF FCD_0f051__0008D_arg_FCL_Y1, 1
0BAA  0E01      	MOVLW 0x01
0BAC  6FC3      	MOVWF FCD_0f051__0008D_arg_FCL_Y1+D'1', 1
0BAE  0E02      	MOVLW 0x02
0BB0  6FC4      	MOVWF FCD_0f051__0008D_arg_FCL_FONT, 1
0BB2  0E01      	MOVLW 0x01
0BB4  6FC5      	MOVWF FCD_0f051__0008D_arg_FCL_T_0008E, 1
0BB6  EC0AF005  	CALL FCD_0f051__0008D
0BBA            label72
0BBA  0EF4      	MOVLW 0xF4
0BBC  6FB1      	MOVWF FCI_DELAYI_00046_arg_Delay, 1
0BBE  0E01      	MOVLW 0x01
0BC0  6FB2      	MOVWF FCI_DELAYI_00046_arg_Delay+D'1', 1
0BC2  ECEFF004  	CALL FCI_DELAYI_00046
0BC6  69B9      	SETF FCD_0f051__00066_arg_FCL_RED, 1
0BC8  69BA      	SETF FCD_0f051__00066_arg_FCL_GREEN, 1
0BCA  69BB      	SETF FCD_0f051__00066_arg_FCL_BLUE, 1
0BCC  EC43F001  	CALL FCD_0f051__00066
0BD0  6BB9      	CLRF FCD_0f051__00067_arg_FCL_X1, 1
0BD2  6BBA      	CLRF FCD_0f051__00067_arg_FCL_X1+D'1', 1
0BD4  0EF1      	MOVLW 0xF1
0BD6  6FBB      	MOVWF FCD_0f051__00067_arg_FCL_Y1, 1
0BD8  6BBC      	CLRF FCD_0f051__00067_arg_FCL_Y1+D'1', 1
0BDA  0EF0      	MOVLW 0xF0
0BDC  6FBD      	MOVWF FCD_0f051__00067_arg_FCL_X2, 1
0BDE  6BBE      	CLRF FCD_0f051__00067_arg_FCL_X2+D'1', 1
0BE0  0E40      	MOVLW 0x40
0BE2  6FBF      	MOVWF FCD_0f051__00067_arg_FCL_Y2, 1
0BE4  0E01      	MOVLW 0x01
0BE6  6FC0      	MOVWF FCD_0f051__00067_arg_FCL_Y2+D'1', 1
0BE8  6FC1      	MOVWF FCD_0f051__00067_arg_FCL_T_00068, 1
0BEA  6FC2      	MOVWF FCD_0f051__00067_arg_FCL_SOLID, 1
0BEC  ECA0F000  	CALL FCD_0f051__00067
0BF0  D788      	BRA	label68
0BF2            ; } main function end

	ORG 0x00000BF2
0BF2            _startup
0BF2  0ED5      	MOVLW 0xD5
0BF4  6E6A      	MOVWF gbl_14_LSR
0BF6  0EC4      	MOVLW 0xC4
0BF8  6E6B      	MOVWF gbl_14_LSR+D'1'
0BFA  0EBB      	MOVLW 0xBB
0BFC  6E6C      	MOVWF gbl_14_LSR+D'2'
0BFE  0EDC      	MOVLW 0xDC
0C00  6E6D      	MOVWF gbl_14_LSR+D'3'
0C02  6A6E      	CLRF gbl_15_gbl_aSig
0C04  6A6F      	CLRF gbl_15_gbl_aSig+D'1'
0C06  6A70      	CLRF gbl_15_gbl_aSig+D'2'
0C08  6A71      	CLRF gbl_15_gbl_aSig+D'3'
0C0A  6A72      	CLRF gbl_15_gbl_bSig
0C0C  6A73      	CLRF gbl_15_gbl_bSig+D'1'
0C0E  6A74      	CLRF gbl_15_gbl_bSig+D'2'
0C10  6A75      	CLRF gbl_15_gbl_bSig+D'3'
0C12  6A76      	CLRF gbl_15_gbl_zSig
0C14  6A77      	CLRF gbl_15_gbl_zSig+D'1'
0C16  6A78      	CLRF gbl_15_gbl_zSig+D'2'
0C18  6A79      	CLRF gbl_15_gbl_zSig+D'3'
0C1A  0100      	MOVLB 0x00
0C1C  6B9D      	CLRF gbl_15_gbl_aExp, 1
0C1E  6B9E      	CLRF gbl_15_gbl_bExp, 1
0C20  6A7E      	CLRF gbl_15_gbl_zExp
0C22  6A7F      	CLRF gbl_15_gbl_zExp+D'1'
0C24  6B9F      	CLRF gbl_15_gbl_aSign, 1
0C26  6BA0      	CLRF gbl_15_gbl_bSign, 1
0C28  6BA1      	CLRF gbl_15_gbl_zSign, 1
0C2A  6BA2      	CLRF gbl_15_gbl_zSigZero, 1
0C2C  6A7A      	CLRF gbl_15_gbl_ret
0C2E  6A7B      	CLRF gbl_15_gbl_ret+D'1'
0C30  6A7C      	CLRF gbl_15_gbl_ret+D'2'
0C32  6A7D      	CLRF gbl_15_gbl_ret+D'3'
0C34  6B9B      	CLRF gbl_float_rounding_mode, 1
0C36  6B9C      	CLRF gbl_float_exception_flags, 1
0C38  6B9A      	CLRF gbl_float_detect_tininess, 1
0C3A  0E18      	MOVLW 0x18
0C3C  6F84      	MOVWF gbl_FCV_Y_LIGNE, 1
0C3E  6B85      	CLRF gbl_FCV_Y_LIGNE+D'1', 1
0C40  6BA3      	CLRF gbl_FCV_NUM_CASE, 1
0C42  6B86      	CLRF gbl_FCV_X_SORTIE, 1
0C44  6B87      	CLRF gbl_FCV_X_SORTIE+D'1', 1
0C46  6B88      	CLRF gbl_FCV_Y_TOUCH, 1
0C48  6B89      	CLRF gbl_FCV_Y_TOUCH+D'1', 1
0C4A  0E01      	MOVLW 0x01
0C4C  6FA4      	MOVWF gbl_FCV_HITBOX, 1
0C4E  0E18      	MOVLW 0x18
0C50  6F8A      	MOVWF gbl_FCV_X_LIGNE, 1
0C52  6B8B      	CLRF gbl_FCV_X_LIGNE+D'1', 1
0C54  0E18      	MOVLW 0x18
0C56  6F8C      	MOVWF gbl_FCV_Y, 1
0C58  6B8D      	CLRF gbl_FCV_Y+D'1', 1
0C5A  0E18      	MOVLW 0x18
0C5C  6F8E      	MOVWF gbl_FCV_X, 1
0C5E  6B8F      	CLRF gbl_FCV_X+D'1', 1
0C60  6B90      	CLRF gbl_FCV_X_TOUCH, 1
0C62  6B91      	CLRF gbl_FCV_X_TOUCH+D'1', 1
0C64  6BA5      	CLRF gbl_FCV_APPUI_ECRAN, 1
0C66  6BA6      	CLRF gbl_FCV_HITBOX_2, 1
0C68  6BA7      	CLRF gbl_FCV_JOUEUR1, 1
0C6A  0E00      	MOVLW 0x00
0C6C  6FA8      	MOVWF gbl_FCD_00fb8_ASCII6__INTL_00000, 1
0C6E  0E01      	MOVLW 0x01
0C70  6FA9      	MOVWF gbl_FCD_00fb7_ASCII7__INTL_00001, 1
0C72  0E02      	MOVLW 0x02
0C74  6FAA      	MOVWF gbl_FCD_00fb6_ASCII5__INTL_00002, 1
0C76  0E03      	MOVLW 0x03
0C78  6FAB      	MOVWF gbl_FCD_00fb5_ASCII4__INTL_00003, 1
0C7A  0E04      	MOVLW 0x04
0C7C  6FAC      	MOVWF gbl_FCD_00fb4_ASCII3__INTL_00004, 1
0C7E  0E05      	MOVLW 0x05
0C80  6FAD      	MOVWF gbl_FCD_00fb3_ASCII2__INTL_00005, 1
0C82  0E06      	MOVLW 0x06
0C84  6FAE      	MOVWF gbl_FCD_00fb2_ASCII1__INTL_00006, 1
0C86  0E07      	MOVLW 0x07
0C88  6FAF      	MOVWF gbl_FCD_00fb1_ASCII0__INTL_00007, 1
0C8A  6B80      	CLRF gbl_FCV_0ba71_Base_GLCD__P_00009, 1
0C8C  6B81      	CLRF gbl_FCV_0ba71_Base_GLCD__P_00009+D'1', 1
0C8E  6B82      	CLRF gbl_FCV_0ba71_Base_GLCD__P_00009+D'2', 1
0C90  6B83      	CLRF gbl_FCV_0ba71_Base_GLCD__P_00009+D'3', 1
0C92  6BB0      	CLRF gbl_FCV_0ba71_Base_GLCD__O_0000B, 1
0C94  EF7DF005  	GOTO	main
	ORG 0x00000C98
0C98            interrupt
0C98            ; { interrupt ; function begin
0C98  CFEAF001  	MOVFF FSR0H,  Int1Context
0C9C  CFE9F002  	MOVFF FSR0L,  Int1Context+D'1'
0CA0  CFF4F003  	MOVFF PRODH,  Int1Context+D'2'
0CA4  CFF3F004  	MOVFF PRODL,  Int1Context+D'3'
0CA8  C004FFF3  	MOVFF Int1Context+D'3',  PRODL
0CAC  C003FFF4  	MOVFF Int1Context+D'2',  PRODH
0CB0  C002FFE9  	MOVFF Int1Context+D'1',  FSR0L
0CB4  C001FFEA  	MOVFF Int1Context,  FSR0H
0CB8  0011      	RETFIE 1
0CBA            ; } interrupt function end

	ORG 0x00300000
300000  32FF      	DW 0x32FF
300002  FEFF      	DW 0xFEFF
300004  FBFF      	DW 0xFBFF
300006  FFBA      	DW 0xFFBA
300008  FFFF      	DW 0xFFFF
30000A  FFFF      	DW 0xFFFF
30000C  FFFF      	DW 0xFFFF
