;/////////////////////////////////////////////////////////////////////////////////
;// Code Generator: BoostC Compiler - http://www.sourceboost.com
;// Version       : 7.20
;// License Type  : Pro License
;// Limitations   : PIC18 max code size:Unlimited, max RAM banks:Unlimited
;/////////////////////////////////////////////////////////////////////////////////

	ORG 0x00000000
0000  EF3CF003  	GOTO	_startup
	ORG 0x00000008
0008  EF76F003  	GOTO	interrupt
	ORG 0x0000000C
000C            delay_ms_00000
000C            ; { delay_ms ; function begin
000C  523A      	MOVF delay_ms_00000_arg_del, F
000E  0000      	NOP
0010  E101      	BNZ	label1
0012  0012      	RETURN
0014            label1
0014  0EF5      	MOVLW 0xF5
0016            label2
0016  0000      	NOP
0018  0000      	NOP
001A  0000      	NOP
001C  0000      	NOP
001E  0000      	NOP
0020  0000      	NOP
0022  0000      	NOP
0024  0000      	NOP
0026  0000      	NOP
0028  0000      	NOP
002A  0000      	NOP
002C  0000      	NOP
002E  0000      	NOP
0030  0000      	NOP
0032  0000      	NOP
0034  0000      	NOP
0036  0FFF      	ADDLW 0xFF
0038  A4D8      	BTFSS STATUS,Z
003A  D7ED      	BRA	label2
003C  0000      	NOP
003E  0000      	NOP
0040  0000      	NOP
0042  0000      	NOP
0044  0000      	NOP
0046  0000      	NOP
0048  0000      	NOP
004A  0000      	NOP
004C  0000      	NOP
004E  0000      	NOP
0050  0000      	NOP
0052  0000      	NOP
0054  0000      	NOP
0056  2E3A      	DECFSZ delay_ms_00000_arg_del, F
0058  D7DD      	BRA	label1
005A  0012      	RETURN
005C            ; } delay_ms function end

	ORG 0x0000005C
005C            delay_us_00000
005C            ; { delay_us ; function begin
005C            label3
005C  0000      	NOP
005E  0000      	NOP
0060  2E39      	DECFSZ delay_us_00000_arg_del, F
0062  D7FC      	BRA	label3
0064  0012      	RETURN
0066            ; } delay_us function end

	ORG 0x00000066
0066            delay_s_00000
0066            ; { delay_s ; function begin
0066            label4
0066  0EFA      	MOVLW 0xFA
0068  6E3A      	MOVWF delay_ms_00000_arg_del
006A  EC06F000  	CALL delay_ms_00000
006E  0EFA      	MOVLW 0xFA
0070  6E3A      	MOVWF delay_ms_00000_arg_del
0072  EC06F000  	CALL delay_ms_00000
0076  0EFA      	MOVLW 0xFA
0078  6E3A      	MOVWF delay_ms_00000_arg_del
007A  EC06F000  	CALL delay_ms_00000
007E  0EFA      	MOVLW 0xFA
0080  6E3A      	MOVWF delay_ms_00000_arg_del
0082  EC06F000  	CALL delay_ms_00000
0086  2E39      	DECFSZ delay_s_00000_arg_del, F
0088  D7EE      	BRA	label4
008A  0012      	RETURN
008C            ; } delay_s function end

	ORG 0x0000008C
008C            FC_CAL_UAR_00062
008C            ; { FC_CAL_UART_Send_1 ; function begin
008C            label5
008C  0E10      	MOVLW 0x10
008E  149E      	ANDWF gbl_pir1, W
0090  6E45      	MOVWF CompTempVar2647
0092  5245      	MOVF CompTempVar2647, F
0094  E0FB      	BZ	label5
0096  5043      	MOVF FC_CAL_UAR_00062_arg_nChar, W
0098  6EAD      	MOVWF gbl_txreg
009A  0012      	RETURN
009C            ; } FC_CAL_UART_Send_1 function end

	ORG 0x0000009C
009C            FC_CAL_UAR_00061
009C            ; { FC_CAL_UART_Receive_1 ; function begin
009C  6844      	SETF FC_CAL_UAR_00061_1_retVal
009E  6A45      	CLRF FC_CAL_UAR_00061_1_delay1
00A0  6A46      	CLRF FC_CAL_UAR_00061_1_regcheck
00A2  6A47      	CLRF FC_CAL_UAR_00061_1_bWaitForever
00A4  6A48      	CLRF FC_CAL_UAR_00061_1_rxStatus
00A6  6A4B      	CLRF FC_CAL_UAR_00061_1_dummy
00A8  2843      	INCF FC_CAL_UAR_00061_arg_nTimeout, W
00AA  E102      	BNZ	label6
00AC  0E01      	MOVLW 0x01
00AE  6E47      	MOVWF FC_CAL_UAR_00061_1_bWaitForever
00B0            label6
00B0  5248      	MOVF FC_CAL_UAR_00061_1_rxStatus, F
00B2  E124      	BNZ	label11
00B4  5247      	MOVF FC_CAL_UAR_00061_1_bWaitForever, F
00B6  E118      	BNZ	label10
00B8  5243      	MOVF FC_CAL_UAR_00061_arg_nTimeout, F
00BA  E103      	BNZ	label7
00BC  0E01      	MOVLW 0x01
00BE  6E48      	MOVWF FC_CAL_UAR_00061_1_rxStatus
00C0  D013      	BRA	label10
00C2            label7
00C2  6A49      	CLRF FC_CAL_UAR_00061_1_delaycnt
00C4  6A4A      	CLRF FC_CAL_UAR_00061_1_delaycnt+D'1'
00C6            label8
00C6  0E31      	MOVLW 0x31
00C8  5C49      	SUBWF FC_CAL_UAR_00061_1_delaycnt, W
00CA  E205      	BC	label9
00CC  664A      	TSTFSZ FC_CAL_UAR_00061_1_delaycnt+D'1'
00CE  D003      	BRA	label9
00D0  4A49      	INFSNZ FC_CAL_UAR_00061_1_delaycnt, F
00D2  2A4A      	INCF FC_CAL_UAR_00061_1_delaycnt+D'1', F
00D4  D7F8      	BRA	label8
00D6            label9
00D6  2845      	INCF FC_CAL_UAR_00061_1_delay1, W
00D8  6E45      	MOVWF FC_CAL_UAR_00061_1_delay1
00DA  0E64      	MOVLW 0x64
00DC  6245      	CPFSEQ FC_CAL_UAR_00061_1_delay1
00DE  D004      	BRA	label10
00E0  0443      	DECF FC_CAL_UAR_00061_arg_nTimeout, W
00E2  6E43      	MOVWF FC_CAL_UAR_00061_arg_nTimeout
00E4  0004      	CLRWDT
00E6  6A45      	CLRF FC_CAL_UAR_00061_1_delay1
00E8            label10
00E8  0E20      	MOVLW 0x20
00EA  149E      	ANDWF gbl_pir1, W
00EC  6E4C      	MOVWF CompTempVar2644
00EE  504C      	MOVF CompTempVar2644, W
00F0  6E46      	MOVWF FC_CAL_UAR_00061_1_regcheck
00F2  5246      	MOVF FC_CAL_UAR_00061_1_regcheck, F
00F4  E0DD      	BZ	label6
00F6  0E02      	MOVLW 0x02
00F8  6E48      	MOVWF FC_CAL_UAR_00061_1_rxStatus
00FA  D7DA      	BRA	label6
00FC            label11
00FC  0E02      	MOVLW 0x02
00FE  6248      	CPFSEQ FC_CAL_UAR_00061_1_rxStatus
0100  D018      	BRA	label14
0102  0E04      	MOVLW 0x04
0104  14AB      	ANDWF gbl_rcsta, W
0106  6E4C      	MOVWF CompTempVar2645
0108  504C      	MOVF CompTempVar2645, W
010A  6E46      	MOVWF FC_CAL_UAR_00061_1_regcheck
010C  5246      	MOVF FC_CAL_UAR_00061_1_regcheck, F
010E  E003      	BZ	label12
0110  50AE      	MOVF gbl_rcreg, W
0112  6E4B      	MOVWF FC_CAL_UAR_00061_1_dummy
0114  D00E      	BRA	label14
0116            label12
0116  0E02      	MOVLW 0x02
0118  14AB      	ANDWF gbl_rcsta, W
011A  6E4C      	MOVWF CompTempVar2646
011C  504C      	MOVF CompTempVar2646, W
011E  6E46      	MOVWF FC_CAL_UAR_00061_1_regcheck
0120  5246      	MOVF FC_CAL_UAR_00061_1_regcheck, F
0122  E003      	BZ	label13
0124  98AB      	BCF gbl_rcsta,4
0126  88AB      	BSF gbl_rcsta,4
0128  D004      	BRA	label14
012A            label13
012A  6A44      	CLRF FC_CAL_UAR_00061_1_retVal
012C  50AE      	MOVF gbl_rcreg, W
012E  1044      	IORWF FC_CAL_UAR_00061_1_retVal, W
0130  6E44      	MOVWF FC_CAL_UAR_00061_1_retVal
0132            label14
0132  5044      	MOVF FC_CAL_UAR_00061_1_retVal, W
0134  6E4C      	MOVWF CompTempVarRet2643
0136  6A4D      	CLRF CompTempVarRet2643+D'1'
0138  0012      	RETURN
013A            ; } FC_CAL_UART_Receive_1 function end

	ORG 0x0000013A
013A            FC_CAL_UAR_00060
013A            ; { FC_CAL_UART_Uninit_1 ; function begin
013A  6AAB      	CLRF gbl_rcsta
013C  6AAC      	CLRF gbl_txsta
013E  0012      	RETURN
0140            ; } FC_CAL_UART_Uninit_1 function end

	ORG 0x00000140
0140            FC_CAL_UAR_00063
0140            ; { FC_CAL_UART_Init_1 ; function begin
0140  84AC      	BSF gbl_txsta,2
0142  0E7F      	MOVLW 0x7F
0144  6EAF      	MOVWF gbl_spbrg
0146  6AAB      	CLRF gbl_rcsta
0148  8EAB      	BSF gbl_rcsta,7
014A  8AAC      	BSF gbl_txsta,5
014C  88AB      	BSF gbl_rcsta,4
014E  9A9D      	BCF gbl_pie1,5
0150  0012      	RETURN
0152            ; } FC_CAL_UART_Init_1 function end

	ORG 0x00000152
0152            FC_CAL_UAR_0005F
0152            ; { FC_CAL_UART_UpdateBaud_1 ; function begin
0152  0E07      	MOVLW 0x07
0154  6439      	CPFSGT FC_CAL_UAR_0005F_arg_new_baud
0156  D001      	BRA	label15
0158  0012      	RETURN
015A            label15
015A  5239      	MOVF FC_CAL_UAR_0005F_arg_new_baud, F
015C  E104      	BNZ	label16
015E  683A      	SETF FC_CAL_UAR_0005F_1_baudrate
0160  0E01      	MOVLW 0x01
0162  6E3B      	MOVWF FC_CAL_UAR_0005F_1_baudmode
0164  D02F      	BRA	label23
0166            label16
0166  0439      	DECF FC_CAL_UAR_0005F_arg_new_baud, W
0168  E105      	BNZ	label17
016A  0E7F      	MOVLW 0x7F
016C  6E3A      	MOVWF FC_CAL_UAR_0005F_1_baudrate
016E  0E01      	MOVLW 0x01
0170  6E3B      	MOVWF FC_CAL_UAR_0005F_1_baudmode
0172  D028      	BRA	label23
0174            label17
0174  0E02      	MOVLW 0x02
0176  6239      	CPFSEQ FC_CAL_UAR_0005F_arg_new_baud
0178  D003      	BRA	label18
017A  683A      	SETF FC_CAL_UAR_0005F_1_baudrate
017C  6A3B      	CLRF FC_CAL_UAR_0005F_1_baudmode
017E  D022      	BRA	label23
0180            label18
0180  0E03      	MOVLW 0x03
0182  6239      	CPFSEQ FC_CAL_UAR_0005F_arg_new_baud
0184  D004      	BRA	label19
0186  0E7F      	MOVLW 0x7F
0188  6E3A      	MOVWF FC_CAL_UAR_0005F_1_baudrate
018A  6A3B      	CLRF FC_CAL_UAR_0005F_1_baudmode
018C  D01B      	BRA	label23
018E            label19
018E  0E04      	MOVLW 0x04
0190  6239      	CPFSEQ FC_CAL_UAR_0005F_arg_new_baud
0192  D004      	BRA	label20
0194  0E3F      	MOVLW 0x3F
0196  6E3A      	MOVWF FC_CAL_UAR_0005F_1_baudrate
0198  6A3B      	CLRF FC_CAL_UAR_0005F_1_baudmode
019A  D014      	BRA	label23
019C            label20
019C  0E05      	MOVLW 0x05
019E  6239      	CPFSEQ FC_CAL_UAR_0005F_arg_new_baud
01A0  D004      	BRA	label21
01A2  0E1F      	MOVLW 0x1F
01A4  6E3A      	MOVWF FC_CAL_UAR_0005F_1_baudrate
01A6  6A3B      	CLRF FC_CAL_UAR_0005F_1_baudmode
01A8  D00D      	BRA	label23
01AA            label21
01AA  0E06      	MOVLW 0x06
01AC  6239      	CPFSEQ FC_CAL_UAR_0005F_arg_new_baud
01AE  D004      	BRA	label22
01B0  0E14      	MOVLW 0x14
01B2  6E3A      	MOVWF FC_CAL_UAR_0005F_1_baudrate
01B4  6A3B      	CLRF FC_CAL_UAR_0005F_1_baudmode
01B6  D006      	BRA	label23
01B8            label22
01B8  0E07      	MOVLW 0x07
01BA  6239      	CPFSEQ FC_CAL_UAR_0005F_arg_new_baud
01BC  D003      	BRA	label23
01BE  0E0A      	MOVLW 0x0A
01C0  6E3A      	MOVWF FC_CAL_UAR_0005F_1_baudrate
01C2  6A3B      	CLRF FC_CAL_UAR_0005F_1_baudmode
01C4            label23
01C4  EC9DF000  	CALL FC_CAL_UAR_00060
01C8  043B      	DECF FC_CAL_UAR_0005F_1_baudmode, W
01CA  E102      	BNZ	label24
01CC  94AC      	BCF gbl_txsta,2
01CE  D001      	BRA	label25
01D0            label24
01D0  84AC      	BSF gbl_txsta,2
01D2            label25
01D2  503A      	MOVF FC_CAL_UAR_0005F_1_baudrate, W
01D4  6EAF      	MOVWF gbl_spbrg
01D6  6AAB      	CLRF gbl_rcsta
01D8  8EAB      	BSF gbl_rcsta,7
01DA  8AAC      	BSF gbl_txsta,5
01DC  88AB      	BSF gbl_rcsta,4
01DE  9A9D      	BCF gbl_pie1,5
01E0  0012      	RETURN
01E2            ; } FC_CAL_UART_UpdateBaud_1 function end

	ORG 0x000001E2
01E2            FC_CAL_Por_00042
01E2            ; { FC_CAL_Port_In_DDR__x ; function begin
01E2  503C      	MOVF FC_CAL_Por_00042_arg_Tris+D'1', W
01E4  6EEA      	MOVWF FSR0H
01E6  503B      	MOVF FC_CAL_Por_00042_arg_Tris, W
01E8  6EE9      	MOVWF FSR0L
01EA  503D      	MOVF FC_CAL_Por_00042_arg_InMask, W
01EC  10EF      	IORWF INDF0, W
01EE  6E3F      	MOVWF CompTempVar1825
01F0  503F      	MOVF CompTempVar1825, W
01F2  6EEF      	MOVWF INDF0
01F4  503A      	MOVF FC_CAL_Por_00042_arg_Port+D'1', W
01F6  6EEA      	MOVWF FSR0H
01F8  5039      	MOVF FC_CAL_Por_00042_arg_Port, W
01FA  6EE9      	MOVWF FSR0L
01FC  503D      	MOVF FC_CAL_Por_00042_arg_InMask, W
01FE  14EF      	ANDWF INDF0, W
0200  6E3F      	MOVWF CompTempVarRet1822
0202  503E      	MOVF FC_CAL_Por_00042_arg_Shift, W
0204  6E40      	MOVWF CompTempVar1827
0206            label26
0206  B4D8      	BTFSC STATUS,Z
0208  0012      	RETURN
020A  90D8      	BCF STATUS,C
020C  323F      	RRCF CompTempVarRet1822, F
020E  0640      	DECF CompTempVar1827, F
0210  D7FA      	BRA	label26
0212            ; } FC_CAL_Port_In_DDR__x function end

	ORG 0x00000212
0212            FCD_0f051__00093
0212            ; { FCD_0f051_gLCD_EB076_4D1__ClearDisplay ; function begin
0212  6A39      	CLRF FCD_0f051__00093_1_FCL_Y
0214  6A3A      	CLRF FCD_0f051__00093_1_FCL_Y+D'1'
0216  6A3B      	CLRF FCD_0f051__00093_1_FCL_X
0218  6A3C      	CLRF FCD_0f051__00093_1_FCL_X+D'1'
021A  0E42      	MOVLW 0x42
021C  6E43      	MOVWF FC_CAL_UAR_00062_arg_nChar
021E  6A44      	CLRF FC_CAL_UAR_00062_arg_nChar+D'1'
0220  EC46F000  	CALL FC_CAL_UAR_00062
0224  5020      	MOVF gbl_FCV_0f051_gLCD_EB076_4_0000C+D'1', W
0226  6E43      	MOVWF FC_CAL_UAR_00062_arg_nChar
0228  6A44      	CLRF FC_CAL_UAR_00062_arg_nChar+D'1'
022A  EC46F000  	CALL FC_CAL_UAR_00062
022E  501F      	MOVF gbl_FCV_0f051_gLCD_EB076_4_0000C, W
0230  6E43      	MOVWF FC_CAL_UAR_00062_arg_nChar
0232  5020      	MOVF gbl_FCV_0f051_gLCD_EB076_4_0000C+D'1', W
0234  6E44      	MOVWF FC_CAL_UAR_00062_arg_nChar+D'1'
0236  EC46F000  	CALL FC_CAL_UAR_00062
023A  6843      	SETF FC_CAL_UAR_00061_arg_nTimeout
023C  EC4EF000  	CALL FC_CAL_UAR_00061
0240  0E45      	MOVLW 0x45
0242  6E43      	MOVWF FC_CAL_UAR_00062_arg_nChar
0244  6A44      	CLRF FC_CAL_UAR_00062_arg_nChar+D'1'
0246  EC46F000  	CALL FC_CAL_UAR_00062
024A  6843      	SETF FC_CAL_UAR_00061_arg_nTimeout
024C  EC4EF000  	CALL FC_CAL_UAR_00061
0250  0012      	RETURN
0252            ; } FCD_0f051_gLCD_EB076_4D1__ClearDisplay function end

	ORG 0x00000252
0252            FCD_0f051__0005C
0252            ; { FCD_0f051_gLCD_EB076_4D1__DrawLine ; function begin
0252  6A3D      	CLRF FCD_0f051__0005C_1_FCL_D1
0254  6A3E      	CLRF FCD_0f051__0005C_1_FCL_D1+D'1'
0256  0E01      	MOVLW 0x01
0258  6E3F      	MOVWF FCD_0f051__0005C_1_FCL_YINC
025A  6A40      	CLRF FCD_0f051__0005C_1_FCL_YINC+D'1'
025C  0E01      	MOVLW 0x01
025E  6E41      	MOVWF FCD_0f051__0005C_1_FCL_XINC
0260  6A42      	CLRF FCD_0f051__0005C_1_FCL_XINC+D'1'
0262  0E4C      	MOVLW 0x4C
0264  6E43      	MOVWF FC_CAL_UAR_00062_arg_nChar
0266  6A44      	CLRF FC_CAL_UAR_00062_arg_nChar+D'1'
0268  EC46F000  	CALL FC_CAL_UAR_00062
026C  5036      	MOVF FCD_0f051__0005C_arg_FCL_X1+D'1', W
026E  6E43      	MOVWF FC_CAL_UAR_00062_arg_nChar
0270  6A44      	CLRF FC_CAL_UAR_00062_arg_nChar+D'1'
0272  EC46F000  	CALL FC_CAL_UAR_00062
0276  5035      	MOVF FCD_0f051__0005C_arg_FCL_X1, W
0278  6E43      	MOVWF FC_CAL_UAR_00062_arg_nChar
027A  5036      	MOVF FCD_0f051__0005C_arg_FCL_X1+D'1', W
027C  6E44      	MOVWF FC_CAL_UAR_00062_arg_nChar+D'1'
027E  EC46F000  	CALL FC_CAL_UAR_00062
0282  5038      	MOVF FCD_0f051__0005C_arg_FCL_Y1+D'1', W
0284  6E43      	MOVWF FC_CAL_UAR_00062_arg_nChar
0286  6A44      	CLRF FC_CAL_UAR_00062_arg_nChar+D'1'
0288  EC46F000  	CALL FC_CAL_UAR_00062
028C  5037      	MOVF FCD_0f051__0005C_arg_FCL_Y1, W
028E  6E43      	MOVWF FC_CAL_UAR_00062_arg_nChar
0290  5038      	MOVF FCD_0f051__0005C_arg_FCL_Y1+D'1', W
0292  6E44      	MOVWF FC_CAL_UAR_00062_arg_nChar+D'1'
0294  EC46F000  	CALL FC_CAL_UAR_00062
0298  503A      	MOVF FCD_0f051__0005C_arg_FCL_X2+D'1', W
029A  6E43      	MOVWF FC_CAL_UAR_00062_arg_nChar
029C  6A44      	CLRF FC_CAL_UAR_00062_arg_nChar+D'1'
029E  EC46F000  	CALL FC_CAL_UAR_00062
02A2  5039      	MOVF FCD_0f051__0005C_arg_FCL_X2, W
02A4  6E43      	MOVWF FC_CAL_UAR_00062_arg_nChar
02A6  503A      	MOVF FCD_0f051__0005C_arg_FCL_X2+D'1', W
02A8  6E44      	MOVWF FC_CAL_UAR_00062_arg_nChar+D'1'
02AA  EC46F000  	CALL FC_CAL_UAR_00062
02AE  503C      	MOVF FCD_0f051__0005C_arg_FCL_Y2+D'1', W
02B0  6E43      	MOVWF FC_CAL_UAR_00062_arg_nChar
02B2  6A44      	CLRF FC_CAL_UAR_00062_arg_nChar+D'1'
02B4  EC46F000  	CALL FC_CAL_UAR_00062
02B8  503B      	MOVF FCD_0f051__0005C_arg_FCL_Y2, W
02BA  6E43      	MOVWF FC_CAL_UAR_00062_arg_nChar
02BC  503C      	MOVF FCD_0f051__0005C_arg_FCL_Y2+D'1', W
02BE  6E44      	MOVWF FC_CAL_UAR_00062_arg_nChar+D'1'
02C0  EC46F000  	CALL FC_CAL_UAR_00062
02C4  5022      	MOVF gbl_FCV_0f051_gLCD_EB076_4_0000D+D'1', W
02C6  6E43      	MOVWF FC_CAL_UAR_00062_arg_nChar
02C8  6A44      	CLRF FC_CAL_UAR_00062_arg_nChar+D'1'
02CA  EC46F000  	CALL FC_CAL_UAR_00062
02CE  5021      	MOVF gbl_FCV_0f051_gLCD_EB076_4_0000D, W
02D0  6E43      	MOVWF FC_CAL_UAR_00062_arg_nChar
02D2  5022      	MOVF gbl_FCV_0f051_gLCD_EB076_4_0000D+D'1', W
02D4  6E44      	MOVWF FC_CAL_UAR_00062_arg_nChar+D'1'
02D6  EC46F000  	CALL FC_CAL_UAR_00062
02DA  6843      	SETF FC_CAL_UAR_00061_arg_nTimeout
02DC  EC4EF000  	CALL FC_CAL_UAR_00061
02E0  0012      	RETURN
02E2            ; } FCD_0f051_gLCD_EB076_4D1__DrawLine function end

	ORG 0x000002E2
02E2            FCM_lignes_0005D
02E2            ; { FCM_lignesH ; function begin
02E2  6A35      	CLRF FCD_0f051__0005C_arg_FCL_X1
02E4  6A36      	CLRF FCD_0f051__0005C_arg_FCL_X1+D'1'
02E6  0E18      	MOVLW 0x18
02E8  6E37      	MOVWF FCD_0f051__0005C_arg_FCL_Y1
02EA  6A38      	CLRF FCD_0f051__0005C_arg_FCL_Y1+D'1'
02EC  0EF0      	MOVLW 0xF0
02EE  6E39      	MOVWF FCD_0f051__0005C_arg_FCL_X2
02F0  6A3A      	CLRF FCD_0f051__0005C_arg_FCL_X2+D'1'
02F2  0E18      	MOVLW 0x18
02F4  6E3B      	MOVWF FCD_0f051__0005C_arg_FCL_Y2
02F6  6A3C      	CLRF FCD_0f051__0005C_arg_FCL_Y2+D'1'
02F8  EC29F001  	CALL FCD_0f051__0005C
02FC  6A35      	CLRF FCD_0f051__0005C_arg_FCL_X1
02FE  6A36      	CLRF FCD_0f051__0005C_arg_FCL_X1+D'1'
0300  0E30      	MOVLW 0x30
0302  6E37      	MOVWF FCD_0f051__0005C_arg_FCL_Y1
0304  6A38      	CLRF FCD_0f051__0005C_arg_FCL_Y1+D'1'
0306  0EF0      	MOVLW 0xF0
0308  6E39      	MOVWF FCD_0f051__0005C_arg_FCL_X2
030A  6A3A      	CLRF FCD_0f051__0005C_arg_FCL_X2+D'1'
030C  0E30      	MOVLW 0x30
030E  6E3B      	MOVWF FCD_0f051__0005C_arg_FCL_Y2
0310  6A3C      	CLRF FCD_0f051__0005C_arg_FCL_Y2+D'1'
0312  EC29F001  	CALL FCD_0f051__0005C
0316  6A35      	CLRF FCD_0f051__0005C_arg_FCL_X1
0318  6A36      	CLRF FCD_0f051__0005C_arg_FCL_X1+D'1'
031A  0E48      	MOVLW 0x48
031C  6E37      	MOVWF FCD_0f051__0005C_arg_FCL_Y1
031E  6A38      	CLRF FCD_0f051__0005C_arg_FCL_Y1+D'1'
0320  0EF0      	MOVLW 0xF0
0322  6E39      	MOVWF FCD_0f051__0005C_arg_FCL_X2
0324  6A3A      	CLRF FCD_0f051__0005C_arg_FCL_X2+D'1'
0326  0E48      	MOVLW 0x48
0328  6E3B      	MOVWF FCD_0f051__0005C_arg_FCL_Y2
032A  6A3C      	CLRF FCD_0f051__0005C_arg_FCL_Y2+D'1'
032C  EC29F001  	CALL FCD_0f051__0005C
0330  6A35      	CLRF FCD_0f051__0005C_arg_FCL_X1
0332  6A36      	CLRF FCD_0f051__0005C_arg_FCL_X1+D'1'
0334  0E60      	MOVLW 0x60
0336  6E37      	MOVWF FCD_0f051__0005C_arg_FCL_Y1
0338  6A38      	CLRF FCD_0f051__0005C_arg_FCL_Y1+D'1'
033A  0EF0      	MOVLW 0xF0
033C  6E39      	MOVWF FCD_0f051__0005C_arg_FCL_X2
033E  6A3A      	CLRF FCD_0f051__0005C_arg_FCL_X2+D'1'
0340  0E60      	MOVLW 0x60
0342  6E3B      	MOVWF FCD_0f051__0005C_arg_FCL_Y2
0344  6A3C      	CLRF FCD_0f051__0005C_arg_FCL_Y2+D'1'
0346  EC29F001  	CALL FCD_0f051__0005C
034A  6A35      	CLRF FCD_0f051__0005C_arg_FCL_X1
034C  6A36      	CLRF FCD_0f051__0005C_arg_FCL_X1+D'1'
034E  0E78      	MOVLW 0x78
0350  6E37      	MOVWF FCD_0f051__0005C_arg_FCL_Y1
0352  6A38      	CLRF FCD_0f051__0005C_arg_FCL_Y1+D'1'
0354  0EF0      	MOVLW 0xF0
0356  6E39      	MOVWF FCD_0f051__0005C_arg_FCL_X2
0358  6A3A      	CLRF FCD_0f051__0005C_arg_FCL_X2+D'1'
035A  0E78      	MOVLW 0x78
035C  6E3B      	MOVWF FCD_0f051__0005C_arg_FCL_Y2
035E  6A3C      	CLRF FCD_0f051__0005C_arg_FCL_Y2+D'1'
0360  EC29F001  	CALL FCD_0f051__0005C
0364  6A35      	CLRF FCD_0f051__0005C_arg_FCL_X1
0366  6A36      	CLRF FCD_0f051__0005C_arg_FCL_X1+D'1'
0368  0E90      	MOVLW 0x90
036A  6E37      	MOVWF FCD_0f051__0005C_arg_FCL_Y1
036C  6A38      	CLRF FCD_0f051__0005C_arg_FCL_Y1+D'1'
036E  0EF0      	MOVLW 0xF0
0370  6E39      	MOVWF FCD_0f051__0005C_arg_FCL_X2
0372  6A3A      	CLRF FCD_0f051__0005C_arg_FCL_X2+D'1'
0374  0E90      	MOVLW 0x90
0376  6E3B      	MOVWF FCD_0f051__0005C_arg_FCL_Y2
0378  6A3C      	CLRF FCD_0f051__0005C_arg_FCL_Y2+D'1'
037A  EC29F001  	CALL FCD_0f051__0005C
037E  6A35      	CLRF FCD_0f051__0005C_arg_FCL_X1
0380  6A36      	CLRF FCD_0f051__0005C_arg_FCL_X1+D'1'
0382  0EA8      	MOVLW 0xA8
0384  6E37      	MOVWF FCD_0f051__0005C_arg_FCL_Y1
0386  6A38      	CLRF FCD_0f051__0005C_arg_FCL_Y1+D'1'
0388  0EF0      	MOVLW 0xF0
038A  6E39      	MOVWF FCD_0f051__0005C_arg_FCL_X2
038C  6A3A      	CLRF FCD_0f051__0005C_arg_FCL_X2+D'1'
038E  0EA8      	MOVLW 0xA8
0390  6E3B      	MOVWF FCD_0f051__0005C_arg_FCL_Y2
0392  6A3C      	CLRF FCD_0f051__0005C_arg_FCL_Y2+D'1'
0394  EC29F001  	CALL FCD_0f051__0005C
0398  6A35      	CLRF FCD_0f051__0005C_arg_FCL_X1
039A  6A36      	CLRF FCD_0f051__0005C_arg_FCL_X1+D'1'
039C  0EC0      	MOVLW 0xC0
039E  6E37      	MOVWF FCD_0f051__0005C_arg_FCL_Y1
03A0  6A38      	CLRF FCD_0f051__0005C_arg_FCL_Y1+D'1'
03A2  0EF0      	MOVLW 0xF0
03A4  6E39      	MOVWF FCD_0f051__0005C_arg_FCL_X2
03A6  6A3A      	CLRF FCD_0f051__0005C_arg_FCL_X2+D'1'
03A8  0EC0      	MOVLW 0xC0
03AA  6E3B      	MOVWF FCD_0f051__0005C_arg_FCL_Y2
03AC  6A3C      	CLRF FCD_0f051__0005C_arg_FCL_Y2+D'1'
03AE  EC29F001  	CALL FCD_0f051__0005C
03B2  6A35      	CLRF FCD_0f051__0005C_arg_FCL_X1
03B4  6A36      	CLRF FCD_0f051__0005C_arg_FCL_X1+D'1'
03B6  0ED8      	MOVLW 0xD8
03B8  6E37      	MOVWF FCD_0f051__0005C_arg_FCL_Y1
03BA  6A38      	CLRF FCD_0f051__0005C_arg_FCL_Y1+D'1'
03BC  0EF0      	MOVLW 0xF0
03BE  6E39      	MOVWF FCD_0f051__0005C_arg_FCL_X2
03C0  6A3A      	CLRF FCD_0f051__0005C_arg_FCL_X2+D'1'
03C2  0ED8      	MOVLW 0xD8
03C4  6E3B      	MOVWF FCD_0f051__0005C_arg_FCL_Y2
03C6  6A3C      	CLRF FCD_0f051__0005C_arg_FCL_Y2+D'1'
03C8  EC29F001  	CALL FCD_0f051__0005C
03CC  6A35      	CLRF FCD_0f051__0005C_arg_FCL_X1
03CE  6A36      	CLRF FCD_0f051__0005C_arg_FCL_X1+D'1'
03D0  0EF0      	MOVLW 0xF0
03D2  6E37      	MOVWF FCD_0f051__0005C_arg_FCL_Y1
03D4  6A38      	CLRF FCD_0f051__0005C_arg_FCL_Y1+D'1'
03D6  0EF0      	MOVLW 0xF0
03D8  6E39      	MOVWF FCD_0f051__0005C_arg_FCL_X2
03DA  6A3A      	CLRF FCD_0f051__0005C_arg_FCL_X2+D'1'
03DC  0EF0      	MOVLW 0xF0
03DE  6E3B      	MOVWF FCD_0f051__0005C_arg_FCL_Y2
03E0  6A3C      	CLRF FCD_0f051__0005C_arg_FCL_Y2+D'1'
03E2  EC29F001  	CALL FCD_0f051__0005C
03E6  0012      	RETURN
03E8            ; } FCM_lignesH function end

	ORG 0x000003E8
03E8            FCM_lignes_0005B
03E8            ; { FCM_lignesV ; function begin
03E8  0E18      	MOVLW 0x18
03EA  6E35      	MOVWF FCD_0f051__0005C_arg_FCL_X1
03EC  6A36      	CLRF FCD_0f051__0005C_arg_FCL_X1+D'1'
03EE  6A37      	CLRF FCD_0f051__0005C_arg_FCL_Y1
03F0  6A38      	CLRF FCD_0f051__0005C_arg_FCL_Y1+D'1'
03F2  0E18      	MOVLW 0x18
03F4  6E39      	MOVWF FCD_0f051__0005C_arg_FCL_X2
03F6  6A3A      	CLRF FCD_0f051__0005C_arg_FCL_X2+D'1'
03F8  0EF0      	MOVLW 0xF0
03FA  6E3B      	MOVWF FCD_0f051__0005C_arg_FCL_Y2
03FC  6A3C      	CLRF FCD_0f051__0005C_arg_FCL_Y2+D'1'
03FE  EC29F001  	CALL FCD_0f051__0005C
0402  0E30      	MOVLW 0x30
0404  6E35      	MOVWF FCD_0f051__0005C_arg_FCL_X1
0406  6A36      	CLRF FCD_0f051__0005C_arg_FCL_X1+D'1'
0408  6A37      	CLRF FCD_0f051__0005C_arg_FCL_Y1
040A  6A38      	CLRF FCD_0f051__0005C_arg_FCL_Y1+D'1'
040C  0E30      	MOVLW 0x30
040E  6E39      	MOVWF FCD_0f051__0005C_arg_FCL_X2
0410  6A3A      	CLRF FCD_0f051__0005C_arg_FCL_X2+D'1'
0412  0EF0      	MOVLW 0xF0
0414  6E3B      	MOVWF FCD_0f051__0005C_arg_FCL_Y2
0416  6A3C      	CLRF FCD_0f051__0005C_arg_FCL_Y2+D'1'
0418  EC29F001  	CALL FCD_0f051__0005C
041C  0E48      	MOVLW 0x48
041E  6E35      	MOVWF FCD_0f051__0005C_arg_FCL_X1
0420  6A36      	CLRF FCD_0f051__0005C_arg_FCL_X1+D'1'
0422  6A37      	CLRF FCD_0f051__0005C_arg_FCL_Y1
0424  6A38      	CLRF FCD_0f051__0005C_arg_FCL_Y1+D'1'
0426  0E48      	MOVLW 0x48
0428  6E39      	MOVWF FCD_0f051__0005C_arg_FCL_X2
042A  6A3A      	CLRF FCD_0f051__0005C_arg_FCL_X2+D'1'
042C  0EF0      	MOVLW 0xF0
042E  6E3B      	MOVWF FCD_0f051__0005C_arg_FCL_Y2
0430  6A3C      	CLRF FCD_0f051__0005C_arg_FCL_Y2+D'1'
0432  EC29F001  	CALL FCD_0f051__0005C
0436  0E60      	MOVLW 0x60
0438  6E35      	MOVWF FCD_0f051__0005C_arg_FCL_X1
043A  6A36      	CLRF FCD_0f051__0005C_arg_FCL_X1+D'1'
043C  6A37      	CLRF FCD_0f051__0005C_arg_FCL_Y1
043E  6A38      	CLRF FCD_0f051__0005C_arg_FCL_Y1+D'1'
0440  0E60      	MOVLW 0x60
0442  6E39      	MOVWF FCD_0f051__0005C_arg_FCL_X2
0444  6A3A      	CLRF FCD_0f051__0005C_arg_FCL_X2+D'1'
0446  0EF0      	MOVLW 0xF0
0448  6E3B      	MOVWF FCD_0f051__0005C_arg_FCL_Y2
044A  6A3C      	CLRF FCD_0f051__0005C_arg_FCL_Y2+D'1'
044C  EC29F001  	CALL FCD_0f051__0005C
0450  0E78      	MOVLW 0x78
0452  6E35      	MOVWF FCD_0f051__0005C_arg_FCL_X1
0454  6A36      	CLRF FCD_0f051__0005C_arg_FCL_X1+D'1'
0456  6A37      	CLRF FCD_0f051__0005C_arg_FCL_Y1
0458  6A38      	CLRF FCD_0f051__0005C_arg_FCL_Y1+D'1'
045A  0E78      	MOVLW 0x78
045C  6E39      	MOVWF FCD_0f051__0005C_arg_FCL_X2
045E  6A3A      	CLRF FCD_0f051__0005C_arg_FCL_X2+D'1'
0460  0EF0      	MOVLW 0xF0
0462  6E3B      	MOVWF FCD_0f051__0005C_arg_FCL_Y2
0464  6A3C      	CLRF FCD_0f051__0005C_arg_FCL_Y2+D'1'
0466  EC29F001  	CALL FCD_0f051__0005C
046A  0E90      	MOVLW 0x90
046C  6E35      	MOVWF FCD_0f051__0005C_arg_FCL_X1
046E  6A36      	CLRF FCD_0f051__0005C_arg_FCL_X1+D'1'
0470  6A37      	CLRF FCD_0f051__0005C_arg_FCL_Y1
0472  6A38      	CLRF FCD_0f051__0005C_arg_FCL_Y1+D'1'
0474  0E90      	MOVLW 0x90
0476  6E39      	MOVWF FCD_0f051__0005C_arg_FCL_X2
0478  6A3A      	CLRF FCD_0f051__0005C_arg_FCL_X2+D'1'
047A  0EF0      	MOVLW 0xF0
047C  6E3B      	MOVWF FCD_0f051__0005C_arg_FCL_Y2
047E  6A3C      	CLRF FCD_0f051__0005C_arg_FCL_Y2+D'1'
0480  EC29F001  	CALL FCD_0f051__0005C
0484  0EA8      	MOVLW 0xA8
0486  6E35      	MOVWF FCD_0f051__0005C_arg_FCL_X1
0488  6A36      	CLRF FCD_0f051__0005C_arg_FCL_X1+D'1'
048A  6A37      	CLRF FCD_0f051__0005C_arg_FCL_Y1
048C  6A38      	CLRF FCD_0f051__0005C_arg_FCL_Y1+D'1'
048E  0EA8      	MOVLW 0xA8
0490  6E39      	MOVWF FCD_0f051__0005C_arg_FCL_X2
0492  6A3A      	CLRF FCD_0f051__0005C_arg_FCL_X2+D'1'
0494  0EF0      	MOVLW 0xF0
0496  6E3B      	MOVWF FCD_0f051__0005C_arg_FCL_Y2
0498  6A3C      	CLRF FCD_0f051__0005C_arg_FCL_Y2+D'1'
049A  EC29F001  	CALL FCD_0f051__0005C
049E  0EC0      	MOVLW 0xC0
04A0  6E35      	MOVWF FCD_0f051__0005C_arg_FCL_X1
04A2  6A36      	CLRF FCD_0f051__0005C_arg_FCL_X1+D'1'
04A4  6A37      	CLRF FCD_0f051__0005C_arg_FCL_Y1
04A6  6A38      	CLRF FCD_0f051__0005C_arg_FCL_Y1+D'1'
04A8  0EC0      	MOVLW 0xC0
04AA  6E39      	MOVWF FCD_0f051__0005C_arg_FCL_X2
04AC  6A3A      	CLRF FCD_0f051__0005C_arg_FCL_X2+D'1'
04AE  0EF0      	MOVLW 0xF0
04B0  6E3B      	MOVWF FCD_0f051__0005C_arg_FCL_Y2
04B2  6A3C      	CLRF FCD_0f051__0005C_arg_FCL_Y2+D'1'
04B4  EC29F001  	CALL FCD_0f051__0005C
04B8  0ED8      	MOVLW 0xD8
04BA  6E35      	MOVWF FCD_0f051__0005C_arg_FCL_X1
04BC  6A36      	CLRF FCD_0f051__0005C_arg_FCL_X1+D'1'
04BE  6A37      	CLRF FCD_0f051__0005C_arg_FCL_Y1
04C0  6A38      	CLRF FCD_0f051__0005C_arg_FCL_Y1+D'1'
04C2  0ED8      	MOVLW 0xD8
04C4  6E39      	MOVWF FCD_0f051__0005C_arg_FCL_X2
04C6  6A3A      	CLRF FCD_0f051__0005C_arg_FCL_X2+D'1'
04C8  0EF0      	MOVLW 0xF0
04CA  6E3B      	MOVWF FCD_0f051__0005C_arg_FCL_Y2
04CC  6A3C      	CLRF FCD_0f051__0005C_arg_FCL_Y2+D'1'
04CE  EC29F001  	CALL FCD_0f051__0005C
04D2  0EF0      	MOVLW 0xF0
04D4  6E35      	MOVWF FCD_0f051__0005C_arg_FCL_X1
04D6  6A36      	CLRF FCD_0f051__0005C_arg_FCL_X1+D'1'
04D8  6A37      	CLRF FCD_0f051__0005C_arg_FCL_Y1
04DA  6A38      	CLRF FCD_0f051__0005C_arg_FCL_Y1+D'1'
04DC  0EF0      	MOVLW 0xF0
04DE  6E39      	MOVWF FCD_0f051__0005C_arg_FCL_X2
04E0  6A3A      	CLRF FCD_0f051__0005C_arg_FCL_X2+D'1'
04E2  0EF0      	MOVLW 0xF0
04E4  6E3B      	MOVWF FCD_0f051__0005C_arg_FCL_Y2
04E6  6A3C      	CLRF FCD_0f051__0005C_arg_FCL_Y2+D'1'
04E8  EC29F001  	CALL FCD_0f051__0005C
04EC  0012      	RETURN
04EE            ; } FCM_lignesV function end

	ORG 0x000004EE
04EE            FCD_0f051__0009E
04EE            ; { FCD_0f051_gLCD_EB076_4D1__Initialise ; function begin
04EE  6A39      	CLRF FCD_0f051__0009E_2_ptmp
04F0  9A94      	BCF gbl_trisc,5
04F2  5239      	MOVF FCD_0f051__0009E_2_ptmp, F
04F4  E004      	BZ	label27
04F6  0E20      	MOVLW 0x20
04F8  108B      	IORWF gbl_latc, W
04FA  6E82      	MOVWF gbl_portc
04FC  D003      	BRA	label28
04FE            label27
04FE  0EDF      	MOVLW 0xDF
0500  148B      	ANDWF gbl_latc, W
0502  6E82      	MOVWF gbl_portc
0504            label28
0504  ECA0F000  	CALL FC_CAL_UAR_00063
0508  0E64      	MOVLW 0x64
050A  6E39      	MOVWF delay_us_00000_arg_del
050C  EC2EF000  	CALL delay_us_00000
0510  0E0F      	MOVLW HIGH(gbl_portc+D'0')
0512  6E3A      	MOVWF FC_CAL_Por_00042_arg_Port+D'1'
0514  0E82      	MOVLW LOW(gbl_portc+D'0')
0516  6E39      	MOVWF FC_CAL_Por_00042_arg_Port
0518  0E0F      	MOVLW HIGH(gbl_trisc+D'0')
051A  6E3C      	MOVWF FC_CAL_Por_00042_arg_Tris+D'1'
051C  0E94      	MOVLW LOW(gbl_trisc+D'0')
051E  6E3B      	MOVWF FC_CAL_Por_00042_arg_Tris
0520  0E20      	MOVLW 0x20
0522  6E3D      	MOVWF FC_CAL_Por_00042_arg_InMask
0524  0E05      	MOVLW 0x05
0526  6E3E      	MOVWF FC_CAL_Por_00042_arg_Shift
0528  ECF1F000  	CALL FC_CAL_Por_00042
052C  503F      	MOVF CompTempVarRet1822, W
052E  6E38      	MOVWF FCD_0f051__0009E_1_FCL_DUMMY
0530  0E03      	MOVLW 0x03
0532  6E39      	MOVWF delay_s_00000_arg_del
0534  EC33F000  	CALL delay_s_00000
0538  6A43      	CLRF FC_CAL_UAR_00061_arg_nTimeout
053A  EC4EF000  	CALL FC_CAL_UAR_00061
053E  6A43      	CLRF FC_CAL_UAR_00061_arg_nTimeout
0540  EC4EF000  	CALL FC_CAL_UAR_00061
0544  6A43      	CLRF FC_CAL_UAR_00061_arg_nTimeout
0546  EC4EF000  	CALL FC_CAL_UAR_00061
054A  0E55      	MOVLW 0x55
054C  6E43      	MOVWF FC_CAL_UAR_00062_arg_nChar
054E  6A44      	CLRF FC_CAL_UAR_00062_arg_nChar+D'1'
0550  EC46F000  	CALL FC_CAL_UAR_00062
0554  6843      	SETF FC_CAL_UAR_00061_arg_nTimeout
0556  EC4EF000  	CALL FC_CAL_UAR_00061
055A  0E51      	MOVLW 0x51
055C  6E43      	MOVWF FC_CAL_UAR_00062_arg_nChar
055E  6A44      	CLRF FC_CAL_UAR_00062_arg_nChar+D'1'
0560  EC46F000  	CALL FC_CAL_UAR_00062
0564  0E0C      	MOVLW 0x0C
0566  6E43      	MOVWF FC_CAL_UAR_00062_arg_nChar
0568  6A44      	CLRF FC_CAL_UAR_00062_arg_nChar+D'1'
056A  EC46F000  	CALL FC_CAL_UAR_00062
056E  6843      	SETF FC_CAL_UAR_00061_arg_nTimeout
0570  EC4EF000  	CALL FC_CAL_UAR_00061
0574  0E06      	MOVLW 0x06
0576  6E39      	MOVWF FC_CAL_UAR_0005F_arg_new_baud
0578  ECA9F000  	CALL FC_CAL_UAR_0005F
057C  0E0A      	MOVLW 0x0A
057E  6E43      	MOVWF FC_CAL_UAR_00061_arg_nTimeout
0580  EC4EF000  	CALL FC_CAL_UAR_00061
0584  0E0A      	MOVLW 0x0A
0586  6E43      	MOVWF FC_CAL_UAR_00061_arg_nTimeout
0588  EC4EF000  	CALL FC_CAL_UAR_00061
058C  6A35      	CLRF FCD_0f051__0009E_1_FCL_RED
058E  3235      	RRCF FCD_0f051__0009E_1_FCL_RED, F
0590  3235      	RRCF FCD_0f051__0009E_1_FCL_RED, F
0592  3235      	RRCF FCD_0f051__0009E_1_FCL_RED, F
0594  0E1F      	MOVLW 0x1F
0596  1635      	ANDWF FCD_0f051__0009E_1_FCL_RED, F
0598  6A36      	CLRF FCD_0f051__0009E_1_FCL_GREEN
059A  3236      	RRCF FCD_0f051__0009E_1_FCL_GREEN, F
059C  3236      	RRCF FCD_0f051__0009E_1_FCL_GREEN, F
059E  0E3F      	MOVLW 0x3F
05A0  1636      	ANDWF FCD_0f051__0009E_1_FCL_GREEN, F
05A2  6A37      	CLRF FCD_0f051__0009E_1_FCL_BLUE
05A4  3237      	RRCF FCD_0f051__0009E_1_FCL_BLUE, F
05A6  3237      	RRCF FCD_0f051__0009E_1_FCL_BLUE, F
05A8  3237      	RRCF FCD_0f051__0009E_1_FCL_BLUE, F
05AA  0E1F      	MOVLW 0x1F
05AC  1637      	ANDWF FCD_0f051__0009E_1_FCL_BLUE, F
05AE  5036      	MOVF FCD_0f051__0009E_1_FCL_GREEN, W
05B0  6E39      	MOVWF CompTempVar2962
05B2  6A22      	CLRF gbl_FCV_0f051_gLCD_EB076_4_0000D+D'1'
05B4  3639      	RLCF CompTempVar2962, F
05B6  3622      	RLCF gbl_FCV_0f051_gLCD_EB076_4_0000D+D'1', F
05B8  3639      	RLCF CompTempVar2962, F
05BA  3622      	RLCF gbl_FCV_0f051_gLCD_EB076_4_0000D+D'1', F
05BC  3639      	RLCF CompTempVar2962, F
05BE  3622      	RLCF gbl_FCV_0f051_gLCD_EB076_4_0000D+D'1', F
05C0  3639      	RLCF CompTempVar2962, F
05C2  3622      	RLCF gbl_FCV_0f051_gLCD_EB076_4_0000D+D'1', F
05C4  3639      	RLCF CompTempVar2962, F
05C6  3622      	RLCF gbl_FCV_0f051_gLCD_EB076_4_0000D+D'1', F
05C8  0EE0      	MOVLW 0xE0
05CA  1639      	ANDWF CompTempVar2962, F
05CC  5039      	MOVF CompTempVar2962, W
05CE  1037      	IORWF FCD_0f051__0009E_1_FCL_BLUE, W
05D0  6E21      	MOVWF gbl_FCV_0f051_gLCD_EB076_4_0000D
05D2  6A39      	CLRF CompTempVar2966
05D4  5035      	MOVF FCD_0f051__0009E_1_FCL_RED, W
05D6  6E3A      	MOVWF CompTempVar2967
05D8  90D8      	BCF STATUS,C
05DA  363A      	RLCF CompTempVar2967, F
05DC  90D8      	BCF STATUS,C
05DE  363A      	RLCF CompTempVar2967, F
05E0  90D8      	BCF STATUS,C
05E2  363A      	RLCF CompTempVar2967, F
05E4  5039      	MOVF CompTempVar2966, W
05E6  1221      	IORWF gbl_FCV_0f051_gLCD_EB076_4_0000D, F
05E8  503A      	MOVF CompTempVar2967, W
05EA  1222      	IORWF gbl_FCV_0f051_gLCD_EB076_4_0000D+D'1', F
05EC  6835      	SETF FCD_0f051__0009E_1_FCL_RED
05EE  3235      	RRCF FCD_0f051__0009E_1_FCL_RED, F
05F0  3235      	RRCF FCD_0f051__0009E_1_FCL_RED, F
05F2  3235      	RRCF FCD_0f051__0009E_1_FCL_RED, F
05F4  0E1F      	MOVLW 0x1F
05F6  1635      	ANDWF FCD_0f051__0009E_1_FCL_RED, F
05F8  6836      	SETF FCD_0f051__0009E_1_FCL_GREEN
05FA  3236      	RRCF FCD_0f051__0009E_1_FCL_GREEN, F
05FC  3236      	RRCF FCD_0f051__0009E_1_FCL_GREEN, F
05FE  0E3F      	MOVLW 0x3F
0600  1636      	ANDWF FCD_0f051__0009E_1_FCL_GREEN, F
0602  6837      	SETF FCD_0f051__0009E_1_FCL_BLUE
0604  3237      	RRCF FCD_0f051__0009E_1_FCL_BLUE, F
0606  3237      	RRCF FCD_0f051__0009E_1_FCL_BLUE, F
0608  3237      	RRCF FCD_0f051__0009E_1_FCL_BLUE, F
060A  0E1F      	MOVLW 0x1F
060C  1637      	ANDWF FCD_0f051__0009E_1_FCL_BLUE, F
060E  5036      	MOVF FCD_0f051__0009E_1_FCL_GREEN, W
0610  6E39      	MOVWF CompTempVar2973
0612  6A20      	CLRF gbl_FCV_0f051_gLCD_EB076_4_0000C+D'1'
0614  3639      	RLCF CompTempVar2973, F
0616  3620      	RLCF gbl_FCV_0f051_gLCD_EB076_4_0000C+D'1', F
0618  3639      	RLCF CompTempVar2973, F
061A  3620      	RLCF gbl_FCV_0f051_gLCD_EB076_4_0000C+D'1', F
061C  3639      	RLCF CompTempVar2973, F
061E  3620      	RLCF gbl_FCV_0f051_gLCD_EB076_4_0000C+D'1', F
0620  3639      	RLCF CompTempVar2973, F
0622  3620      	RLCF gbl_FCV_0f051_gLCD_EB076_4_0000C+D'1', F
0624  3639      	RLCF CompTempVar2973, F
0626  3620      	RLCF gbl_FCV_0f051_gLCD_EB076_4_0000C+D'1', F
0628  0EE0      	MOVLW 0xE0
062A  1639      	ANDWF CompTempVar2973, F
062C  5039      	MOVF CompTempVar2973, W
062E  1037      	IORWF FCD_0f051__0009E_1_FCL_BLUE, W
0630  6E1F      	MOVWF gbl_FCV_0f051_gLCD_EB076_4_0000C
0632  6A39      	CLRF CompTempVar2977
0634  5035      	MOVF FCD_0f051__0009E_1_FCL_RED, W
0636  6E3A      	MOVWF CompTempVar2978
0638  90D8      	BCF STATUS,C
063A  363A      	RLCF CompTempVar2978, F
063C  90D8      	BCF STATUS,C
063E  363A      	RLCF CompTempVar2978, F
0640  90D8      	BCF STATUS,C
0642  363A      	RLCF CompTempVar2978, F
0644  5039      	MOVF CompTempVar2977, W
0646  121F      	IORWF gbl_FCV_0f051_gLCD_EB076_4_0000C, F
0648  503A      	MOVF CompTempVar2978, W
064A  1220      	IORWF gbl_FCV_0f051_gLCD_EB076_4_0000C+D'1', F
064C  EC09F001  	CALL FCD_0f051__00093
0650  0E0A      	MOVLW 0x0A
0652  6E43      	MOVWF FC_CAL_UAR_00061_arg_nTimeout
0654  EC4EF000  	CALL FC_CAL_UAR_00061
0658  0E0A      	MOVLW 0x0A
065A  6E43      	MOVWF FC_CAL_UAR_00061_arg_nTimeout
065C  EC4EF000  	CALL FC_CAL_UAR_00061
0660  0012      	RETURN
0662            ; } FCD_0f051_gLCD_EB076_4D1__Initialise function end

	ORG 0x00000662
0662            main
0662            ; { main ; function begin
0662  0E0F      	MOVLW 0x0F
0664  6EC1      	MOVWF gbl_adcon1
0666  EC77F002  	CALL FCD_0f051__0009E
066A  EC09F001  	CALL FCD_0f051__00093
066E            label29
066E  EC71F001  	CALL FCM_lignes_0005D
0672  ECF4F001  	CALL FCM_lignes_0005B
0676  D7FB      	BRA	label29
0678            ; } main function end

	ORG 0x00000678
0678            _startup
0678  0ED5      	MOVLW 0xD5
067A  6E05      	MOVWF gbl_14_LSR
067C  0EC4      	MOVLW 0xC4
067E  6E06      	MOVWF gbl_14_LSR+D'1'
0680  0EBB      	MOVLW 0xBB
0682  6E07      	MOVWF gbl_14_LSR+D'2'
0684  0EDC      	MOVLW 0xDC
0686  6E08      	MOVWF gbl_14_LSR+D'3'
0688  6A09      	CLRF gbl_15_gbl_aSig
068A  6A0A      	CLRF gbl_15_gbl_aSig+D'1'
068C  6A0B      	CLRF gbl_15_gbl_aSig+D'2'
068E  6A0C      	CLRF gbl_15_gbl_aSig+D'3'
0690  6A0D      	CLRF gbl_15_gbl_bSig
0692  6A0E      	CLRF gbl_15_gbl_bSig+D'1'
0694  6A0F      	CLRF gbl_15_gbl_bSig+D'2'
0696  6A10      	CLRF gbl_15_gbl_bSig+D'3'
0698  6A11      	CLRF gbl_15_gbl_zSig
069A  6A12      	CLRF gbl_15_gbl_zSig+D'1'
069C  6A13      	CLRF gbl_15_gbl_zSig+D'2'
069E  6A14      	CLRF gbl_15_gbl_zSig+D'3'
06A0  6A26      	CLRF gbl_15_gbl_aExp
06A2  6A27      	CLRF gbl_15_gbl_bExp
06A4  6A1D      	CLRF gbl_15_gbl_zExp
06A6  6A1E      	CLRF gbl_15_gbl_zExp+D'1'
06A8  6A28      	CLRF gbl_15_gbl_aSign
06AA  6A29      	CLRF gbl_15_gbl_bSign
06AC  6A2A      	CLRF gbl_15_gbl_zSign
06AE  6A2B      	CLRF gbl_15_gbl_zSigZero
06B0  6A15      	CLRF gbl_15_gbl_ret
06B2  6A16      	CLRF gbl_15_gbl_ret+D'1'
06B4  6A17      	CLRF gbl_15_gbl_ret+D'2'
06B6  6A18      	CLRF gbl_15_gbl_ret+D'3'
06B8  6A24      	CLRF gbl_float_rounding_mode
06BA  6A25      	CLRF gbl_float_exception_flags
06BC  6A23      	CLRF gbl_float_detect_tininess
06BE  0E00      	MOVLW 0x00
06C0  6E2C      	MOVWF gbl_FCD_00fb8_ASCII6__INTL_00000
06C2  0E01      	MOVLW 0x01
06C4  6E2D      	MOVWF gbl_FCD_00fb7_ASCII7__INTL_00001
06C6  0E02      	MOVLW 0x02
06C8  6E2E      	MOVWF gbl_FCD_00fb6_ASCII5__INTL_00002
06CA  0E03      	MOVLW 0x03
06CC  6E2F      	MOVWF gbl_FCD_00fb5_ASCII4__INTL_00003
06CE  0E04      	MOVLW 0x04
06D0  6E30      	MOVWF gbl_FCD_00fb4_ASCII3__INTL_00004
06D2  0E05      	MOVLW 0x05
06D4  6E31      	MOVWF gbl_FCD_00fb3_ASCII2__INTL_00005
06D6  0E06      	MOVLW 0x06
06D8  6E32      	MOVWF gbl_FCD_00fb2_ASCII1__INTL_00006
06DA  0E07      	MOVLW 0x07
06DC  6E33      	MOVWF gbl_FCD_00fb1_ASCII0__INTL_00007
06DE  6A19      	CLRF gbl_FCV_0ba71_Base_GLCD__P_00009
06E0  6A1A      	CLRF gbl_FCV_0ba71_Base_GLCD__P_00009+D'1'
06E2  6A1B      	CLRF gbl_FCV_0ba71_Base_GLCD__P_00009+D'2'
06E4  6A1C      	CLRF gbl_FCV_0ba71_Base_GLCD__P_00009+D'3'
06E6  6A34      	CLRF gbl_FCV_0ba71_Base_GLCD__O_0000B
06E8  EF31F003  	GOTO	main
	ORG 0x000006EC
06EC            interrupt
06EC            ; { interrupt ; function begin
06EC  CFEAF001  	MOVFF FSR0H,  Int1Context
06F0  CFE9F002  	MOVFF FSR0L,  Int1Context+D'1'
06F4  CFF4F003  	MOVFF PRODH,  Int1Context+D'2'
06F8  CFF3F004  	MOVFF PRODL,  Int1Context+D'3'
06FC  C004FFF3  	MOVFF Int1Context+D'3',  PRODL
0700  C003FFF4  	MOVFF Int1Context+D'2',  PRODH
0704  C002FFE9  	MOVFF Int1Context+D'1',  FSR0L
0708  C001FFEA  	MOVFF Int1Context,  FSR0H
070C  0011      	RETFIE 1
070E            ; } interrupt function end

	ORG 0x00300000
300000  32FF      	DW 0x32FF
300002  FEFF      	DW 0xFEFF
300004  FBFF      	DW 0xFBFF
300006  FFBA      	DW 0xFFBA
300008  FFFF      	DW 0xFFFF
30000A  FFFF      	DW 0xFFFF
30000C  FFFF      	DW 0xFFFF
