;/////////////////////////////////////////////////////////////////////////////////
;// Code Generator: BoostC Compiler - http://www.sourceboost.com
;// Version       : 7.20
;// License Type  : Pro License
;// Limitations   : PIC18 max code size:Unlimited, max RAM banks:Unlimited
;/////////////////////////////////////////////////////////////////////////////////

	ORG 0x00000000
0000  EFD6F003  	GOTO	_startup
	ORG 0x00000008
0008  EF16F004  	GOTO	interrupt
	ORG 0x0000000C
000C            delay_ms_00000
000C            ; { delay_ms ; function begin
000C  5240      	MOVF delay_ms_00000_arg_del, F
000E  0000      	NOP
0010  E101      	BNZ	label1
0012  0012      	RETURN
0014            label1
0014  0EF5      	MOVLW 0xF5
0016            label2
0016  0000      	NOP
0018  0000      	NOP
001A  0000      	NOP
001C  0000      	NOP
001E  0000      	NOP
0020  0000      	NOP
0022  0000      	NOP
0024  0000      	NOP
0026  0000      	NOP
0028  0000      	NOP
002A  0000      	NOP
002C  0000      	NOP
002E  0000      	NOP
0030  0000      	NOP
0032  0000      	NOP
0034  0000      	NOP
0036  0FFF      	ADDLW 0xFF
0038  A4D8      	BTFSS STATUS,Z
003A  D7ED      	BRA	label2
003C  0000      	NOP
003E  0000      	NOP
0040  0000      	NOP
0042  0000      	NOP
0044  0000      	NOP
0046  0000      	NOP
0048  0000      	NOP
004A  0000      	NOP
004C  0000      	NOP
004E  0000      	NOP
0050  0000      	NOP
0052  0000      	NOP
0054  0000      	NOP
0056  2E40      	DECFSZ delay_ms_00000_arg_del, F
0058  D7DD      	BRA	label1
005A  0012      	RETURN
005C            ; } delay_ms function end

	ORG 0x0000005C
005C            delay_us_00000
005C            ; { delay_us ; function begin
005C            label3
005C  0000      	NOP
005E  0000      	NOP
0060  2E3F      	DECFSZ delay_us_00000_arg_del, F
0062  D7FC      	BRA	label3
0064  0012      	RETURN
0066            ; } delay_us function end

	ORG 0x00000066
0066            delay_s_00000
0066            ; { delay_s ; function begin
0066            label4
0066  0EFA      	MOVLW 0xFA
0068  6E40      	MOVWF delay_ms_00000_arg_del
006A  EC06F000  	CALL delay_ms_00000
006E  0EFA      	MOVLW 0xFA
0070  6E40      	MOVWF delay_ms_00000_arg_del
0072  EC06F000  	CALL delay_ms_00000
0076  0EFA      	MOVLW 0xFA
0078  6E40      	MOVWF delay_ms_00000_arg_del
007A  EC06F000  	CALL delay_ms_00000
007E  0EFA      	MOVLW 0xFA
0080  6E40      	MOVWF delay_ms_00000_arg_del
0082  EC06F000  	CALL delay_ms_00000
0086  2E3F      	DECFSZ delay_s_00000_arg_del, F
0088  D7EE      	BRA	label4
008A  0012      	RETURN
008C            ; } delay_s function end

	ORG 0x0000008C
008C            __mul_32_3_00016
008C            ; { __mul_32_32 ; function begin
008C  6A68      	CLRF CompTempVarRet414
008E  6A69      	CLRF CompTempVarRet414+D'1'
0090  6A6A      	CLRF CompTempVarRet414+D'2'
0092  6A6B      	CLRF CompTempVarRet414+D'3'
0094  6A6A      	CLRF CompTempVarRet414+D'2'
0096  6A6B      	CLRF CompTempVarRet414+D'3'
0098  505C      	MOVF __mul_32_3_00016_arg_a, W
009A  0260      	MULWF __mul_32_3_00016_arg_b
009C  50F3      	MOVF gbl_prodl, W
009E  6E68      	MOVWF CompTempVarRet414
00A0  50F4      	MOVF gbl_prodh, W
00A2  6E69      	MOVWF CompTempVarRet414+D'1'
00A4  505D      	MOVF __mul_32_3_00016_arg_a+D'1', W
00A6  0260      	MULWF __mul_32_3_00016_arg_b
00A8  50F3      	MOVF gbl_prodl, W
00AA  2669      	ADDWF CompTempVarRet414+D'1', F
00AC  50F4      	MOVF gbl_prodh, W
00AE  226A      	ADDWFC CompTempVarRet414+D'2', F
00B0  B0D8      	BTFSC gbl_status,0
00B2  2A6B      	INCF CompTempVarRet414+D'3', F
00B4  505E      	MOVF __mul_32_3_00016_arg_a+D'2', W
00B6  0260      	MULWF __mul_32_3_00016_arg_b
00B8  50F3      	MOVF gbl_prodl, W
00BA  266A      	ADDWF CompTempVarRet414+D'2', F
00BC  50F4      	MOVF gbl_prodh, W
00BE  226B      	ADDWFC CompTempVarRet414+D'3', F
00C0  505F      	MOVF __mul_32_3_00016_arg_a+D'3', W
00C2  0260      	MULWF __mul_32_3_00016_arg_b
00C4  50F3      	MOVF gbl_prodl, W
00C6  266B      	ADDWF CompTempVarRet414+D'3', F
00C8  505C      	MOVF __mul_32_3_00016_arg_a, W
00CA  0261      	MULWF __mul_32_3_00016_arg_b+D'1'
00CC  50F3      	MOVF gbl_prodl, W
00CE  2669      	ADDWF CompTempVarRet414+D'1', F
00D0  50F4      	MOVF gbl_prodh, W
00D2  226A      	ADDWFC CompTempVarRet414+D'2', F
00D4  B0D8      	BTFSC gbl_status,0
00D6  2A6B      	INCF CompTempVarRet414+D'3', F
00D8  505D      	MOVF __mul_32_3_00016_arg_a+D'1', W
00DA  0261      	MULWF __mul_32_3_00016_arg_b+D'1'
00DC  50F3      	MOVF gbl_prodl, W
00DE  266A      	ADDWF CompTempVarRet414+D'2', F
00E0  50F4      	MOVF gbl_prodh, W
00E2  226B      	ADDWFC CompTempVarRet414+D'3', F
00E4  505E      	MOVF __mul_32_3_00016_arg_a+D'2', W
00E6  0261      	MULWF __mul_32_3_00016_arg_b+D'1'
00E8  50F3      	MOVF gbl_prodl, W
00EA  266B      	ADDWF CompTempVarRet414+D'3', F
00EC  505C      	MOVF __mul_32_3_00016_arg_a, W
00EE  0262      	MULWF __mul_32_3_00016_arg_b+D'2'
00F0  50F3      	MOVF gbl_prodl, W
00F2  266A      	ADDWF CompTempVarRet414+D'2', F
00F4  50F4      	MOVF gbl_prodh, W
00F6  226B      	ADDWFC CompTempVarRet414+D'3', F
00F8  505D      	MOVF __mul_32_3_00016_arg_a+D'1', W
00FA  0262      	MULWF __mul_32_3_00016_arg_b+D'2'
00FC  50F3      	MOVF gbl_prodl, W
00FE  266B      	ADDWF CompTempVarRet414+D'3', F
0100  505C      	MOVF __mul_32_3_00016_arg_a, W
0102  0263      	MULWF __mul_32_3_00016_arg_b+D'3'
0104  50F3      	MOVF gbl_prodl, W
0106  266B      	ADDWF CompTempVarRet414+D'3', F
0108  0012      	RETURN
010A            ; } __mul_32_32 function end

	ORG 0x0000010A
010A            __div_32_3_00011
010A            ; { __div_32_32 ; function begin
010A  6A64      	CLRF __div_32_3_00011_1_r
010C  6A65      	CLRF __div_32_3_00011_1_r+D'1'
010E  6A66      	CLRF __div_32_3_00011_1_r+D'2'
0110  6A67      	CLRF __div_32_3_00011_1_r+D'3'
0112  6A6A      	CLRF CompTempVarRet172
0114  6A6B      	CLRF CompTempVarRet172+D'1'
0116  6A6C      	CLRF CompTempVarRet172+D'2'
0118  6A6D      	CLRF CompTempVarRet172+D'3'
011A  6A68      	CLRF __div_32_3_00011_1_i
011C            label5
011C  0E20      	MOVLW 0x20
011E  1468      	ANDWF __div_32_3_00011_1_i, W
0120  6E69      	MOVWF CompTempVar174
0122  6669      	TSTFSZ CompTempVar174
0124  0012      	RETURN
0126  90D8      	BCF STATUS,C
0128  366A      	RLCF CompTempVarRet172, F
012A  366B      	RLCF CompTempVarRet172+D'1', F
012C  366C      	RLCF CompTempVarRet172+D'2', F
012E  366D      	RLCF CompTempVarRet172+D'3', F
0130  365C      	RLCF __div_32_3_00011_arg_a, F
0132  365D      	RLCF __div_32_3_00011_arg_a+D'1', F
0134  365E      	RLCF __div_32_3_00011_arg_a+D'2', F
0136  365F      	RLCF __div_32_3_00011_arg_a+D'3', F
0138  3664      	RLCF __div_32_3_00011_1_r, F
013A  3665      	RLCF __div_32_3_00011_1_r+D'1', F
013C  3666      	RLCF __div_32_3_00011_1_r+D'2', F
013E  3667      	RLCF __div_32_3_00011_1_r+D'3', F
0140  5063      	MOVF __div_32_3_00011_arg_b+D'3', W
0142  5C67      	SUBWF __div_32_3_00011_1_r+D'3', W
0144  E108      	BNZ	label6
0146  5062      	MOVF __div_32_3_00011_arg_b+D'2', W
0148  5C66      	SUBWF __div_32_3_00011_1_r+D'2', W
014A  E105      	BNZ	label6
014C  5061      	MOVF __div_32_3_00011_arg_b+D'1', W
014E  5C65      	SUBWF __div_32_3_00011_1_r+D'1', W
0150  E102      	BNZ	label6
0152  5060      	MOVF __div_32_3_00011_arg_b, W
0154  5C64      	SUBWF __div_32_3_00011_1_r, W
0156            label6
0156  E309      	BNC	label7
0158  5060      	MOVF __div_32_3_00011_arg_b, W
015A  5E64      	SUBWF __div_32_3_00011_1_r, F
015C  5061      	MOVF __div_32_3_00011_arg_b+D'1', W
015E  5A65      	SUBWFB __div_32_3_00011_1_r+D'1', F
0160  5062      	MOVF __div_32_3_00011_arg_b+D'2', W
0162  5A66      	SUBWFB __div_32_3_00011_1_r+D'2', F
0164  5063      	MOVF __div_32_3_00011_arg_b+D'3', W
0166  5A67      	SUBWFB __div_32_3_00011_1_r+D'3', F
0168  806A      	BSF CompTempVarRet172,0
016A            label7
016A  2A68      	INCF __div_32_3_00011_1_i, F
016C  D7D7      	BRA	label5
016E            ; } __div_32_32 function end

	ORG 0x0000016E
016E            FC_CAL_UAR_0007A
016E            ; { FC_CAL_UART_Send_1 ; function begin
016E            label8
016E  0E10      	MOVLW 0x10
0170  149E      	ANDWF gbl_pir1, W
0172  6E57      	MOVWF CompTempVar2640
0174  5257      	MOVF CompTempVar2640, F
0176  E0FB      	BZ	label8
0178  5055      	MOVF FC_CAL_UAR_0007A_arg_nChar, W
017A  6EAD      	MOVWF gbl_txreg
017C  0012      	RETURN
017E            ; } FC_CAL_UART_Send_1 function end

	ORG 0x0000017E
017E            FC_CAL_UAR_00079
017E            ; { FC_CAL_UART_Receive_1 ; function begin
017E  6856      	SETF FC_CAL_UAR_00079_1_retVal
0180  6A57      	CLRF FC_CAL_UAR_00079_1_delay1
0182  6A58      	CLRF FC_CAL_UAR_00079_1_regcheck
0184  6A59      	CLRF FC_CAL_UAR_00079_1_bWaitForever
0186  6A5A      	CLRF FC_CAL_UAR_00079_1_rxStatus
0188  6A5D      	CLRF FC_CAL_UAR_00079_1_dummy
018A  2855      	INCF FC_CAL_UAR_00079_arg_nTimeout, W
018C  E102      	BNZ	label9
018E  0E01      	MOVLW 0x01
0190  6E59      	MOVWF FC_CAL_UAR_00079_1_bWaitForever
0192            label9
0192  525A      	MOVF FC_CAL_UAR_00079_1_rxStatus, F
0194  E124      	BNZ	label14
0196  5259      	MOVF FC_CAL_UAR_00079_1_bWaitForever, F
0198  E118      	BNZ	label13
019A  5255      	MOVF FC_CAL_UAR_00079_arg_nTimeout, F
019C  E103      	BNZ	label10
019E  0E01      	MOVLW 0x01
01A0  6E5A      	MOVWF FC_CAL_UAR_00079_1_rxStatus
01A2  D013      	BRA	label13
01A4            label10
01A4  6A5B      	CLRF FC_CAL_UAR_00079_1_delaycnt
01A6  6A5C      	CLRF FC_CAL_UAR_00079_1_delaycnt+D'1'
01A8            label11
01A8  0E31      	MOVLW 0x31
01AA  5C5B      	SUBWF FC_CAL_UAR_00079_1_delaycnt, W
01AC  E205      	BC	label12
01AE  665C      	TSTFSZ FC_CAL_UAR_00079_1_delaycnt+D'1'
01B0  D003      	BRA	label12
01B2  4A5B      	INFSNZ FC_CAL_UAR_00079_1_delaycnt, F
01B4  2A5C      	INCF FC_CAL_UAR_00079_1_delaycnt+D'1', F
01B6  D7F8      	BRA	label11
01B8            label12
01B8  2857      	INCF FC_CAL_UAR_00079_1_delay1, W
01BA  6E57      	MOVWF FC_CAL_UAR_00079_1_delay1
01BC  0E64      	MOVLW 0x64
01BE  6257      	CPFSEQ FC_CAL_UAR_00079_1_delay1
01C0  D004      	BRA	label13
01C2  0455      	DECF FC_CAL_UAR_00079_arg_nTimeout, W
01C4  6E55      	MOVWF FC_CAL_UAR_00079_arg_nTimeout
01C6  0004      	CLRWDT
01C8  6A57      	CLRF FC_CAL_UAR_00079_1_delay1
01CA            label13
01CA  0E20      	MOVLW 0x20
01CC  149E      	ANDWF gbl_pir1, W
01CE  6E5E      	MOVWF CompTempVar2637
01D0  505E      	MOVF CompTempVar2637, W
01D2  6E58      	MOVWF FC_CAL_UAR_00079_1_regcheck
01D4  5258      	MOVF FC_CAL_UAR_00079_1_regcheck, F
01D6  E0DD      	BZ	label9
01D8  0E02      	MOVLW 0x02
01DA  6E5A      	MOVWF FC_CAL_UAR_00079_1_rxStatus
01DC  D7DA      	BRA	label9
01DE            label14
01DE  0E02      	MOVLW 0x02
01E0  625A      	CPFSEQ FC_CAL_UAR_00079_1_rxStatus
01E2  D018      	BRA	label17
01E4  0E04      	MOVLW 0x04
01E6  14AB      	ANDWF gbl_rcsta, W
01E8  6E5E      	MOVWF CompTempVar2638
01EA  505E      	MOVF CompTempVar2638, W
01EC  6E58      	MOVWF FC_CAL_UAR_00079_1_regcheck
01EE  5258      	MOVF FC_CAL_UAR_00079_1_regcheck, F
01F0  E003      	BZ	label15
01F2  50AE      	MOVF gbl_rcreg, W
01F4  6E5D      	MOVWF FC_CAL_UAR_00079_1_dummy
01F6  D00E      	BRA	label17
01F8            label15
01F8  0E02      	MOVLW 0x02
01FA  14AB      	ANDWF gbl_rcsta, W
01FC  6E5E      	MOVWF CompTempVar2639
01FE  505E      	MOVF CompTempVar2639, W
0200  6E58      	MOVWF FC_CAL_UAR_00079_1_regcheck
0202  5258      	MOVF FC_CAL_UAR_00079_1_regcheck, F
0204  E003      	BZ	label16
0206  98AB      	BCF gbl_rcsta,4
0208  88AB      	BSF gbl_rcsta,4
020A  D004      	BRA	label17
020C            label16
020C  6A56      	CLRF FC_CAL_UAR_00079_1_retVal
020E  50AE      	MOVF gbl_rcreg, W
0210  1056      	IORWF FC_CAL_UAR_00079_1_retVal, W
0212  6E56      	MOVWF FC_CAL_UAR_00079_1_retVal
0214            label17
0214  5056      	MOVF FC_CAL_UAR_00079_1_retVal, W
0216  6E5E      	MOVWF CompTempVarRet2636
0218  6A5F      	CLRF CompTempVarRet2636+D'1'
021A  0012      	RETURN
021C            ; } FC_CAL_UART_Receive_1 function end

	ORG 0x0000021C
021C            FC_CAL_UAR_00078
021C            ; { FC_CAL_UART_Uninit_1 ; function begin
021C  6AAB      	CLRF gbl_rcsta
021E  6AAC      	CLRF gbl_txsta
0220  0012      	RETURN
0222            ; } FC_CAL_UART_Uninit_1 function end

	ORG 0x00000222
0222            FCI_GETLEN_0004B
0222            ; { FCI_GETLENGTH ; function begin
0222  6A58      	CLRF FCI_GETLEN_0004B_1_tmp
0224            label18
0224  5057      	MOVF FCI_GETLEN_0004B_arg_iStr1_len, W
0226  6058      	CPFSLT FCI_GETLEN_0004B_1_tmp
0228  D009      	BRA	label19
022A  5056      	MOVF FCI_GETLEN_0004B_arg_sStr1+D'1', W
022C  6EEA      	MOVWF FSR0H
022E  5055      	MOVF FCI_GETLEN_0004B_arg_sStr1, W
0230  2458      	ADDWF FCI_GETLEN_0004B_1_tmp, W
0232  6EE9      	MOVWF FSR0L
0234  52EF      	MOVF INDF0, F
0236  E002      	BZ	label19
0238  2A58      	INCF FCI_GETLEN_0004B_1_tmp, F
023A  D7F4      	BRA	label18
023C            label19
023C  5058      	MOVF FCI_GETLEN_0004B_1_tmp, W
023E  6E59      	MOVWF CompTempVarRet1850
0240  0012      	RETURN
0242            ; } FCI_GETLENGTH function end

	ORG 0x00000242
0242            FC_CAL_UAR_0007B
0242            ; { FC_CAL_UART_Init_1 ; function begin
0242  84AC      	BSF gbl_txsta,2
0244  0E7F      	MOVLW 0x7F
0246  6EAF      	MOVWF gbl_spbrg
0248  6AAB      	CLRF gbl_rcsta
024A  8EAB      	BSF gbl_rcsta,7
024C  8AAC      	BSF gbl_txsta,5
024E  88AB      	BSF gbl_rcsta,4
0250  9A9D      	BCF gbl_pie1,5
0252  0012      	RETURN
0254            ; } FC_CAL_UART_Init_1 function end

	ORG 0x00000254
0254            FC_CAL_UAR_00077
0254            ; { FC_CAL_UART_UpdateBaud_1 ; function begin
0254  0E07      	MOVLW 0x07
0256  643F      	CPFSGT FC_CAL_UAR_00077_arg_new_baud
0258  D001      	BRA	label20
025A  0012      	RETURN
025C            label20
025C  523F      	MOVF FC_CAL_UAR_00077_arg_new_baud, F
025E  E104      	BNZ	label21
0260  6840      	SETF FC_CAL_UAR_00077_1_baudrate
0262  0E01      	MOVLW 0x01
0264  6E41      	MOVWF FC_CAL_UAR_00077_1_baudmode
0266  D02F      	BRA	label28
0268            label21
0268  043F      	DECF FC_CAL_UAR_00077_arg_new_baud, W
026A  E105      	BNZ	label22
026C  0E7F      	MOVLW 0x7F
026E  6E40      	MOVWF FC_CAL_UAR_00077_1_baudrate
0270  0E01      	MOVLW 0x01
0272  6E41      	MOVWF FC_CAL_UAR_00077_1_baudmode
0274  D028      	BRA	label28
0276            label22
0276  0E02      	MOVLW 0x02
0278  623F      	CPFSEQ FC_CAL_UAR_00077_arg_new_baud
027A  D003      	BRA	label23
027C  6840      	SETF FC_CAL_UAR_00077_1_baudrate
027E  6A41      	CLRF FC_CAL_UAR_00077_1_baudmode
0280  D022      	BRA	label28
0282            label23
0282  0E03      	MOVLW 0x03
0284  623F      	CPFSEQ FC_CAL_UAR_00077_arg_new_baud
0286  D004      	BRA	label24
0288  0E7F      	MOVLW 0x7F
028A  6E40      	MOVWF FC_CAL_UAR_00077_1_baudrate
028C  6A41      	CLRF FC_CAL_UAR_00077_1_baudmode
028E  D01B      	BRA	label28
0290            label24
0290  0E04      	MOVLW 0x04
0292  623F      	CPFSEQ FC_CAL_UAR_00077_arg_new_baud
0294  D004      	BRA	label25
0296  0E3F      	MOVLW 0x3F
0298  6E40      	MOVWF FC_CAL_UAR_00077_1_baudrate
029A  6A41      	CLRF FC_CAL_UAR_00077_1_baudmode
029C  D014      	BRA	label28
029E            label25
029E  0E05      	MOVLW 0x05
02A0  623F      	CPFSEQ FC_CAL_UAR_00077_arg_new_baud
02A2  D004      	BRA	label26
02A4  0E1F      	MOVLW 0x1F
02A6  6E40      	MOVWF FC_CAL_UAR_00077_1_baudrate
02A8  6A41      	CLRF FC_CAL_UAR_00077_1_baudmode
02AA  D00D      	BRA	label28
02AC            label26
02AC  0E06      	MOVLW 0x06
02AE  623F      	CPFSEQ FC_CAL_UAR_00077_arg_new_baud
02B0  D004      	BRA	label27
02B2  0E14      	MOVLW 0x14
02B4  6E40      	MOVWF FC_CAL_UAR_00077_1_baudrate
02B6  6A41      	CLRF FC_CAL_UAR_00077_1_baudmode
02B8  D006      	BRA	label28
02BA            label27
02BA  0E07      	MOVLW 0x07
02BC  623F      	CPFSEQ FC_CAL_UAR_00077_arg_new_baud
02BE  D003      	BRA	label28
02C0  0E0A      	MOVLW 0x0A
02C2  6E40      	MOVWF FC_CAL_UAR_00077_1_baudrate
02C4  6A41      	CLRF FC_CAL_UAR_00077_1_baudmode
02C6            label28
02C6  EC0EF001  	CALL FC_CAL_UAR_00078
02CA  0441      	DECF FC_CAL_UAR_00077_1_baudmode, W
02CC  E102      	BNZ	label29
02CE  94AC      	BCF gbl_txsta,2
02D0  D001      	BRA	label30
02D2            label29
02D2  84AC      	BSF gbl_txsta,2
02D4            label30
02D4  5040      	MOVF FC_CAL_UAR_00077_1_baudrate, W
02D6  6EAF      	MOVWF gbl_spbrg
02D8  6AAB      	CLRF gbl_rcsta
02DA  8EAB      	BSF gbl_rcsta,7
02DC  8AAC      	BSF gbl_txsta,5
02DE  88AB      	BSF gbl_rcsta,4
02E0  9A9D      	BCF gbl_pie1,5
02E2  0012      	RETURN
02E4            ; } FC_CAL_UART_UpdateBaud_1 function end

	ORG 0x000002E4
02E4            FC_CAL_Por_00042
02E4            ; { FC_CAL_Port_In_DDR__x ; function begin
02E4  5042      	MOVF FC_CAL_Por_00042_arg_Tris+D'1', W
02E6  6EEA      	MOVWF FSR0H
02E8  5041      	MOVF FC_CAL_Por_00042_arg_Tris, W
02EA  6EE9      	MOVWF FSR0L
02EC  5043      	MOVF FC_CAL_Por_00042_arg_InMask, W
02EE  10EF      	IORWF INDF0, W
02F0  6E45      	MOVWF CompTempVar1825
02F2  5045      	MOVF CompTempVar1825, W
02F4  6EEF      	MOVWF INDF0
02F6  5040      	MOVF FC_CAL_Por_00042_arg_Port+D'1', W
02F8  6EEA      	MOVWF FSR0H
02FA  503F      	MOVF FC_CAL_Por_00042_arg_Port, W
02FC  6EE9      	MOVWF FSR0L
02FE  5043      	MOVF FC_CAL_Por_00042_arg_InMask, W
0300  14EF      	ANDWF INDF0, W
0302  6E45      	MOVWF CompTempVarRet1822
0304  5044      	MOVF FC_CAL_Por_00042_arg_Shift, W
0306  6E46      	MOVWF CompTempVar1827
0308            label31
0308  B4D8      	BTFSC STATUS,Z
030A  0012      	RETURN
030C  90D8      	BCF STATUS,C
030E  3245      	RRCF CompTempVarRet1822, F
0310  0646      	DECF CompTempVar1827, F
0312  D7FA      	BRA	label31
0314            ; } FC_CAL_Port_In_DDR__x function end

	ORG 0x00000314
0314            FCI_TOSTRI_0004F
0314            ; { FCI_TOSTRING ; function begin
0314  5049      	MOVF FCI_TOSTRI_0004F_arg_iSrc1, W
0316  6E51      	MOVWF FCI_TOSTRI_0004F_1_iSrc
0318  504A      	MOVF FCI_TOSTRI_0004F_arg_iSrc1+D'1', W
031A  6E52      	MOVWF FCI_TOSTRI_0004F_1_iSrc+D'1'
031C  504B      	MOVF FCI_TOSTRI_0004F_arg_iSrc1+D'2', W
031E  6E53      	MOVWF FCI_TOSTRI_0004F_1_iSrc+D'2'
0320  504C      	MOVF FCI_TOSTRI_0004F_arg_iSrc1+D'3', W
0322  6E54      	MOVWF FCI_TOSTRI_0004F_1_iSrc+D'3'
0324  6A55      	CLRF FCI_TOSTRI_0004F_1_top
0326  0ECA      	MOVLW 0xCA
0328  6E56      	MOVWF FCI_TOSTRI_0004F_1_top+D'1'
032A  0E9A      	MOVLW 0x9A
032C  6E57      	MOVWF FCI_TOSTRI_0004F_1_top+D'2'
032E  0E3B      	MOVLW 0x3B
0330  6E58      	MOVWF FCI_TOSTRI_0004F_1_top+D'3'
0332  6A59      	CLRF FCI_TOSTRI_0004F_1_idx
0334  524F      	MOVF FCI_TOSTRI_0004F_arg_iDst_len, F
0336  E105      	BNZ	label32
0338  504D      	MOVF FCI_TOSTRI_0004F_arg_sDst, W
033A  6E5A      	MOVWF CompTempVarRet1863
033C  504E      	MOVF FCI_TOSTRI_0004F_arg_sDst+D'1', W
033E  6E5B      	MOVWF CompTempVarRet1863+D'1'
0340  0012      	RETURN
0342            label32
0342  AE54      	BTFSS FCI_TOSTRI_0004F_1_iSrc+D'3',7
0344  D014      	BRA	label33
0346  504E      	MOVF FCI_TOSTRI_0004F_arg_sDst+D'1', W
0348  6EEA      	MOVWF FSR0H
034A  504D      	MOVF FCI_TOSTRI_0004F_arg_sDst, W
034C  6EE9      	MOVWF FSR0L
034E  6A5C      	CLRF CompTempVar1865
0350  505C      	MOVF CompTempVar1865, W
0352  26E9      	ADDWF FSR0L, F
0354  0E2D      	MOVLW 0x2D
0356  6EEF      	MOVWF INDF0
0358  2A59      	INCF FCI_TOSTRI_0004F_1_idx, F
035A  1E51      	COMF FCI_TOSTRI_0004F_1_iSrc, F
035C  1E52      	COMF FCI_TOSTRI_0004F_1_iSrc+D'1', F
035E  1E53      	COMF FCI_TOSTRI_0004F_1_iSrc+D'2', F
0360  1E54      	COMF FCI_TOSTRI_0004F_1_iSrc+D'3', F
0362  3E51      	INCFSZ FCI_TOSTRI_0004F_1_iSrc, F
0364  D004      	BRA	label33
0366  3E52      	INCFSZ FCI_TOSTRI_0004F_1_iSrc+D'1', F
0368  D002      	BRA	label33
036A  4A53      	INFSNZ FCI_TOSTRI_0004F_1_iSrc+D'2', F
036C  2A54      	INCF FCI_TOSTRI_0004F_1_iSrc+D'3', F
036E            label33
036E  6A50      	CLRF FCI_TOSTRI_0004F_1_tmp1
0370  5051      	MOVF FCI_TOSTRI_0004F_1_iSrc, W
0372  1052      	IORWF FCI_TOSTRI_0004F_1_iSrc+D'1', W
0374  1053      	IORWF FCI_TOSTRI_0004F_1_iSrc+D'2', W
0376  1054      	IORWF FCI_TOSTRI_0004F_1_iSrc+D'3', W
0378  0BFF      	ANDLW 0xFF
037A  E106      	BNZ	label34
037C  0E01      	MOVLW 0x01
037E  6E50      	MOVWF FCI_TOSTRI_0004F_1_tmp1
0380  6E55      	MOVWF FCI_TOSTRI_0004F_1_top
0382  6A56      	CLRF FCI_TOSTRI_0004F_1_top+D'1'
0384  6A57      	CLRF FCI_TOSTRI_0004F_1_top+D'2'
0386  6A58      	CLRF FCI_TOSTRI_0004F_1_top+D'3'
0388            label34
0388  504F      	MOVF FCI_TOSTRI_0004F_arg_iDst_len, W
038A  6059      	CPFSLT FCI_TOSTRI_0004F_1_idx
038C  D072      	BRA	label39
038E  5058      	MOVF FCI_TOSTRI_0004F_1_top+D'3', W
0390  0800      	SUBLW 0x00
0392  E108      	BNZ	label35
0394  5057      	MOVF FCI_TOSTRI_0004F_1_top+D'2', W
0396  0800      	SUBLW 0x00
0398  E105      	BNZ	label35
039A  5056      	MOVF FCI_TOSTRI_0004F_1_top+D'1', W
039C  0800      	SUBLW 0x00
039E  E102      	BNZ	label35
03A0  5055      	MOVF FCI_TOSTRI_0004F_1_top, W
03A2  0800      	SUBLW 0x00
03A4            label35
03A4  E266      	BC	label39
03A6  5058      	MOVF FCI_TOSTRI_0004F_1_top+D'3', W
03A8  5C54      	SUBWF FCI_TOSTRI_0004F_1_iSrc+D'3', W
03AA  E108      	BNZ	label36
03AC  5057      	MOVF FCI_TOSTRI_0004F_1_top+D'2', W
03AE  5C53      	SUBWF FCI_TOSTRI_0004F_1_iSrc+D'2', W
03B0  E105      	BNZ	label36
03B2  5056      	MOVF FCI_TOSTRI_0004F_1_top+D'1', W
03B4  5C52      	SUBWF FCI_TOSTRI_0004F_1_iSrc+D'1', W
03B6  E102      	BNZ	label36
03B8  5055      	MOVF FCI_TOSTRI_0004F_1_top, W
03BA  5C51      	SUBWF FCI_TOSTRI_0004F_1_iSrc, W
03BC            label36
03BC  E202      	BC	label37
03BE  5250      	MOVF FCI_TOSTRI_0004F_1_tmp1, F
03C0  E040      	BZ	label38
03C2            label37
03C2  5051      	MOVF FCI_TOSTRI_0004F_1_iSrc, W
03C4  6E5C      	MOVWF __div_32_3_00011_arg_a
03C6  5052      	MOVF FCI_TOSTRI_0004F_1_iSrc+D'1', W
03C8  6E5D      	MOVWF __div_32_3_00011_arg_a+D'1'
03CA  5053      	MOVF FCI_TOSTRI_0004F_1_iSrc+D'2', W
03CC  6E5E      	MOVWF __div_32_3_00011_arg_a+D'2'
03CE  5054      	MOVF FCI_TOSTRI_0004F_1_iSrc+D'3', W
03D0  6E5F      	MOVWF __div_32_3_00011_arg_a+D'3'
03D2  5055      	MOVF FCI_TOSTRI_0004F_1_top, W
03D4  6E60      	MOVWF __div_32_3_00011_arg_b
03D6  5056      	MOVF FCI_TOSTRI_0004F_1_top+D'1', W
03D8  6E61      	MOVWF __div_32_3_00011_arg_b+D'1'
03DA  5057      	MOVF FCI_TOSTRI_0004F_1_top+D'2', W
03DC  6E62      	MOVWF __div_32_3_00011_arg_b+D'2'
03DE  5058      	MOVF FCI_TOSTRI_0004F_1_top+D'3', W
03E0  6E63      	MOVWF __div_32_3_00011_arg_b+D'3'
03E2  EC85F000  	CALL __div_32_3_00011
03E6  506A      	MOVF CompTempVarRet172, W
03E8  6E50      	MOVWF FCI_TOSTRI_0004F_1_tmp1
03EA  5050      	MOVF FCI_TOSTRI_0004F_1_tmp1, W
03EC  0F30      	ADDLW 0x30
03EE  6E5C      	MOVWF CompTempVar1871
03F0  504E      	MOVF FCI_TOSTRI_0004F_arg_sDst+D'1', W
03F2  6EEA      	MOVWF FSR0H
03F4  504D      	MOVF FCI_TOSTRI_0004F_arg_sDst, W
03F6  2459      	ADDWF FCI_TOSTRI_0004F_1_idx, W
03F8  6EE9      	MOVWF FSR0L
03FA  505C      	MOVF CompTempVar1871, W
03FC  6EEF      	MOVWF INDF0
03FE  2A59      	INCF FCI_TOSTRI_0004F_1_idx, F
0400  5050      	MOVF FCI_TOSTRI_0004F_1_tmp1, W
0402  6E5C      	MOVWF __mul_32_3_00016_arg_a
0404  6A5D      	CLRF __mul_32_3_00016_arg_a+D'1'
0406  6A5E      	CLRF __mul_32_3_00016_arg_a+D'2'
0408  6A5F      	CLRF __mul_32_3_00016_arg_a+D'3'
040A  5055      	MOVF FCI_TOSTRI_0004F_1_top, W
040C  6E60      	MOVWF __mul_32_3_00016_arg_b
040E  5056      	MOVF FCI_TOSTRI_0004F_1_top+D'1', W
0410  6E61      	MOVWF __mul_32_3_00016_arg_b+D'1'
0412  5057      	MOVF FCI_TOSTRI_0004F_1_top+D'2', W
0414  6E62      	MOVWF __mul_32_3_00016_arg_b+D'2'
0416  5058      	MOVF FCI_TOSTRI_0004F_1_top+D'3', W
0418  6E63      	MOVWF __mul_32_3_00016_arg_b+D'3'
041A  EC46F000  	CALL __mul_32_3_00016
041E  5068      	MOVF CompTempVarRet414, W
0420  6E64      	MOVWF CompTempVar1872
0422  5069      	MOVF CompTempVarRet414+D'1', W
0424  6E65      	MOVWF CompTempVar1873
0426  506A      	MOVF CompTempVarRet414+D'2', W
0428  6E66      	MOVWF CompTempVar1874
042A  506B      	MOVF CompTempVarRet414+D'3', W
042C  6E67      	MOVWF CompTempVar1875
042E  5064      	MOVF CompTempVar1872, W
0430  5E51      	SUBWF FCI_TOSTRI_0004F_1_iSrc, F
0432  5065      	MOVF CompTempVar1873, W
0434  5A52      	SUBWFB FCI_TOSTRI_0004F_1_iSrc+D'1', F
0436  5066      	MOVF CompTempVar1874, W
0438  5A53      	SUBWFB FCI_TOSTRI_0004F_1_iSrc+D'2', F
043A  5067      	MOVF CompTempVar1875, W
043C  5A54      	SUBWFB FCI_TOSTRI_0004F_1_iSrc+D'3', F
043E  0E01      	MOVLW 0x01
0440  6E50      	MOVWF FCI_TOSTRI_0004F_1_tmp1
0442            label38
0442  5055      	MOVF FCI_TOSTRI_0004F_1_top, W
0444  6E5C      	MOVWF __div_32_3_00011_arg_a
0446  5056      	MOVF FCI_TOSTRI_0004F_1_top+D'1', W
0448  6E5D      	MOVWF __div_32_3_00011_arg_a+D'1'
044A  5057      	MOVF FCI_TOSTRI_0004F_1_top+D'2', W
044C  6E5E      	MOVWF __div_32_3_00011_arg_a+D'2'
044E  5058      	MOVF FCI_TOSTRI_0004F_1_top+D'3', W
0450  6E5F      	MOVWF __div_32_3_00011_arg_a+D'3'
0452  0E0A      	MOVLW 0x0A
0454  6E60      	MOVWF __div_32_3_00011_arg_b
0456  6A61      	CLRF __div_32_3_00011_arg_b+D'1'
0458  6A62      	CLRF __div_32_3_00011_arg_b+D'2'
045A  6A63      	CLRF __div_32_3_00011_arg_b+D'3'
045C  EC85F000  	CALL __div_32_3_00011
0460  506A      	MOVF CompTempVarRet172, W
0462  6E55      	MOVWF FCI_TOSTRI_0004F_1_top
0464  506B      	MOVF CompTempVarRet172+D'1', W
0466  6E56      	MOVWF FCI_TOSTRI_0004F_1_top+D'1'
0468  506C      	MOVF CompTempVarRet172+D'2', W
046A  6E57      	MOVWF FCI_TOSTRI_0004F_1_top+D'2'
046C  506D      	MOVF CompTempVarRet172+D'3', W
046E  6E58      	MOVWF FCI_TOSTRI_0004F_1_top+D'3'
0470  D78B      	BRA	label34
0472            label39
0472  504F      	MOVF FCI_TOSTRI_0004F_arg_iDst_len, W
0474  6059      	CPFSLT FCI_TOSTRI_0004F_1_idx
0476  D007      	BRA	label40
0478  504E      	MOVF FCI_TOSTRI_0004F_arg_sDst+D'1', W
047A  6EEA      	MOVWF FSR0H
047C  504D      	MOVF FCI_TOSTRI_0004F_arg_sDst, W
047E  2459      	ADDWF FCI_TOSTRI_0004F_1_idx, W
0480  6EE9      	MOVWF FSR0L
0482  0E00      	MOVLW 0x00
0484  6EEF      	MOVWF INDF0
0486            label40
0486  504D      	MOVF FCI_TOSTRI_0004F_arg_sDst, W
0488  6E5A      	MOVWF CompTempVarRet1863
048A  504E      	MOVF FCI_TOSTRI_0004F_arg_sDst+D'1', W
048C  6E5B      	MOVWF CompTempVarRet1863+D'1'
048E  0012      	RETURN
0490            ; } FCI_TOSTRING function end

	ORG 0x00000490
0490            FCD_0f051__000AC
0490            ; { FCD_0f051_gLCD_EB076_4D1__ClearDisplay ; function begin
0490  6A3F      	CLRF FCD_0f051__000AC_1_FCL_Y
0492  6A40      	CLRF FCD_0f051__000AC_1_FCL_Y+D'1'
0494  6A41      	CLRF FCD_0f051__000AC_1_FCL_X
0496  6A42      	CLRF FCD_0f051__000AC_1_FCL_X+D'1'
0498  0E42      	MOVLW 0x42
049A  6E55      	MOVWF FC_CAL_UAR_0007A_arg_nChar
049C  6A56      	CLRF FC_CAL_UAR_0007A_arg_nChar+D'1'
049E  ECB7F000  	CALL FC_CAL_UAR_0007A
04A2  5026      	MOVF gbl_FCV_0f051_gLCD_EB076_4_0000C+D'1', W
04A4  6E55      	MOVWF FC_CAL_UAR_0007A_arg_nChar
04A6  6A56      	CLRF FC_CAL_UAR_0007A_arg_nChar+D'1'
04A8  ECB7F000  	CALL FC_CAL_UAR_0007A
04AC  5025      	MOVF gbl_FCV_0f051_gLCD_EB076_4_0000C, W
04AE  6E55      	MOVWF FC_CAL_UAR_0007A_arg_nChar
04B0  5026      	MOVF gbl_FCV_0f051_gLCD_EB076_4_0000C+D'1', W
04B2  6E56      	MOVWF FC_CAL_UAR_0007A_arg_nChar+D'1'
04B4  ECB7F000  	CALL FC_CAL_UAR_0007A
04B8  6855      	SETF FC_CAL_UAR_00079_arg_nTimeout
04BA  ECBFF000  	CALL FC_CAL_UAR_00079
04BE  0E45      	MOVLW 0x45
04C0  6E55      	MOVWF FC_CAL_UAR_0007A_arg_nChar
04C2  6A56      	CLRF FC_CAL_UAR_0007A_arg_nChar+D'1'
04C4  ECB7F000  	CALL FC_CAL_UAR_0007A
04C8  6855      	SETF FC_CAL_UAR_00079_arg_nTimeout
04CA  ECBFF000  	CALL FC_CAL_UAR_00079
04CE  0012      	RETURN
04D0            ; } FCD_0f051_gLCD_EB076_4D1__ClearDisplay function end

	ORG 0x000004D0
04D0            FCD_0f051__00098
04D0            ; { FCD_0f051_gLCD_EB076_4D1__Print ; function begin
04D0  6A54      	CLRF FCD_0f051__00098_1_FCL_IDX
04D2  0E4F      	MOVLW 0x4F
04D4  6E55      	MOVWF FC_CAL_UAR_0007A_arg_nChar
04D6  6A56      	CLRF FC_CAL_UAR_0007A_arg_nChar+D'1'
04D8  ECB7F000  	CALL FC_CAL_UAR_0007A
04DC  5252      	MOVF FCD_0f051__00098_arg_FCL_T_00099, F
04DE  E005      	BZ	label41
04E0  6A55      	CLRF FC_CAL_UAR_0007A_arg_nChar
04E2  6A56      	CLRF FC_CAL_UAR_0007A_arg_nChar+D'1'
04E4  ECB7F000  	CALL FC_CAL_UAR_0007A
04E8  D005      	BRA	label42
04EA            label41
04EA  0E01      	MOVLW 0x01
04EC  6E55      	MOVWF FC_CAL_UAR_0007A_arg_nChar
04EE  6A56      	CLRF FC_CAL_UAR_0007A_arg_nChar+D'1'
04F0  ECB7F000  	CALL FC_CAL_UAR_0007A
04F4            label42
04F4  6855      	SETF FC_CAL_UAR_00079_arg_nTimeout
04F6  ECBFF000  	CALL FC_CAL_UAR_00079
04FA  0E53      	MOVLW 0x53
04FC  6E55      	MOVWF FC_CAL_UAR_0007A_arg_nChar
04FE  6A56      	CLRF FC_CAL_UAR_0007A_arg_nChar+D'1'
0500  ECB7F000  	CALL FC_CAL_UAR_0007A
0504  504E      	MOVF FCD_0f051__00098_arg_FCL_X1+D'1', W
0506  6E55      	MOVWF FC_CAL_UAR_0007A_arg_nChar
0508  6A56      	CLRF FC_CAL_UAR_0007A_arg_nChar+D'1'
050A  ECB7F000  	CALL FC_CAL_UAR_0007A
050E  504D      	MOVF FCD_0f051__00098_arg_FCL_X1, W
0510  6E55      	MOVWF FC_CAL_UAR_0007A_arg_nChar
0512  504E      	MOVF FCD_0f051__00098_arg_FCL_X1+D'1', W
0514  6E56      	MOVWF FC_CAL_UAR_0007A_arg_nChar+D'1'
0516  ECB7F000  	CALL FC_CAL_UAR_0007A
051A  5050      	MOVF FCD_0f051__00098_arg_FCL_Y1+D'1', W
051C  6E55      	MOVWF FC_CAL_UAR_0007A_arg_nChar
051E  6A56      	CLRF FC_CAL_UAR_0007A_arg_nChar+D'1'
0520  ECB7F000  	CALL FC_CAL_UAR_0007A
0524  504F      	MOVF FCD_0f051__00098_arg_FCL_Y1, W
0526  6E55      	MOVWF FC_CAL_UAR_0007A_arg_nChar
0528  5050      	MOVF FCD_0f051__00098_arg_FCL_Y1+D'1', W
052A  6E56      	MOVWF FC_CAL_UAR_0007A_arg_nChar+D'1'
052C  ECB7F000  	CALL FC_CAL_UAR_0007A
0530  5051      	MOVF FCD_0f051__00098_arg_FCL_FONT, W
0532  6E55      	MOVWF FC_CAL_UAR_0007A_arg_nChar
0534  6A56      	CLRF FC_CAL_UAR_0007A_arg_nChar+D'1'
0536  ECB7F000  	CALL FC_CAL_UAR_0007A
053A  5028      	MOVF gbl_FCV_0f051_gLCD_EB076_4_0000D+D'1', W
053C  6E55      	MOVWF FC_CAL_UAR_0007A_arg_nChar
053E  6A56      	CLRF FC_CAL_UAR_0007A_arg_nChar+D'1'
0540  ECB7F000  	CALL FC_CAL_UAR_0007A
0544  5027      	MOVF gbl_FCV_0f051_gLCD_EB076_4_0000D, W
0546  6E55      	MOVWF FC_CAL_UAR_0007A_arg_nChar
0548  5028      	MOVF gbl_FCV_0f051_gLCD_EB076_4_0000D+D'1', W
054A  6E56      	MOVWF FC_CAL_UAR_0007A_arg_nChar+D'1'
054C  ECB7F000  	CALL FC_CAL_UAR_0007A
0550  0E01      	MOVLW 0x01
0552  6E55      	MOVWF FC_CAL_UAR_0007A_arg_nChar
0554  6A56      	CLRF FC_CAL_UAR_0007A_arg_nChar+D'1'
0556  ECB7F000  	CALL FC_CAL_UAR_0007A
055A  0E01      	MOVLW 0x01
055C  6E55      	MOVWF FC_CAL_UAR_0007A_arg_nChar
055E  6A56      	CLRF FC_CAL_UAR_0007A_arg_nChar+D'1'
0560  ECB7F000  	CALL FC_CAL_UAR_0007A
0564  5049      	MOVF FCD_0f051__00098_arg_FCL_STR, W
0566  6E55      	MOVWF FCI_GETLEN_0004B_arg_sStr1
0568  504A      	MOVF FCD_0f051__00098_arg_FCL_STR+D'1', W
056A  6E56      	MOVWF FCI_GETLEN_0004B_arg_sStr1+D'1'
056C  504B      	MOVF FCD_0f051__00098_arg_FCLsz_STR, W
056E  6E57      	MOVWF FCI_GETLEN_0004B_arg_iStr1_len
0570  EC11F001  	CALL FCI_GETLEN_0004B
0574  5059      	MOVF CompTempVarRet1850, W
0576  6E53      	MOVWF FCD_0f051__00098_1_FCL_LEN_STR
0578            label43
0578  5053      	MOVF FCD_0f051__00098_1_FCL_LEN_STR, W
057A  6054      	CPFSLT FCD_0f051__00098_1_FCL_IDX
057C  D014      	BRA	label44
057E  504A      	MOVF FCD_0f051__00098_arg_FCL_STR+D'1', W
0580  6EEA      	MOVWF FSR0H
0582  5049      	MOVF FCD_0f051__00098_arg_FCL_STR, W
0584  2454      	ADDWF FCD_0f051__00098_1_FCL_IDX, W
0586  6EE9      	MOVWF FSR0L
0588  52EF      	MOVF INDF0, F
058A  E00D      	BZ	label44
058C  504A      	MOVF FCD_0f051__00098_arg_FCL_STR+D'1', W
058E  6EEA      	MOVWF FSR0H
0590  5049      	MOVF FCD_0f051__00098_arg_FCL_STR, W
0592  2454      	ADDWF FCD_0f051__00098_1_FCL_IDX, W
0594  6EE9      	MOVWF FSR0L
0596  50EF      	MOVF INDF0, W
0598  6E55      	MOVWF FC_CAL_UAR_0007A_arg_nChar
059A  6A56      	CLRF FC_CAL_UAR_0007A_arg_nChar+D'1'
059C  ECB7F000  	CALL FC_CAL_UAR_0007A
05A0  2854      	INCF FCD_0f051__00098_1_FCL_IDX, W
05A2  6E54      	MOVWF FCD_0f051__00098_1_FCL_IDX
05A4  D7E9      	BRA	label43
05A6            label44
05A6  6A55      	CLRF FC_CAL_UAR_0007A_arg_nChar
05A8  6A56      	CLRF FC_CAL_UAR_0007A_arg_nChar+D'1'
05AA  ECB7F000  	CALL FC_CAL_UAR_0007A
05AE  6855      	SETF FC_CAL_UAR_00079_arg_nTimeout
05B0  ECBFF000  	CALL FC_CAL_UAR_00079
05B4  0012      	RETURN
05B6            ; } FCD_0f051_gLCD_EB076_4D1__Print function end

	ORG 0x000005B6
05B6            FCD_0f051__000B7
05B6            ; { FCD_0f051_gLCD_EB076_4D1__Initialise ; function begin
05B6  6A3F      	CLRF FCD_0f051__000B7_2_ptmp
05B8  9A94      	BCF gbl_trisc,5
05BA  523F      	MOVF FCD_0f051__000B7_2_ptmp, F
05BC  E004      	BZ	label45
05BE  0E20      	MOVLW 0x20
05C0  108B      	IORWF gbl_latc, W
05C2  6E82      	MOVWF gbl_portc
05C4  D003      	BRA	label46
05C6            label45
05C6  0EDF      	MOVLW 0xDF
05C8  148B      	ANDWF gbl_latc, W
05CA  6E82      	MOVWF gbl_portc
05CC            label46
05CC  EC21F001  	CALL FC_CAL_UAR_0007B
05D0  0E64      	MOVLW 0x64
05D2  6E3F      	MOVWF delay_us_00000_arg_del
05D4  EC2EF000  	CALL delay_us_00000
05D8  0E0F      	MOVLW HIGH(gbl_portc+D'0')
05DA  6E40      	MOVWF FC_CAL_Por_00042_arg_Port+D'1'
05DC  0E82      	MOVLW LOW(gbl_portc+D'0')
05DE  6E3F      	MOVWF FC_CAL_Por_00042_arg_Port
05E0  0E0F      	MOVLW HIGH(gbl_trisc+D'0')
05E2  6E42      	MOVWF FC_CAL_Por_00042_arg_Tris+D'1'
05E4  0E94      	MOVLW LOW(gbl_trisc+D'0')
05E6  6E41      	MOVWF FC_CAL_Por_00042_arg_Tris
05E8  0E20      	MOVLW 0x20
05EA  6E43      	MOVWF FC_CAL_Por_00042_arg_InMask
05EC  0E05      	MOVLW 0x05
05EE  6E44      	MOVWF FC_CAL_Por_00042_arg_Shift
05F0  EC72F001  	CALL FC_CAL_Por_00042
05F4  5045      	MOVF CompTempVarRet1822, W
05F6  6E3E      	MOVWF FCD_0f051__000B7_1_FCL_DUMMY
05F8  0E03      	MOVLW 0x03
05FA  6E3F      	MOVWF delay_s_00000_arg_del
05FC  EC33F000  	CALL delay_s_00000
0600  6A55      	CLRF FC_CAL_UAR_00079_arg_nTimeout
0602  ECBFF000  	CALL FC_CAL_UAR_00079
0606  6A55      	CLRF FC_CAL_UAR_00079_arg_nTimeout
0608  ECBFF000  	CALL FC_CAL_UAR_00079
060C  6A55      	CLRF FC_CAL_UAR_00079_arg_nTimeout
060E  ECBFF000  	CALL FC_CAL_UAR_00079
0612  0E55      	MOVLW 0x55
0614  6E55      	MOVWF FC_CAL_UAR_0007A_arg_nChar
0616  6A56      	CLRF FC_CAL_UAR_0007A_arg_nChar+D'1'
0618  ECB7F000  	CALL FC_CAL_UAR_0007A
061C  6855      	SETF FC_CAL_UAR_00079_arg_nTimeout
061E  ECBFF000  	CALL FC_CAL_UAR_00079
0622  0E51      	MOVLW 0x51
0624  6E55      	MOVWF FC_CAL_UAR_0007A_arg_nChar
0626  6A56      	CLRF FC_CAL_UAR_0007A_arg_nChar+D'1'
0628  ECB7F000  	CALL FC_CAL_UAR_0007A
062C  0E0C      	MOVLW 0x0C
062E  6E55      	MOVWF FC_CAL_UAR_0007A_arg_nChar
0630  6A56      	CLRF FC_CAL_UAR_0007A_arg_nChar+D'1'
0632  ECB7F000  	CALL FC_CAL_UAR_0007A
0636  6855      	SETF FC_CAL_UAR_00079_arg_nTimeout
0638  ECBFF000  	CALL FC_CAL_UAR_00079
063C  0E06      	MOVLW 0x06
063E  6E3F      	MOVWF FC_CAL_UAR_00077_arg_new_baud
0640  EC2AF001  	CALL FC_CAL_UAR_00077
0644  0E0A      	MOVLW 0x0A
0646  6E55      	MOVWF FC_CAL_UAR_00079_arg_nTimeout
0648  ECBFF000  	CALL FC_CAL_UAR_00079
064C  0E0A      	MOVLW 0x0A
064E  6E55      	MOVWF FC_CAL_UAR_00079_arg_nTimeout
0650  ECBFF000  	CALL FC_CAL_UAR_00079
0654  6A3B      	CLRF FCD_0f051__000B7_1_FCL_RED
0656  323B      	RRCF FCD_0f051__000B7_1_FCL_RED, F
0658  323B      	RRCF FCD_0f051__000B7_1_FCL_RED, F
065A  323B      	RRCF FCD_0f051__000B7_1_FCL_RED, F
065C  0E1F      	MOVLW 0x1F
065E  163B      	ANDWF FCD_0f051__000B7_1_FCL_RED, F
0660  6A3C      	CLRF FCD_0f051__000B7_1_FCL_GREEN
0662  323C      	RRCF FCD_0f051__000B7_1_FCL_GREEN, F
0664  323C      	RRCF FCD_0f051__000B7_1_FCL_GREEN, F
0666  0E3F      	MOVLW 0x3F
0668  163C      	ANDWF FCD_0f051__000B7_1_FCL_GREEN, F
066A  6A3D      	CLRF FCD_0f051__000B7_1_FCL_BLUE
066C  323D      	RRCF FCD_0f051__000B7_1_FCL_BLUE, F
066E  323D      	RRCF FCD_0f051__000B7_1_FCL_BLUE, F
0670  323D      	RRCF FCD_0f051__000B7_1_FCL_BLUE, F
0672  0E1F      	MOVLW 0x1F
0674  163D      	ANDWF FCD_0f051__000B7_1_FCL_BLUE, F
0676  503C      	MOVF FCD_0f051__000B7_1_FCL_GREEN, W
0678  6E3F      	MOVWF CompTempVar2965
067A  6A28      	CLRF gbl_FCV_0f051_gLCD_EB076_4_0000D+D'1'
067C  363F      	RLCF CompTempVar2965, F
067E  3628      	RLCF gbl_FCV_0f051_gLCD_EB076_4_0000D+D'1', F
0680  363F      	RLCF CompTempVar2965, F
0682  3628      	RLCF gbl_FCV_0f051_gLCD_EB076_4_0000D+D'1', F
0684  363F      	RLCF CompTempVar2965, F
0686  3628      	RLCF gbl_FCV_0f051_gLCD_EB076_4_0000D+D'1', F
0688  363F      	RLCF CompTempVar2965, F
068A  3628      	RLCF gbl_FCV_0f051_gLCD_EB076_4_0000D+D'1', F
068C  363F      	RLCF CompTempVar2965, F
068E  3628      	RLCF gbl_FCV_0f051_gLCD_EB076_4_0000D+D'1', F
0690  0EE0      	MOVLW 0xE0
0692  163F      	ANDWF CompTempVar2965, F
0694  503F      	MOVF CompTempVar2965, W
0696  103D      	IORWF FCD_0f051__000B7_1_FCL_BLUE, W
0698  6E27      	MOVWF gbl_FCV_0f051_gLCD_EB076_4_0000D
069A  6A3F      	CLRF CompTempVar2969
069C  503B      	MOVF FCD_0f051__000B7_1_FCL_RED, W
069E  6E40      	MOVWF CompTempVar2970
06A0  90D8      	BCF STATUS,C
06A2  3640      	RLCF CompTempVar2970, F
06A4  90D8      	BCF STATUS,C
06A6  3640      	RLCF CompTempVar2970, F
06A8  90D8      	BCF STATUS,C
06AA  3640      	RLCF CompTempVar2970, F
06AC  503F      	MOVF CompTempVar2969, W
06AE  1227      	IORWF gbl_FCV_0f051_gLCD_EB076_4_0000D, F
06B0  5040      	MOVF CompTempVar2970, W
06B2  1228      	IORWF gbl_FCV_0f051_gLCD_EB076_4_0000D+D'1', F
06B4  683B      	SETF FCD_0f051__000B7_1_FCL_RED
06B6  323B      	RRCF FCD_0f051__000B7_1_FCL_RED, F
06B8  323B      	RRCF FCD_0f051__000B7_1_FCL_RED, F
06BA  323B      	RRCF FCD_0f051__000B7_1_FCL_RED, F
06BC  0E1F      	MOVLW 0x1F
06BE  163B      	ANDWF FCD_0f051__000B7_1_FCL_RED, F
06C0  683C      	SETF FCD_0f051__000B7_1_FCL_GREEN
06C2  323C      	RRCF FCD_0f051__000B7_1_FCL_GREEN, F
06C4  323C      	RRCF FCD_0f051__000B7_1_FCL_GREEN, F
06C6  0E3F      	MOVLW 0x3F
06C8  163C      	ANDWF FCD_0f051__000B7_1_FCL_GREEN, F
06CA  683D      	SETF FCD_0f051__000B7_1_FCL_BLUE
06CC  323D      	RRCF FCD_0f051__000B7_1_FCL_BLUE, F
06CE  323D      	RRCF FCD_0f051__000B7_1_FCL_BLUE, F
06D0  323D      	RRCF FCD_0f051__000B7_1_FCL_BLUE, F
06D2  0E1F      	MOVLW 0x1F
06D4  163D      	ANDWF FCD_0f051__000B7_1_FCL_BLUE, F
06D6  503C      	MOVF FCD_0f051__000B7_1_FCL_GREEN, W
06D8  6E3F      	MOVWF CompTempVar2976
06DA  6A26      	CLRF gbl_FCV_0f051_gLCD_EB076_4_0000C+D'1'
06DC  363F      	RLCF CompTempVar2976, F
06DE  3626      	RLCF gbl_FCV_0f051_gLCD_EB076_4_0000C+D'1', F
06E0  363F      	RLCF CompTempVar2976, F
06E2  3626      	RLCF gbl_FCV_0f051_gLCD_EB076_4_0000C+D'1', F
06E4  363F      	RLCF CompTempVar2976, F
06E6  3626      	RLCF gbl_FCV_0f051_gLCD_EB076_4_0000C+D'1', F
06E8  363F      	RLCF CompTempVar2976, F
06EA  3626      	RLCF gbl_FCV_0f051_gLCD_EB076_4_0000C+D'1', F
06EC  363F      	RLCF CompTempVar2976, F
06EE  3626      	RLCF gbl_FCV_0f051_gLCD_EB076_4_0000C+D'1', F
06F0  0EE0      	MOVLW 0xE0
06F2  163F      	ANDWF CompTempVar2976, F
06F4  503F      	MOVF CompTempVar2976, W
06F6  103D      	IORWF FCD_0f051__000B7_1_FCL_BLUE, W
06F8  6E25      	MOVWF gbl_FCV_0f051_gLCD_EB076_4_0000C
06FA  6A3F      	CLRF CompTempVar2980
06FC  503B      	MOVF FCD_0f051__000B7_1_FCL_RED, W
06FE  6E40      	MOVWF CompTempVar2981
0700  90D8      	BCF STATUS,C
0702  3640      	RLCF CompTempVar2981, F
0704  90D8      	BCF STATUS,C
0706  3640      	RLCF CompTempVar2981, F
0708  90D8      	BCF STATUS,C
070A  3640      	RLCF CompTempVar2981, F
070C  503F      	MOVF CompTempVar2980, W
070E  1225      	IORWF gbl_FCV_0f051_gLCD_EB076_4_0000C, F
0710  5040      	MOVF CompTempVar2981, W
0712  1226      	IORWF gbl_FCV_0f051_gLCD_EB076_4_0000C+D'1', F
0714  EC48F002  	CALL FCD_0f051__000AC
0718  0E0A      	MOVLW 0x0A
071A  6E55      	MOVWF FC_CAL_UAR_00079_arg_nTimeout
071C  ECBFF000  	CALL FC_CAL_UAR_00079
0720  0E0A      	MOVLW 0x0A
0722  6E55      	MOVWF FC_CAL_UAR_00079_arg_nTimeout
0724  ECBFF000  	CALL FC_CAL_UAR_00079
0728  0012      	RETURN
072A            ; } FCD_0f051_gLCD_EB076_4D1__Initialise function end

	ORG 0x0000072A
072A            FCD_0f051__00096
072A            ; { FCD_0f051_gLCD_EB076_4D1__PrintNumber ; function begin
072A  503B      	MOVF FCD_0f051__00096_arg_FCL_NUMBER, W
072C  6E49      	MOVWF FCI_TOSTRI_0004F_arg_iSrc1
072E  503C      	MOVF FCD_0f051__00096_arg_FCL_NUMBER+D'1', W
0730  6E4A      	MOVWF FCI_TOSTRI_0004F_arg_iSrc1+D'1'
0732  6A4B      	CLRF FCI_TOSTRI_0004F_arg_iSrc1+D'2'
0734  6A4C      	CLRF FCI_TOSTRI_0004F_arg_iSrc1+D'3'
0736  AE3C      	BTFSS FCD_0f051__00096_arg_FCL_NUMBER+D'1',7
0738  D002      	BRA	label47
073A  064B      	DECF FCI_TOSTRI_0004F_arg_iSrc1+D'2', F
073C  064C      	DECF FCI_TOSTRI_0004F_arg_iSrc1+D'3', F
073E            label47
073E  0E00      	MOVLW HIGH(FCD_0f051__00096_1_FCL_TEMP+D'0')
0740  6E4E      	MOVWF FCI_TOSTRI_0004F_arg_sDst+D'1'
0742  0E43      	MOVLW LOW(FCD_0f051__00096_1_FCL_TEMP+D'0')
0744  6E4D      	MOVWF FCI_TOSTRI_0004F_arg_sDst
0746  0E06      	MOVLW 0x06
0748  6E4F      	MOVWF FCI_TOSTRI_0004F_arg_iDst_len
074A  EC8AF001  	CALL FCI_TOSTRI_0004F
074E  0E00      	MOVLW HIGH(FCD_0f051__00096_1_FCL_TEMP+D'0')
0750  6E4A      	MOVWF FCD_0f051__00098_arg_FCL_STR+D'1'
0752  0E43      	MOVLW LOW(FCD_0f051__00096_1_FCL_TEMP+D'0')
0754  6E49      	MOVWF FCD_0f051__00098_arg_FCL_STR
0756  0E06      	MOVLW 0x06
0758  6E4B      	MOVWF FCD_0f051__00098_arg_FCLsz_STR
075A  6A4C      	CLRF FCD_0f051__00098_arg_FCLsz_STR+D'1'
075C  503D      	MOVF FCD_0f051__00096_arg_FCL_X, W
075E  6E4D      	MOVWF FCD_0f051__00098_arg_FCL_X1
0760  503E      	MOVF FCD_0f051__00096_arg_FCL_X+D'1', W
0762  6E4E      	MOVWF FCD_0f051__00098_arg_FCL_X1+D'1'
0764  503F      	MOVF FCD_0f051__00096_arg_FCL_Y, W
0766  6E4F      	MOVWF FCD_0f051__00098_arg_FCL_Y1
0768  5040      	MOVF FCD_0f051__00096_arg_FCL_Y+D'1', W
076A  6E50      	MOVWF FCD_0f051__00098_arg_FCL_Y1+D'1'
076C  5041      	MOVF FCD_0f051__00096_arg_FCL_FONT, W
076E  6E51      	MOVWF FCD_0f051__00098_arg_FCL_FONT
0770  5042      	MOVF FCD_0f051__00096_arg_FCL_T_00097, W
0772  6E52      	MOVWF FCD_0f051__00098_arg_FCL_T_00099
0774  EC68F002  	CALL FCD_0f051__00098
0778  0012      	RETURN
077A            ; } FCD_0f051_gLCD_EB076_4D1__PrintNumber function end

	ORG 0x0000077A
077A            main
077A            ; { main ; function begin
077A  0E0F      	MOVLW 0x0F
077C  6EC1      	MOVWF gbl_adcon1
077E  ECDBF002  	CALL FCD_0f051__000B7
0782            label48
0782  501F      	MOVF gbl_FCV_VAR, W
0784  6E3B      	MOVWF FCD_0f051__00096_arg_FCL_NUMBER
0786  5020      	MOVF gbl_FCV_VAR+D'1', W
0788  6E3C      	MOVWF FCD_0f051__00096_arg_FCL_NUMBER+D'1'
078A  0E0A      	MOVLW 0x0A
078C  6E3D      	MOVWF FCD_0f051__00096_arg_FCL_X
078E  6A3E      	CLRF FCD_0f051__00096_arg_FCL_X+D'1'
0790  0E14      	MOVLW 0x14
0792  6E3F      	MOVWF FCD_0f051__00096_arg_FCL_Y
0794  6A40      	CLRF FCD_0f051__00096_arg_FCL_Y+D'1'
0796  0E01      	MOVLW 0x01
0798  6E41      	MOVWF FCD_0f051__00096_arg_FCL_FONT
079A  6E42      	MOVWF FCD_0f051__00096_arg_FCL_T_00097
079C  EC95F003  	CALL FCD_0f051__00096
07A0  521F      	MOVF gbl_FCV_VAR, F
07A2  5220      	MOVF gbl_FCV_VAR+D'1', F
07A4  2A1F      	INCF gbl_FCV_VAR, F
07A6  B4D8      	BTFSC STATUS,Z
07A8  2A20      	INCF gbl_FCV_VAR+D'1', F
07AA  D7EB      	BRA	label48
07AC            ; } main function end

	ORG 0x000007AC
07AC            _startup
07AC  0ED5      	MOVLW 0xD5
07AE  6E05      	MOVWF gbl_14_LSR
07B0  0EC4      	MOVLW 0xC4
07B2  6E06      	MOVWF gbl_14_LSR+D'1'
07B4  0EBB      	MOVLW 0xBB
07B6  6E07      	MOVWF gbl_14_LSR+D'2'
07B8  0EDC      	MOVLW 0xDC
07BA  6E08      	MOVWF gbl_14_LSR+D'3'
07BC  6A09      	CLRF gbl_15_gbl_aSig
07BE  6A0A      	CLRF gbl_15_gbl_aSig+D'1'
07C0  6A0B      	CLRF gbl_15_gbl_aSig+D'2'
07C2  6A0C      	CLRF gbl_15_gbl_aSig+D'3'
07C4  6A0D      	CLRF gbl_15_gbl_bSig
07C6  6A0E      	CLRF gbl_15_gbl_bSig+D'1'
07C8  6A0F      	CLRF gbl_15_gbl_bSig+D'2'
07CA  6A10      	CLRF gbl_15_gbl_bSig+D'3'
07CC  6A11      	CLRF gbl_15_gbl_zSig
07CE  6A12      	CLRF gbl_15_gbl_zSig+D'1'
07D0  6A13      	CLRF gbl_15_gbl_zSig+D'2'
07D2  6A14      	CLRF gbl_15_gbl_zSig+D'3'
07D4  6A2C      	CLRF gbl_15_gbl_aExp
07D6  6A2D      	CLRF gbl_15_gbl_bExp
07D8  6A1D      	CLRF gbl_15_gbl_zExp
07DA  6A1E      	CLRF gbl_15_gbl_zExp+D'1'
07DC  6A2E      	CLRF gbl_15_gbl_aSign
07DE  6A2F      	CLRF gbl_15_gbl_bSign
07E0  6A30      	CLRF gbl_15_gbl_zSign
07E2  6A31      	CLRF gbl_15_gbl_zSigZero
07E4  6A15      	CLRF gbl_15_gbl_ret
07E6  6A16      	CLRF gbl_15_gbl_ret+D'1'
07E8  6A17      	CLRF gbl_15_gbl_ret+D'2'
07EA  6A18      	CLRF gbl_15_gbl_ret+D'3'
07EC  6A2A      	CLRF gbl_float_rounding_mode
07EE  6A2B      	CLRF gbl_float_exception_flags
07F0  6A29      	CLRF gbl_float_detect_tininess
07F2  6A1F      	CLRF gbl_FCV_VAR
07F4  6A20      	CLRF gbl_FCV_VAR+D'1'
07F6  6A21      	CLRF gbl_FCV_Y
07F8  6A22      	CLRF gbl_FCV_Y+D'1'
07FA  6A23      	CLRF gbl_FCV_X
07FC  6A24      	CLRF gbl_FCV_X+D'1'
07FE  0E00      	MOVLW 0x00
0800  6E32      	MOVWF gbl_FCD_00fb8_ASCII6__INTL_00000
0802  0E01      	MOVLW 0x01
0804  6E33      	MOVWF gbl_FCD_00fb7_ASCII7__INTL_00001
0806  0E02      	MOVLW 0x02
0808  6E34      	MOVWF gbl_FCD_00fb6_ASCII5__INTL_00002
080A  0E03      	MOVLW 0x03
080C  6E35      	MOVWF gbl_FCD_00fb5_ASCII4__INTL_00003
080E  0E04      	MOVLW 0x04
0810  6E36      	MOVWF gbl_FCD_00fb4_ASCII3__INTL_00004
0812  0E05      	MOVLW 0x05
0814  6E37      	MOVWF gbl_FCD_00fb3_ASCII2__INTL_00005
0816  0E06      	MOVLW 0x06
0818  6E38      	MOVWF gbl_FCD_00fb2_ASCII1__INTL_00006
081A  0E07      	MOVLW 0x07
081C  6E39      	MOVWF gbl_FCD_00fb1_ASCII0__INTL_00007
081E  6A19      	CLRF gbl_FCV_0ba71_Base_GLCD__P_00009
0820  6A1A      	CLRF gbl_FCV_0ba71_Base_GLCD__P_00009+D'1'
0822  6A1B      	CLRF gbl_FCV_0ba71_Base_GLCD__P_00009+D'2'
0824  6A1C      	CLRF gbl_FCV_0ba71_Base_GLCD__P_00009+D'3'
0826  6A3A      	CLRF gbl_FCV_0ba71_Base_GLCD__O_0000B
0828  EFBDF003  	GOTO	main
	ORG 0x0000082C
082C            interrupt
082C            ; { interrupt ; function begin
082C  CFEAF001  	MOVFF FSR0H,  Int1Context
0830  CFE9F002  	MOVFF FSR0L,  Int1Context+D'1'
0834  CFF4F003  	MOVFF PRODH,  Int1Context+D'2'
0838  CFF3F004  	MOVFF PRODL,  Int1Context+D'3'
083C  C004FFF3  	MOVFF Int1Context+D'3',  PRODL
0840  C003FFF4  	MOVFF Int1Context+D'2',  PRODH
0844  C002FFE9  	MOVFF Int1Context+D'1',  FSR0L
0848  C001FFEA  	MOVFF Int1Context,  FSR0H
084C  0011      	RETFIE 1
084E            ; } interrupt function end

	ORG 0x00300000
300000  32FF      	DW 0x32FF
300002  FEF9      	DW 0xFEF9
300004  79FF      	DW 0x79FF
300006  FFBA      	DW 0xFFBA
300008  FFFF      	DW 0xFFFF
30000A  FFFF      	DW 0xFFFF
30000C  FFFF      	DW 0xFFFF
